[0.007s] Invoking command in '/home/tomoni11/Documents/ROS2/study_ws/build/ransac_pkg': CMAKE_PREFIX_PATH=/home/tomoni11/Documents/ROS2/study_ws/install/study_interface:/home/tomoni11/Documents/ROS2/study_ws/install/ransac_pkg:/home/tomoni11/Documents/ROS2/study_ws/install/make_cloud_pkg:/home/tomoni11/Documents/ROS2/study_ws/install/interface_pkg:/opt/ros/jazzy/opt/gz_sim_vendor:/opt/ros/jazzy/opt/gz_sensors_vendor:/opt/ros/jazzy/opt/gz_physics_vendor:/opt/ros/jazzy/opt/sdformat_vendor:/opt/ros/jazzy/opt/gz_gui_vendor:/opt/ros/jazzy/opt/gz_transport_vendor:/opt/ros/jazzy/opt/gz_rendering_vendor:/opt/ros/jazzy/opt/gz_plugin_vendor:/opt/ros/jazzy/opt/gz_fuel_tools_vendor:/opt/ros/jazzy/opt/gz_msgs_vendor:/opt/ros/jazzy/opt/gz_common_vendor:/opt/ros/jazzy/opt/gz_math_vendor:/opt/ros/jazzy/opt/gz_utils_vendor:/opt/ros/jazzy/opt/gz_tools_vendor:/opt/ros/jazzy/opt/gz_ogre_next_vendor:/opt/ros/jazzy/opt/gz_dartsim_vendor:/opt/ros/jazzy/opt/gz_cmake_vendor:/opt/ros/jazzy DEBUGINFOD_URLS=https://debuginfod.ubuntu.com /usr/bin/cmake --build /home/tomoni11/Documents/ROS2/study_ws/build/ransac_pkg -- -j24 -l24
[0.068s] [ 50%] [32mBuilding CXX object CMakeFiles/circle.dir/src/circle_main.cpp.o[0m
[1.860s] In file included from [01m[K/home/tomoni11/Documents/ROS2/study_ws/src/ransac_pkg/src/circle_main.cpp:3[m[K:
[1.861s] [01m[K/home/tomoni11/Documents/ROS2/study_ws/src/ransac_pkg/include/ransac_pkg/ransac.hpp:18:62:[m[K [01;31m[Kerror: [m[Kredefinition of ‚Äò[01m[Kdouble b[m[K‚Äô
[1.861s]    18 |       double find_error(double a, double b, double c, [01;31m[Kdouble b[m[K, double _x, double _y) const;
[1.861s]       |                                                       [01;31m[K~~~~~~~^[m[K
[1.861s] [01m[K/home/tomoni11/Documents/ROS2/study_ws/src/ransac_pkg/include/ransac_pkg/ransac.hpp:18:42:[m[K [01;36m[Knote: [m[K‚Äò[01m[Kdouble b[m[K‚Äô previously declared here
[1.861s]    18 |       double find_error(double a, [01;36m[Kdouble b[m[K, double c, double b, double _x, double _y) const;
[1.861s]       |                                   [01;36m[K~~~~~~~^[m[K
[1.861s] In file included from [01m[K/home/tomoni11/Documents/ROS2/study_ws/src/ransac_pkg/include/ransac_pkg/circle_ransac.cpp:1[m[K,
[1.861s]                  from [01m[K/home/tomoni11/Documents/ROS2/study_ws/src/ransac_pkg/src/circle_main.cpp:4[m[K:
[1.861s] [01m[K/home/tomoni11/Documents/ROS2/study_ws/src/ransac_pkg/include/ransac_pkg/ransac.hpp:6:8:[m[K [01;31m[Kerror: [m[Kredefinition of ‚Äò[01m[Kstruct circle[m[K‚Äô
[1.861s]     6 | struct [01;31m[Kcircle[m[K // ‰∏ÄËà¨ÂΩ¢„ÅßË°®„Åô
[1.861s]       |        [01;31m[K^~~~~~[m[K
[1.861s] [01m[K/home/tomoni11/Documents/ROS2/study_ws/src/ransac_pkg/include/ransac_pkg/ransac.hpp:6:8:[m[K [01;36m[Knote: [m[Kprevious definition of ‚Äò[01m[Kstruct circle[m[K‚Äô
[1.861s]     6 | struct [01;36m[Kcircle[m[K // ‰∏ÄËà¨ÂΩ¢„ÅßË°®„Åô
[1.861s]       |        [01;36m[K^~~~~~[m[K
[1.861s] [01m[K/home/tomoni11/Documents/ROS2/study_ws/src/ransac_pkg/include/ransac_pkg/ransac.hpp:11:7:[m[K [01;31m[Kerror: [m[Kredefinition of ‚Äò[01m[Kclass RANSAC[m[K‚Äô
[1.861s]    11 | class [01;31m[KRANSAC[m[K
[1.861s]       |       [01;31m[K^~~~~~[m[K
[1.861s] [01m[K/home/tomoni11/Documents/ROS2/study_ws/src/ransac_pkg/include/ransac_pkg/ransac.hpp:11:7:[m[K [01;36m[Knote: [m[Kprevious definition of ‚Äò[01m[Kclass RANSAC[m[K‚Äô
[1.861s]    11 | class [01;36m[KRANSAC[m[K
[1.861s]       |       [01;36m[K^~~~~~[m[K
[1.861s] [01m[K/home/tomoni11/Documents/ROS2/study_ws/src/ransac_pkg/include/ransac_pkg/circle_ransac.cpp:7:1:[m[K [01;31m[Kerror: [m[KISO C++ forbids declaration of ‚Äò[01m[Kransac[m[K‚Äô with no type [[01;31m[K]8;;https://gcc.gnu.org/onlinedocs/gcc/Warning-Options.html#index-fpermissive-fpermissive]8;;[m[K]
[1.861s]     7 | [01;31m[KRANSAC[m[K::ransac(std::vector<double> _x, std::vector<double> _y)
[1.861s]       | [01;31m[K^~~~~~[m[K
[1.861s] [01m[K/home/tomoni11/Documents/ROS2/study_ws/src/ransac_pkg/include/ransac_pkg/circle_ransac.cpp:7:1:[m[K [01;31m[Kerror: [m[Kno declaration matches ‚Äò[01m[Kint RANSAC::[01;32m[Kransac[m[K(std::vector<double, std::allocator<double> >, std::vector<double, std::allocator<double> >)[m[K‚Äô
[1.862s] [01m[K/home/tomoni11/Documents/ROS2/study_ws/src/ransac_pkg/include/ransac_pkg/ransac.hpp:15:14:[m[K [01;36m[Knote: [m[Kcandidate is: ‚Äò[01m[Kcircle RANSAC::[01;32m[Kransac[m[K(std::vector<double, std::allocator<double> >, std::vector<double, std::allocator<double> >)[m[K‚Äô
[1.862s]    15 |       circle [01;36m[Kransac[m[K(std::vector<double> _x, std::vector<double> _y);
[1.862s]       |              [01;36m[K^~~~~~[m[K
[1.862s] [01m[K/home/tomoni11/Documents/ROS2/study_ws/src/ransac_pkg/include/ransac_pkg/ransac.hpp:11:7:[m[K [01;36m[Knote: [m[K‚Äò[01m[Kclass RANSAC[m[K‚Äô defined here
[1.862s]    11 | class [01;36m[KRANSAC[m[K
[1.862s]       |       [01;36m[K^~~~~~[m[K
[1.862s] [01m[K/home/tomoni11/Documents/ROS2/study_ws/src/ransac_pkg/include/ransac_pkg/circle_ransac.cpp:11:57:[m[K [01;31m[Kerror: [m[Kredefinition of ‚Äò[01m[Kdouble b[m[K‚Äô
[1.862s]    11 | RANSAC::find_error(double a, double b, double c, [01;31m[Kdouble b[m[K, double _x, double _y) const
[1.862s]       |                                                  [01;31m[K~~~~~~~^[m[K
[1.862s] [01m[K/home/tomoni11/Documents/ROS2/study_ws/src/ransac_pkg/include/ransac_pkg/circle_ransac.cpp:11:37:[m[K [01;36m[Knote: [m[K‚Äò[01m[Kdouble b[m[K‚Äô previously declared here
[1.862s]    11 | RANSAC::find_error(double a, [01;36m[Kdouble b[m[K, double c, double b, double _x, double _y) const
[1.862s]       |                              [01;36m[K~~~~~~~^[m[K
[1.862s] [01m[K/home/tomoni11/Documents/ROS2/study_ws/src/ransac_pkg/include/ransac_pkg/circle_ransac.cpp:11:1:[m[K [01;31m[Kerror: [m[KISO C++ forbids declaration of ‚Äò[01m[Kfind_error[m[K‚Äô with no type [[01;31m[K]8;;https://gcc.gnu.org/onlinedocs/gcc/Warning-Options.html#index-fpermissive-fpermissive]8;;[m[K]
[1.862s]    11 | [01;31m[KRANSAC[m[K::find_error(double a, double b, double c, double b, double _x, double _y) const
[1.862s]       | [01;31m[K^~~~~~[m[K
[1.862s] [01m[K/home/tomoni11/Documents/ROS2/study_ws/src/ransac_pkg/include/ransac_pkg/circle_ransac.cpp:11:1:[m[K [01;31m[Kerror: [m[Kno declaration matches ‚Äò[01m[Kint RANSAC::[01;32m[Kfind_error[m[K(...) const[m[K‚Äô
[1.862s] [01m[K/home/tomoni11/Documents/ROS2/study_ws/src/ransac_pkg/include/ransac_pkg/ransac.hpp:18:14:[m[K [01;36m[Knote: [m[Kcandidate is: ‚Äò[01m[Kdouble RANSAC::[01;32m[Kfind_error[m[K(...) const[m[K‚Äô
[1.862s]    18 |       double [01;36m[Kfind_error[m[K(double a, double b, double c, double b, double _x, double _y) const;
[1.862s]       |              [01;36m[K^~~~~~~~~~[m[K
[1.862s] [01m[K/home/tomoni11/Documents/ROS2/study_ws/src/ransac_pkg/include/ransac_pkg/ransac.hpp:11:7:[m[K [01;36m[Knote: [m[K‚Äò[01m[Kclass RANSAC[m[K‚Äô defined here
[1.862s]    11 | class [01;36m[KRANSAC[m[K
[1.862s]       |       [01;36m[K^~~~~~[m[K
[3.655s] gmake[2]: *** [CMakeFiles/circle.dir/build.make:76: CMakeFiles/circle.dir/src/circle_main.cpp.o] „Ç®„É©„Éº 1
[3.655s] gmake[1]: *** [CMakeFiles/Makefile2:137: CMakeFiles/circle.dir/all] „Ç®„É©„Éº 2
[3.655s] gmake: *** [Makefile:146: all] „Ç®„É©„Éº 2
[3.657s] Invoked command in '/home/tomoni11/Documents/ROS2/study_ws/build/ransac_pkg' returned '2': CMAKE_PREFIX_PATH=/home/tomoni11/Documents/ROS2/study_ws/install/study_interface:/home/tomoni11/Documents/ROS2/study_ws/install/ransac_pkg:/home/tomoni11/Documents/ROS2/study_ws/install/make_cloud_pkg:/home/tomoni11/Documents/ROS2/study_ws/install/interface_pkg:/opt/ros/jazzy/opt/gz_sim_vendor:/opt/ros/jazzy/opt/gz_sensors_vendor:/opt/ros/jazzy/opt/gz_physics_vendor:/opt/ros/jazzy/opt/sdformat_vendor:/opt/ros/jazzy/opt/gz_gui_vendor:/opt/ros/jazzy/opt/gz_transport_vendor:/opt/ros/jazzy/opt/gz_rendering_vendor:/opt/ros/jazzy/opt/gz_plugin_vendor:/opt/ros/jazzy/opt/gz_fuel_tools_vendor:/opt/ros/jazzy/opt/gz_msgs_vendor:/opt/ros/jazzy/opt/gz_common_vendor:/opt/ros/jazzy/opt/gz_math_vendor:/opt/ros/jazzy/opt/gz_utils_vendor:/opt/ros/jazzy/opt/gz_tools_vendor:/opt/ros/jazzy/opt/gz_ogre_next_vendor:/opt/ros/jazzy/opt/gz_dartsim_vendor:/opt/ros/jazzy/opt/gz_cmake_vendor:/opt/ros/jazzy DEBUGINFOD_URLS=https://debuginfod.ubuntu.com /usr/bin/cmake --build /home/tomoni11/Documents/ROS2/study_ws/build/ransac_pkg -- -j24 -l24
