[0.006s] Invoking command in '/home/tomoni11/Documents/ROS2/study_ws/build/ransac_pkg': CMAKE_PREFIX_PATH=/home/tomoni11/Documents/ROS2/study_ws/install/study_interface:/home/tomoni11/Documents/ROS2/study_ws/install/ransac_pkg:/home/tomoni11/Documents/ROS2/study_ws/install/make_cloud_pkg:/home/tomoni11/Documents/ROS2/study_ws/install/interface_pkg:/opt/ros/jazzy/opt/gz_sim_vendor:/opt/ros/jazzy/opt/gz_sensors_vendor:/opt/ros/jazzy/opt/gz_physics_vendor:/opt/ros/jazzy/opt/sdformat_vendor:/opt/ros/jazzy/opt/gz_gui_vendor:/opt/ros/jazzy/opt/gz_transport_vendor:/opt/ros/jazzy/opt/gz_rendering_vendor:/opt/ros/jazzy/opt/gz_plugin_vendor:/opt/ros/jazzy/opt/gz_fuel_tools_vendor:/opt/ros/jazzy/opt/gz_msgs_vendor:/opt/ros/jazzy/opt/gz_common_vendor:/opt/ros/jazzy/opt/gz_math_vendor:/opt/ros/jazzy/opt/gz_utils_vendor:/opt/ros/jazzy/opt/gz_tools_vendor:/opt/ros/jazzy/opt/gz_ogre_next_vendor:/opt/ros/jazzy/opt/gz_dartsim_vendor:/opt/ros/jazzy/opt/gz_cmake_vendor:/opt/ros/jazzy DEBUGINFOD_URLS=https://debuginfod.ubuntu.com /usr/bin/cmake --build /home/tomoni11/Documents/ROS2/study_ws/build/ransac_pkg -- -j24 -l24
[0.060s] [ 50%] [32mBuilding CXX object CMakeFiles/circle.dir/src/circle_main.cpp.o[0m
[0.061s] [ 75%] Built target circle_drower
[1.960s] In file included from [01m[K/home/tomoni11/Documents/ROS2/study_ws/src/ransac_pkg/src/circle_main.cpp:7[m[K:
[1.960s] [01m[K/home/tomoni11/Documents/ROS2/study_ws/src/ransac_pkg/include/ransac_pkg/circle_ransac.cpp:149:8:[m[K [01;31m[Kerror: [m[Kno declaration matches â€˜[01m[Kdouble RANSAC::[01;32m[Kfind_error[m[K(circle&, double&, double&) const[m[Kâ€™
[1.960s]   149 | double [01;31m[KRANSAC[m[K::find_error(circle &circle, double &_x, double &_y) const
[1.960s]       |        [01;31m[K^~~~~~[m[K
[1.960s] In file included from [01m[K/home/tomoni11/Documents/ROS2/study_ws/src/ransac_pkg/src/circle_main.cpp:6[m[K:
[1.960s] [01m[K/home/tomoni11/Documents/ROS2/study_ws/src/ransac_pkg/include/ransac_pkg/ransac.hpp:52:14:[m[K [01;36m[Knote: [m[Kcandidates are: â€˜[01m[Kdouble RANSAC::[01;32m[Kfind_error[m[K(line, double, double) const[m[Kâ€™
[1.960s]    52 |       double [01;36m[Kfind_error[m[K(line line_segment, double _x, double _y) const;
[1.960s]       |              [01;36m[K^~~~~~~~~~[m[K
[1.960s] [01m[K/home/tomoni11/Documents/ROS2/study_ws/src/ransac_pkg/include/ransac_pkg/ransac.hpp:51:14:[m[K [01;36m[Knote: [m[K                â€˜[01m[Kdouble RANSAC::[01;32m[Kfind_error[m[K(circle, double, double) const[m[Kâ€™
[1.960s]    51 |       double [01;36m[Kfind_error[m[K(circle circle, double _x, double _y) const;
[1.960s]       |              [01;36m[K^~~~~~~~~~[m[K
[1.960s] [01m[K/home/tomoni11/Documents/ROS2/study_ws/src/ransac_pkg/include/ransac_pkg/ransac.hpp:40:7:[m[K [01;36m[Knote: [m[Kâ€˜[01m[Kclass RANSAC[m[Kâ€™ defined here
[1.960s]    40 | class [01;36m[KRANSAC[m[K
[1.960s]       |       [01;36m[K^~~~~~[m[K
[1.960s] [01m[K/home/tomoni11/Documents/ROS2/study_ws/src/ransac_pkg/include/ransac_pkg/circle_ransac.cpp:154:8:[m[K [01;31m[Kerror: [m[Kno declaration matches â€˜[01m[Kdouble RANSAC::[01;32m[Kfind_error[m[K(line&, double&, double&) const[m[Kâ€™
[1.960s]   154 | double [01;31m[KRANSAC[m[K::find_error(line &line, double &_x, double &_y) const
[1.961s]       |        [01;31m[K^~~~~~[m[K
[1.961s] [01m[K/home/tomoni11/Documents/ROS2/study_ws/src/ransac_pkg/include/ransac_pkg/ransac.hpp:52:14:[m[K [01;36m[Knote: [m[Kcandidates are: â€˜[01m[Kdouble RANSAC::[01;32m[Kfind_error[m[K(line, double, double) const[m[Kâ€™
[1.961s]    52 |       double [01;36m[Kfind_error[m[K(line line_segment, double _x, double _y) const;
[1.961s]       |              [01;36m[K^~~~~~~~~~[m[K
[1.961s] [01m[K/home/tomoni11/Documents/ROS2/study_ws/src/ransac_pkg/include/ransac_pkg/ransac.hpp:51:14:[m[K [01;36m[Knote: [m[K                â€˜[01m[Kdouble RANSAC::[01;32m[Kfind_error[m[K(circle, double, double) const[m[Kâ€™
[1.961s]    51 |       double [01;36m[Kfind_error[m[K(circle circle, double _x, double _y) const;
[1.961s]       |              [01;36m[K^~~~~~~~~~[m[K
[1.961s] [01m[K/home/tomoni11/Documents/ROS2/study_ws/src/ransac_pkg/include/ransac_pkg/ransac.hpp:40:7:[m[K [01;36m[Knote: [m[Kâ€˜[01m[Kclass RANSAC[m[Kâ€™ defined here
[1.961s]    40 | class [01;36m[KRANSAC[m[K
[1.961s]       |       [01;36m[K^~~~~~[m[K
[4.023s] gmake[2]: *** [CMakeFiles/circle.dir/build.make:76: CMakeFiles/circle.dir/src/circle_main.cpp.o] ã‚¨ãƒ©ãƒ¼ 1
[4.023s] gmake[1]: *** [CMakeFiles/Makefile2:139: CMakeFiles/circle.dir/all] ã‚¨ãƒ©ãƒ¼ 2
[4.024s] gmake: *** [Makefile:146: all] ã‚¨ãƒ©ãƒ¼ 2
[4.026s] Invoked command in '/home/tomoni11/Documents/ROS2/study_ws/build/ransac_pkg' returned '2': CMAKE_PREFIX_PATH=/home/tomoni11/Documents/ROS2/study_ws/install/study_interface:/home/tomoni11/Documents/ROS2/study_ws/install/ransac_pkg:/home/tomoni11/Documents/ROS2/study_ws/install/make_cloud_pkg:/home/tomoni11/Documents/ROS2/study_ws/install/interface_pkg:/opt/ros/jazzy/opt/gz_sim_vendor:/opt/ros/jazzy/opt/gz_sensors_vendor:/opt/ros/jazzy/opt/gz_physics_vendor:/opt/ros/jazzy/opt/sdformat_vendor:/opt/ros/jazzy/opt/gz_gui_vendor:/opt/ros/jazzy/opt/gz_transport_vendor:/opt/ros/jazzy/opt/gz_rendering_vendor:/opt/ros/jazzy/opt/gz_plugin_vendor:/opt/ros/jazzy/opt/gz_fuel_tools_vendor:/opt/ros/jazzy/opt/gz_msgs_vendor:/opt/ros/jazzy/opt/gz_common_vendor:/opt/ros/jazzy/opt/gz_math_vendor:/opt/ros/jazzy/opt/gz_utils_vendor:/opt/ros/jazzy/opt/gz_tools_vendor:/opt/ros/jazzy/opt/gz_ogre_next_vendor:/opt/ros/jazzy/opt/gz_dartsim_vendor:/opt/ros/jazzy/opt/gz_cmake_vendor:/opt/ros/jazzy DEBUGINFOD_URLS=https://debuginfod.ubuntu.com /usr/bin/cmake --build /home/tomoni11/Documents/ROS2/study_ws/build/ransac_pkg -- -j24 -l24
