[0.007s] Invoking command in '/home/tomoni11/Documents/ROS2/study_ws/build/ransac_pkg': CMAKE_PREFIX_PATH=/home/tomoni11/Documents/ROS2/study_ws/install/study_interface:/home/tomoni11/Documents/ROS2/study_ws/install/ransac_pkg:/home/tomoni11/Documents/ROS2/study_ws/install/make_cloud_pkg:/home/tomoni11/Documents/ROS2/study_ws/install/interface_pkg:/opt/ros/jazzy/opt/gz_sim_vendor:/opt/ros/jazzy/opt/gz_sensors_vendor:/opt/ros/jazzy/opt/gz_physics_vendor:/opt/ros/jazzy/opt/sdformat_vendor:/opt/ros/jazzy/opt/gz_gui_vendor:/opt/ros/jazzy/opt/gz_transport_vendor:/opt/ros/jazzy/opt/gz_rendering_vendor:/opt/ros/jazzy/opt/gz_plugin_vendor:/opt/ros/jazzy/opt/gz_fuel_tools_vendor:/opt/ros/jazzy/opt/gz_msgs_vendor:/opt/ros/jazzy/opt/gz_common_vendor:/opt/ros/jazzy/opt/gz_math_vendor:/opt/ros/jazzy/opt/gz_utils_vendor:/opt/ros/jazzy/opt/gz_tools_vendor:/opt/ros/jazzy/opt/gz_ogre_next_vendor:/opt/ros/jazzy/opt/gz_dartsim_vendor:/opt/ros/jazzy/opt/gz_cmake_vendor:/opt/ros/jazzy DEBUGINFOD_URLS=https://debuginfod.ubuntu.com /usr/bin/cmake --build /home/tomoni11/Documents/ROS2/study_ws/build/ransac_pkg -- -j24 -l24
[0.062s] [ 50%] [32mBuilding CXX object CMakeFiles/circle.dir/src/circle_main.cpp.o[0m
[1.525s] [01m[K/home/tomoni11/Documents/ROS2/study_ws/src/ransac_pkg/src/circle_main.cpp:[m[K In member function â€˜[01m[Kvoid CircleRansac::[01;32m[KtopicCallback[m[K(study_interface::msg::Cloud_<std::allocator<void> >::SharedPtr)[m[Kâ€™:
[1.525s] [01m[K/home/tomoni11/Documents/ROS2/study_ws/src/ransac_pkg/src/circle_main.cpp:23:20:[m[K [01;31m[Kerror: [m[Kno matching function for call to â€˜[01m[KRANSAC::RANSAC()[m[Kâ€™
[1.525s]    23 |             RANSAC [01;31m[Kransac_device[m[K;
[1.525s]       |                    [01;31m[K^~~~~~~~~~~~~[m[K
[1.525s] In file included from [01m[K/home/tomoni11/Documents/ROS2/study_ws/src/ransac_pkg/src/circle_main.cpp:4[m[K:
[1.525s] [01m[K/home/tomoni11/Documents/ROS2/study_ws/src/ransac_pkg/include/ransac_pkg/circle_ransac.cpp:7:1:[m[K [01;36m[Knote: [m[Kcandidate: â€˜[01m[KRANSAC::[01;32m[KRANSAC[m[K(int, double)[m[Kâ€™
[1.526s]     7 | [01;36m[KRANSAC[m[K::RANSAC(const int max_iterations, const double threshold)
[1.526s]       | [01;36m[K^~~~~~[m[K
[1.526s] [01m[K/home/tomoni11/Documents/ROS2/study_ws/src/ransac_pkg/include/ransac_pkg/circle_ransac.cpp:7:1:[m[K [01;36m[Knote: [m[K  candidate expects 2 arguments, 0 provided
[1.526s] In file included from [01m[K/home/tomoni11/Documents/ROS2/study_ws/src/ransac_pkg/src/circle_main.cpp:3[m[K:
[1.526s] [01m[K/home/tomoni11/Documents/ROS2/study_ws/src/ransac_pkg/include/ransac_pkg/ransac.hpp:21:7:[m[K [01;36m[Knote: [m[Kcandidate: â€˜[01m[Kconstexpr RANSAC::[01;32m[KRANSAC[m[K(const RANSAC&)[m[Kâ€™
[1.526s]    21 | class [01;36m[KRANSAC[m[K
[1.526s]       |       [01;36m[K^~~~~~[m[K
[1.526s] [01m[K/home/tomoni11/Documents/ROS2/study_ws/src/ransac_pkg/include/ransac_pkg/ransac.hpp:21:7:[m[K [01;36m[Knote: [m[K  candidate expects 1 argument, 0 provided
[1.526s] [01m[K/home/tomoni11/Documents/ROS2/study_ws/src/ransac_pkg/include/ransac_pkg/ransac.hpp:21:7:[m[K [01;36m[Knote: [m[Kcandidate: â€˜[01m[Kconstexpr RANSAC::[01;32m[KRANSAC[m[K(RANSAC&&)[m[Kâ€™
[1.526s] [01m[K/home/tomoni11/Documents/ROS2/study_ws/src/ransac_pkg/include/ransac_pkg/ransac.hpp:21:7:[m[K [01;36m[Knote: [m[K  candidate expects 1 argument, 0 provided
[1.526s] [01m[K/home/tomoni11/Documents/ROS2/study_ws/src/ransac_pkg/src/circle_main.cpp:23:20:[m[K [01;35m[Kwarning: [m[Kunused variable â€˜[01m[Kransac_device[m[Kâ€™ [[01;35m[K]8;;https://gcc.gnu.org/onlinedocs/gcc/Warning-Options.html#index-Wunused-variable-Wunused-variable]8;;[m[K]
[1.526s]    23 |             RANSAC [01;35m[Kransac_device[m[K;
[1.526s]       |                    [01;35m[K^~~~~~~~~~~~~[m[K
[2.865s] gmake[2]: *** [CMakeFiles/circle.dir/build.make:76: CMakeFiles/circle.dir/src/circle_main.cpp.o] ã‚¨ãƒ©ãƒ¼ 1
[2.865s] gmake[1]: *** [CMakeFiles/Makefile2:137: CMakeFiles/circle.dir/all] ã‚¨ãƒ©ãƒ¼ 2
[2.865s] gmake: *** [Makefile:146: all] ã‚¨ãƒ©ãƒ¼ 2
[2.867s] Invoked command in '/home/tomoni11/Documents/ROS2/study_ws/build/ransac_pkg' returned '2': CMAKE_PREFIX_PATH=/home/tomoni11/Documents/ROS2/study_ws/install/study_interface:/home/tomoni11/Documents/ROS2/study_ws/install/ransac_pkg:/home/tomoni11/Documents/ROS2/study_ws/install/make_cloud_pkg:/home/tomoni11/Documents/ROS2/study_ws/install/interface_pkg:/opt/ros/jazzy/opt/gz_sim_vendor:/opt/ros/jazzy/opt/gz_sensors_vendor:/opt/ros/jazzy/opt/gz_physics_vendor:/opt/ros/jazzy/opt/sdformat_vendor:/opt/ros/jazzy/opt/gz_gui_vendor:/opt/ros/jazzy/opt/gz_transport_vendor:/opt/ros/jazzy/opt/gz_rendering_vendor:/opt/ros/jazzy/opt/gz_plugin_vendor:/opt/ros/jazzy/opt/gz_fuel_tools_vendor:/opt/ros/jazzy/opt/gz_msgs_vendor:/opt/ros/jazzy/opt/gz_common_vendor:/opt/ros/jazzy/opt/gz_math_vendor:/opt/ros/jazzy/opt/gz_utils_vendor:/opt/ros/jazzy/opt/gz_tools_vendor:/opt/ros/jazzy/opt/gz_ogre_next_vendor:/opt/ros/jazzy/opt/gz_dartsim_vendor:/opt/ros/jazzy/opt/gz_cmake_vendor:/opt/ros/jazzy DEBUGINFOD_URLS=https://debuginfod.ubuntu.com /usr/bin/cmake --build /home/tomoni11/Documents/ROS2/study_ws/build/ransac_pkg -- -j24 -l24
