[0.007s] Invoking command in '/home/tomoni11/Documents/ROS2/study_ws/build/ransac_pkg': CMAKE_PREFIX_PATH=/home/tomoni11/Documents/ROS2/study_ws/install/study_interface:/home/tomoni11/Documents/ROS2/study_ws/install/ransac_pkg:/home/tomoni11/Documents/ROS2/study_ws/install/make_cloud_pkg:/home/tomoni11/Documents/ROS2/study_ws/install/interface_pkg:/opt/ros/jazzy/opt/gz_sim_vendor:/opt/ros/jazzy/opt/gz_sensors_vendor:/opt/ros/jazzy/opt/gz_physics_vendor:/opt/ros/jazzy/opt/sdformat_vendor:/opt/ros/jazzy/opt/gz_gui_vendor:/opt/ros/jazzy/opt/gz_transport_vendor:/opt/ros/jazzy/opt/gz_rendering_vendor:/opt/ros/jazzy/opt/gz_plugin_vendor:/opt/ros/jazzy/opt/gz_fuel_tools_vendor:/opt/ros/jazzy/opt/gz_msgs_vendor:/opt/ros/jazzy/opt/gz_common_vendor:/opt/ros/jazzy/opt/gz_math_vendor:/opt/ros/jazzy/opt/gz_utils_vendor:/opt/ros/jazzy/opt/gz_tools_vendor:/opt/ros/jazzy/opt/gz_ogre_next_vendor:/opt/ros/jazzy/opt/gz_dartsim_vendor:/opt/ros/jazzy/opt/gz_cmake_vendor:/opt/ros/jazzy DEBUGINFOD_URLS=https://debuginfod.ubuntu.com /usr/bin/cmake --build /home/tomoni11/Documents/ROS2/study_ws/build/ransac_pkg -- -j24 -l24
[0.059s] [ 50%] [32mBuilding CXX object CMakeFiles/circle.dir/src/circle_main.cpp.o[0m
[1.526s] In file included from [01m[K/home/tomoni11/Documents/ROS2/study_ws/src/ransac_pkg/src/circle_main.cpp:4[m[K:
[1.526s] [01m[K/home/tomoni11/Documents/ROS2/study_ws/src/ransac_pkg/include/ransac_pkg/circle_ransac.cpp:3:1:[m[K [01;31m[Kerror: [m[Kâ€˜[01m[KRANSAC[m[Kâ€™ does not name a type
[1.527s]     3 | [01;31m[KRANSAC[m[K::RANSAC()
[1.527s]       | [01;31m[K^~~~~~[m[K
[1.527s] [01m[K/home/tomoni11/Documents/ROS2/study_ws/src/ransac_pkg/include/ransac_pkg/circle_ransac.cpp:7:1:[m[K [01;31m[Kerror: [m[Kâ€˜[01m[Kcircle[m[Kâ€™ does not name a type
[1.527s]     7 | [01;31m[Kcircle[m[K RANSAC::ransac(std::vector<double> _x, std::vector<double> _y)
[1.527s]       | [01;31m[K^~~~~~[m[K
[1.527s] [01m[K/home/tomoni11/Documents/ROS2/study_ws/src/ransac_pkg/include/ransac_pkg/circle_ransac.cpp:11:8:[m[K [01;31m[Kerror: [m[Kâ€˜[01m[KRANSAC[m[Kâ€™ has not been declared
[1.527s]    11 | double [01;31m[KRANSAC[m[K::find_error(double a, double b, double c, double b, double _x, double _y) const
[1.527s]       |        [01;31m[K^~~~~~[m[K
[1.527s] [01m[K/home/tomoni11/Documents/ROS2/study_ws/src/ransac_pkg/include/ransac_pkg/circle_ransac.cpp:11:64:[m[K [01;31m[Kerror: [m[Kredefinition of â€˜[01m[Kdouble b[m[Kâ€™
[1.527s]    11 | double RANSAC::find_error(double a, double b, double c, [01;31m[Kdouble b[m[K, double _x, double _y) const
[1.527s]       |                                                         [01;31m[K~~~~~~~^[m[K
[1.527s] [01m[K/home/tomoni11/Documents/ROS2/study_ws/src/ransac_pkg/include/ransac_pkg/circle_ransac.cpp:11:44:[m[K [01;36m[Knote: [m[Kâ€˜[01m[Kdouble b[m[Kâ€™ previously declared here
[1.527s]    11 | double RANSAC::find_error(double a, [01;36m[Kdouble b[m[K, double c, double b, double _x, double _y) const
[1.527s]       |                                     [01;36m[K~~~~~~~^[m[K
[1.527s] [01m[K/home/tomoni11/Documents/ROS2/study_ws/src/ransac_pkg/include/ransac_pkg/circle_ransac.cpp:11:89:[m[K [01;31m[Kerror: [m[Knon-member function â€˜[01m[Kdouble[01;32m[K find_error[m[K(...)[m[Kâ€™ cannot have cv-qualifier
[1.527s]    11 | double RANSAC::find_error(double a, double b, double c, double b, double _x, double _y) [01;31m[Kconst[m[K
[1.527s]       |                                                                                         [01;31m[K^~~~~[m[K
[1.527s] [01m[K/home/tomoni11/Documents/ROS2/study_ws/src/ransac_pkg/include/ransac_pkg/circle_ransac.cpp:[m[K In function â€˜[01m[Kdouble[01;32m[K find_error[m[K(...)[m[Kâ€™:
[1.527s] [01m[K/home/tomoni11/Documents/ROS2/study_ws/src/ransac_pkg/include/ransac_pkg/circle_ransac.cpp:13:1:[m[K [01;35m[Kwarning: [m[Kno return statement in function returning non-void [[01;35m[K]8;;https://gcc.gnu.org/onlinedocs/gcc/Warning-Options.html#index-Wreturn-type-Wreturn-type]8;;[m[K]
[1.527s]    13 | [01;35m[K}[m[K
[1.528s]       | [01;35m[K^[m[K
[1.528s] [01m[K/home/tomoni11/Documents/ROS2/study_ws/src/ransac_pkg/include/ransac_pkg/circle_ransac.cpp:11:34:[m[K [01;35m[Kwarning: [m[Kunused parameter â€˜[01m[Ka[m[Kâ€™ [[01;35m[K]8;;https://gcc.gnu.org/onlinedocs/gcc/Warning-Options.html#index-Wunused-parameter-Wunused-parameter]8;;[m[K]
[1.528s]    11 | double RANSAC::find_error([01;35m[Kdouble a[m[K, double b, double c, double b, double _x, double _y) const
[1.528s]       |                           [01;35m[K~~~~~~~^[m[K
[1.528s] [01m[K/home/tomoni11/Documents/ROS2/study_ws/src/ransac_pkg/include/ransac_pkg/circle_ransac.cpp:11:44:[m[K [01;35m[Kwarning: [m[Kunused parameter â€˜[01m[Kb[m[Kâ€™ [[01;35m[K]8;;https://gcc.gnu.org/onlinedocs/gcc/Warning-Options.html#index-Wunused-parameter-Wunused-parameter]8;;[m[K]
[1.528s]    11 | double RANSAC::find_error(double a, [01;35m[Kdouble b[m[K, double c, double b, double _x, double _y) const
[1.528s]       |                                     [01;35m[K~~~~~~~^[m[K
[1.528s] [01m[K/home/tomoni11/Documents/ROS2/study_ws/src/ransac_pkg/include/ransac_pkg/circle_ransac.cpp:11:54:[m[K [01;35m[Kwarning: [m[Kunused parameter â€˜[01m[Kc[m[Kâ€™ [[01;35m[K]8;;https://gcc.gnu.org/onlinedocs/gcc/Warning-Options.html#index-Wunused-parameter-Wunused-parameter]8;;[m[K]
[1.528s]    11 | double RANSAC::find_error(double a, double b, [01;35m[Kdouble c[m[K, double b, double _x, double _y) const
[1.528s]       |                                               [01;35m[K~~~~~~~^[m[K
[1.528s] [01m[K/home/tomoni11/Documents/ROS2/study_ws/src/ransac_pkg/include/ransac_pkg/circle_ransac.cpp:11:74:[m[K [01;35m[Kwarning: [m[Kunused parameter â€˜[01m[K_x[m[Kâ€™ [[01;35m[K]8;;https://gcc.gnu.org/onlinedocs/gcc/Warning-Options.html#index-Wunused-parameter-Wunused-parameter]8;;[m[K]
[1.528s]    11 | double RANSAC::find_error(double a, double b, double c, double b, [01;35m[Kdouble _x[m[K, double _y) const
[1.528s]       |                                                                   [01;35m[K~~~~~~~^~[m[K
[1.528s] [01m[K/home/tomoni11/Documents/ROS2/study_ws/src/ransac_pkg/include/ransac_pkg/circle_ransac.cpp:11:85:[m[K [01;35m[Kwarning: [m[Kunused parameter â€˜[01m[K_y[m[Kâ€™ [[01;35m[K]8;;https://gcc.gnu.org/onlinedocs/gcc/Warning-Options.html#index-Wunused-parameter-Wunused-parameter]8;;[m[K]
[1.528s]    11 | double RANSAC::find_error(double a, double b, double c, double b, double _x, [01;35m[Kdouble _y[m[K) const
[1.528s]       |                                                                              [01;35m[K~~~~~~~^~[m[K
[2.902s] gmake[2]: *** [CMakeFiles/circle.dir/build.make:76: CMakeFiles/circle.dir/src/circle_main.cpp.o] ã‚¨ãƒ©ãƒ¼ 1
[2.902s] gmake[1]: *** [CMakeFiles/Makefile2:137: CMakeFiles/circle.dir/all] ã‚¨ãƒ©ãƒ¼ 2
[2.903s] gmake: *** [Makefile:146: all] ã‚¨ãƒ©ãƒ¼ 2
[2.905s] Invoked command in '/home/tomoni11/Documents/ROS2/study_ws/build/ransac_pkg' returned '2': CMAKE_PREFIX_PATH=/home/tomoni11/Documents/ROS2/study_ws/install/study_interface:/home/tomoni11/Documents/ROS2/study_ws/install/ransac_pkg:/home/tomoni11/Documents/ROS2/study_ws/install/make_cloud_pkg:/home/tomoni11/Documents/ROS2/study_ws/install/interface_pkg:/opt/ros/jazzy/opt/gz_sim_vendor:/opt/ros/jazzy/opt/gz_sensors_vendor:/opt/ros/jazzy/opt/gz_physics_vendor:/opt/ros/jazzy/opt/sdformat_vendor:/opt/ros/jazzy/opt/gz_gui_vendor:/opt/ros/jazzy/opt/gz_transport_vendor:/opt/ros/jazzy/opt/gz_rendering_vendor:/opt/ros/jazzy/opt/gz_plugin_vendor:/opt/ros/jazzy/opt/gz_fuel_tools_vendor:/opt/ros/jazzy/opt/gz_msgs_vendor:/opt/ros/jazzy/opt/gz_common_vendor:/opt/ros/jazzy/opt/gz_math_vendor:/opt/ros/jazzy/opt/gz_utils_vendor:/opt/ros/jazzy/opt/gz_tools_vendor:/opt/ros/jazzy/opt/gz_ogre_next_vendor:/opt/ros/jazzy/opt/gz_dartsim_vendor:/opt/ros/jazzy/opt/gz_cmake_vendor:/opt/ros/jazzy DEBUGINFOD_URLS=https://debuginfod.ubuntu.com /usr/bin/cmake --build /home/tomoni11/Documents/ROS2/study_ws/build/ransac_pkg -- -j24 -l24
