[0.007s] Invoking command in '/home/tomoni11/Documents/ROS2/study_ws/build/ransac_pkg': CMAKE_PREFIX_PATH=/home/tomoni11/Documents/ROS2/study_ws/install/study_interface:/home/tomoni11/Documents/ROS2/study_ws/install/ransac_pkg:/home/tomoni11/Documents/ROS2/study_ws/install/make_cloud_pkg:/home/tomoni11/Documents/ROS2/study_ws/install/interface_pkg:/opt/ros/jazzy/opt/gz_sim_vendor:/opt/ros/jazzy/opt/gz_sensors_vendor:/opt/ros/jazzy/opt/gz_physics_vendor:/opt/ros/jazzy/opt/sdformat_vendor:/opt/ros/jazzy/opt/gz_gui_vendor:/opt/ros/jazzy/opt/gz_transport_vendor:/opt/ros/jazzy/opt/gz_rendering_vendor:/opt/ros/jazzy/opt/gz_plugin_vendor:/opt/ros/jazzy/opt/gz_fuel_tools_vendor:/opt/ros/jazzy/opt/gz_msgs_vendor:/opt/ros/jazzy/opt/gz_common_vendor:/opt/ros/jazzy/opt/gz_math_vendor:/opt/ros/jazzy/opt/gz_utils_vendor:/opt/ros/jazzy/opt/gz_tools_vendor:/opt/ros/jazzy/opt/gz_ogre_next_vendor:/opt/ros/jazzy/opt/gz_dartsim_vendor:/opt/ros/jazzy/opt/gz_cmake_vendor:/opt/ros/jazzy DEBUGINFOD_URLS=https://debuginfod.ubuntu.com /usr/bin/cmake --build /home/tomoni11/Documents/ROS2/study_ws/build/ransac_pkg -- -j24 -l24
[0.058s] [ 16%] [32mBuilding CXX object CMakeFiles/line_drower.dir/src/line_drower.cpp.o[0m
[0.061s] [ 50%] Built target circle
[0.063s] [ 83%] Built target circle_drower
[0.573s] In file included from [01m[K/home/tomoni11/Documents/ROS2/study_ws/src/ransac_pkg/src/line_drower.cpp:2[m[K:
[0.573s] [01m[K/home/tomoni11/Documents/ROS2/study_ws/src/ransac_pkg/include/ransac_pkg/matplotlibcpp.h:[m[K In constructor â€˜[01m[Kmatplotlibcpp::detail::_interpreter::[01;32m[K_interpreter[m[K()[m[Kâ€™:
[0.573s] [01m[K/home/tomoni11/Documents/ROS2/study_ws/src/ransac_pkg/include/ransac_pkg/matplotlibcpp.h:182:42:[m[K [01;35m[Kwarning: [m[Kâ€˜[01m[Kvoid[01;32m[K Py_SetProgramName[m[K(const wchar_t*)[m[Kâ€™ is deprecated [[01;35m[K]8;;https://gcc.gnu.org/onlinedocs/gcc/Warning-Options.html#index-Wdeprecated-declarations-Wdeprecated-declarations]8;;[m[K]
[0.573s]   182 |                         [01;35m[KPy_SetProgramName(name)[m[K;
[0.573s]       |                         [01;35m[K~~~~~~~~~~~~~~~~~^~~~~~[m[K
[0.573s] In file included from [01m[K/usr/include/python3.12/Python.h:94[m[K,
[0.573s]                  from [01m[K/home/tomoni11/Documents/ROS2/study_ws/src/ransac_pkg/include/ransac_pkg/matplotlibcpp.h:5[m[K:
[0.573s] [01m[K/usr/include/python3.12/pylifecycle.h:37:38:[m[K [01;36m[Knote: [m[Kdeclared here
[0.573s]    37 | Py_DEPRECATED(3.11) PyAPI_FUNC(void) [01;36m[KPy_SetProgramName[m[K(const wchar_t *);
[0.573s]       |                                      [01;36m[K^~~~~~~~~~~~~~~~~[m[K
[0.573s] [01m[K/home/tomoni11/Documents/ROS2/study_ws/src/ransac_pkg/include/ransac_pkg/matplotlibcpp.h:190:38:[m[K [01;35m[Kwarning: [m[Kâ€˜[01m[Kvoid[01;32m[K PySys_SetArgv[m[K(int, wchar_t**)[m[Kâ€™ is deprecated [[01;35m[K]8;;https://gcc.gnu.org/onlinedocs/gcc/Warning-Options.html#index-Wdeprecated-declarations-Wdeprecated-declarations]8;;[m[K]
[0.573s]   190 |                         [01;35m[KPySys_SetArgv(argc, const_cast<wchar_t **>(argv))[m[K;
[0.573s]       |                         [01;35m[K~~~~~~~~~~~~~^~~~~~~~~~~~~~~~~~~~~~~~~~~~~~~~~~~~[m[K
[0.573s] In file included from [01m[K/usr/include/python3.12/Python.h:96[m[K:
[0.573s] [01m[K/usr/include/python3.12/sysmodule.h:13:38:[m[K [01;36m[Knote: [m[Kdeclared here
[0.573s]    13 | Py_DEPRECATED(3.11) PyAPI_FUNC(void) [01;36m[KPySys_SetArgv[m[K(int, wchar_t **);
[0.574s]       |                                      [01;36m[K^~~~~~~~~~~~~[m[K
[1.860s] [01m[K/home/tomoni11/Documents/ROS2/study_ws/src/ransac_pkg/src/line_drower.cpp:[m[K In function â€˜[01m[Kvoid[01;32m[K drow_axes[m[K(int)[m[Kâ€™:
[1.860s] [01m[K/home/tomoni11/Documents/ROS2/study_ws/src/ransac_pkg/src/line_drower.cpp:19:13:[m[K [01;31m[Kerror: [m[Kâ€˜[01m[Kx_x_msg[m[Kâ€™ was not declared in this scope
[1.860s]    19 |             [01;31m[Kx_x_msg[m[K->push_back(i * x);
[1.860s]       |             [01;31m[K^~~~~~~[m[K
[1.865s] [01m[K/home/tomoni11/Documents/ROS2/study_ws/src/ransac_pkg/src/line_drower.cpp:20:13:[m[K [01;31m[Kerror: [m[Kâ€˜[01m[Ky_x_msg[m[Kâ€™ was not declared in this scope
[1.865s]    20 |             [01;31m[Ky_x_msg[m[K->push_back(0);
[1.865s]       |             [01;31m[K^~~~~~~[m[K
[1.869s] [01m[K/home/tomoni11/Documents/ROS2/study_ws/src/ransac_pkg/src/line_drower.cpp:21:13:[m[K [01;31m[Kerror: [m[Kâ€˜[01m[Ky_y_msg[m[Kâ€™ was not declared in this scope
[1.869s]    21 |             [01;31m[Ky_y_msg[m[K->push_back(i * x);
[1.869s]       |             [01;31m[K^~~~~~~[m[K
[1.874s] [01m[K/home/tomoni11/Documents/ROS2/study_ws/src/ransac_pkg/src/line_drower.cpp:22:13:[m[K [01;31m[Kerror: [m[Kâ€˜[01m[Kx_y_msg[m[Kâ€™ was not declared in this scope
[1.874s]    22 |             [01;31m[Kx_y_msg[m[K->push_back(0);
[1.874s]       |             [01;31m[K^~~~~~~[m[K
[1.874s] [01m[K/home/tomoni11/Documents/ROS2/study_ws/src/ransac_pkg/src/line_drower.cpp:[m[K At global scope:
[1.874s] [01m[K/home/tomoni11/Documents/ROS2/study_ws/src/ransac_pkg/src/line_drower.cpp:39:57:[m[K [01;31m[Kerror: [m[Kâ€˜[01m[KCircle[m[Kâ€™ in namespace â€˜[01m[Kstudy_interface::msg[m[Kâ€™ does not name a type
[1.874s]    39 |       void chatter_callback(const study_interface::msg::[01;31m[KCircle[m[K::SharedPtr msg) const
[1.875s]       |                                                         [01;31m[K^~~~~~[m[K
[1.875s] [01m[K/home/tomoni11/Documents/ROS2/study_ws/src/ransac_pkg/src/line_drower.cpp:39:75:[m[K [01;31m[Kerror: [m[Kexpected unqualified-id before â€˜[01m[Kmsg[m[Kâ€™
[1.875s]    39 |       void chatter_callback(const study_interface::msg::Circle::SharedPtr [01;31m[Kmsg[m[K) const
[1.875s]       |                                                                           [01;31m[K^~~[m[K
[1.875s] [01m[K/home/tomoni11/Documents/ROS2/study_ws/src/ransac_pkg/src/line_drower.cpp:39:74:[m[K [01;31m[Kerror: [m[Kexpected â€˜[01m[K)[m[Kâ€™ before â€˜[01m[Kmsg[m[Kâ€™
[1.875s]    39 |       void chatter_callback[34m[K([m[Kconst study_interface::msg::Circle::SharedPtr[01;31m[K [m[K[32m[Kmsg[m[K) const
[1.875s]       |                            [34m[K~[m[K                                             [01;31m[K^[m[K[32m[K~~~[m[K
[1.875s]       |                                                                          [32m[K)[m[K
[1.875s] [01m[K/home/tomoni11/Documents/ROS2/study_ws/src/ransac_pkg/src/line_drower.cpp:39:65:[m[K [01;31m[Kerror: [m[Kexpected â€˜[01m[K;[m[Kâ€™ at end of member declaration
[1.875s]    39 |       void chatter_callback(const study_interface::msg::Circle::[01;31m[KSharedPtr[m[K msg) const
[1.875s]       |                                                                 [01;31m[K^~~~~~~~~[m[K
[1.875s]       |                                                                          [32m[K;[m[K
[1.876s] [01m[K/home/tomoni11/Documents/ROS2/study_ws/src/ransac_pkg/src/line_drower.cpp:39:75:[m[K [01;31m[Kerror: [m[Kâ€˜[01m[Kmsg[m[Kâ€™ does not name a type
[1.876s]    39 |       void chatter_callback(const study_interface::msg::Circle::SharedPtr [01;31m[Kmsg[m[K) const
[1.876s]       |                                                                           [01;31m[K^~~[m[K
[1.877s] [01m[K/home/tomoni11/Documents/ROS2/study_ws/src/ransac_pkg/src/line_drower.cpp:71:50:[m[K [01;31m[Kerror: [m[Kâ€˜[01m[KCircle[m[Kâ€™ is not a member of â€˜[01m[Kstudy_interface::msg[m[Kâ€™
[1.877s]    71 |       rclcpp::Subscription<study_interface::msg::[01;31m[KCircle[m[K>::SharedPtr subscription_;
[1.877s]       |                                                  [01;31m[K^~~~~~[m[K
[1.877s] [01m[K/home/tomoni11/Documents/ROS2/study_ws/src/ransac_pkg/src/line_drower.cpp:71:56:[m[K [01;31m[Kerror: [m[Ktemplate argument 1 is invalid
[1.877s]    71 |       rclcpp::Subscription<study_interface::msg::Circle[01;31m[K>[m[K::SharedPtr subscription_;
[1.877s]       |                                                        [01;31m[K^[m[K
[1.877s] [01m[K/home/tomoni11/Documents/ROS2/study_ws/src/ransac_pkg/src/line_drower.cpp:71:56:[m[K [01;31m[Kerror: [m[Ktemplate argument 3 is invalid
[1.877s] [01m[K/home/tomoni11/Documents/ROS2/study_ws/src/ransac_pkg/src/line_drower.cpp:71:56:[m[K [01;31m[Kerror: [m[Ktemplate argument 4 is invalid
[1.877s] [01m[K/home/tomoni11/Documents/ROS2/study_ws/src/ransac_pkg/src/line_drower.cpp:71:56:[m[K [01;31m[Kerror: [m[Ktemplate argument 5 is invalid
[1.877s] [01m[K/home/tomoni11/Documents/ROS2/study_ws/src/ransac_pkg/src/line_drower.cpp:71:59:[m[K [01;31m[Kerror: [m[Kexpected â€˜[01m[K;[m[Kâ€™ at end of member declaration
[1.877s]    71 |       rclcpp::Subscription<study_interface::msg::Circle>::[01;31m[KSharedPtr[m[K subscription_;
[1.877s]       |                                                           [01;31m[K^~~~~~~~~[m[K
[1.877s]       |                                                                    [32m[K;[m[K
[1.880s] [01m[K/home/tomoni11/Documents/ROS2/study_ws/src/ransac_pkg/src/line_drower.cpp:71:69:[m[K [01;31m[Kerror: [m[Kâ€˜[01m[Ksubscription_[m[Kâ€™ does not name a type; did you mean â€˜[01m[Krmw_subscription_t[m[Kâ€™?
[1.881s]    71 |       rclcpp::Subscription<study_interface::msg::Circle>::SharedPtr [01;31m[Ksubscription_[m[K;
[1.881s]       |                                                                     [01;31m[K^~~~~~~~~~~~~[m[K
[1.881s]       |                                                                     [32m[Krmw_subscription_t[m[K
[1.892s] [01m[K/home/tomoni11/Documents/ROS2/study_ws/src/ransac_pkg/src/line_drower.cpp:[m[K In constructor â€˜[01m[KSircle_drower::[01;32m[KSircle_drower[m[K()[m[Kâ€™:
[1.892s] [01m[K/home/tomoni11/Documents/ROS2/study_ws/src/ransac_pkg/src/line_drower.cpp:34:13:[m[K [01;31m[Kerror: [m[Kâ€˜[01m[Ksubscription_[m[Kâ€™ was not declared in this scope; did you mean â€˜[01m[Krmw_subscription_t[m[Kâ€™?
[1.892s]    34 |             [01;31m[Ksubscription_[m[K = this->create_subscription<study_interface::msg::Circle>(
[1.892s]       |             [01;31m[K^~~~~~~~~~~~~[m[K
[1.892s]       |             [32m[Krmw_subscription_t[m[K
[1.893s] [01m[K/home/tomoni11/Documents/ROS2/study_ws/src/ransac_pkg/src/line_drower.cpp:34:77:[m[K [01;31m[Kerror: [m[Kâ€˜[01m[KCircle[m[Kâ€™ is not a member of â€˜[01m[Kstudy_interface::msg[m[Kâ€™
[1.893s]    34 |             subscription_ = this->create_subscription<study_interface::msg::[01;31m[KCircle[m[K>(
[1.893s]       |                                                                             [01;31m[K^~~~~~[m[K
[1.897s] [01m[K/home/tomoni11/Documents/ROS2/study_ws/src/ransac_pkg/src/line_drower.cpp:34:84:[m[K [01;31m[Kerror: [m[Kno matching function for call to â€˜[01m[KSircle_drower::create_subscription<<expression error> >(const char [12], int, std::_Bind_helper<false, void (Sircle_drower::*)(...), Sircle_drower*, const std::_Placeholder<1>&>::type)[m[Kâ€™
[1.897s]    34 |             subscription_ = [01;31m[Kthis->create_subscription<study_interface::msg::Circle>([m[K
[1.897s]       |                             [01;31m[K~~~~~~~~~~~~~~~~~~~~~~~~~~~~~~~~~~~~~~~~~~~~~~~~~~~~~~~^[m[K
[1.897s]    35 | [01;31m[K                "circle_data", 10, std::bind(&Sircle_drower::chatter_callback, this, _1))[m[K;
[1.897s]       |                 [01;31m[K~~~~~~~~~~~~~~~~~~~~~~~~~~~~~~~~~~~~~~~~~~~~~~~~~~~~~~~~~~~~~~~~~~~~~~~~~[m[K
[1.897s] In file included from [01m[K/opt/ros/jazzy/include/rclcpp/rclcpp/executors/single_threaded_executor.hpp:28[m[K,
[1.898s]                  from [01m[K/opt/ros/jazzy/include/rclcpp/rclcpp/executors.hpp:22[m[K,
[1.898s]                  from [01m[K/opt/ros/jazzy/include/rclcpp/rclcpp/rclcpp.hpp:172[m[K,
[1.898s]                  from [01m[K/home/tomoni11/Documents/ROS2/study_ws/src/ransac_pkg/src/line_drower.cpp:3[m[K:
[1.898s] [01m[K/opt/ros/jazzy/include/rclcpp/rclcpp/node.hpp:221:3:[m[K [01;36m[Knote: [m[Kcandidate: â€˜[01m[Ktemplate<class MessageT, class CallbackT, class AllocatorT, class SubscriptionT, class MessageMemoryStrategyT> std::shared_ptr<ROSMessageT> rclcpp::Node::[01;32m[Kcreate_subscription[m[K(const std::string&, const rclcpp::QoS&, CallbackT&&, const rclcpp::SubscriptionOptionsWithAllocator<AllocatorT>&, typename MessageMemoryStrategyT::SharedPtr)[m[Kâ€™
[1.898s]   221 |   [01;36m[Kcreate_subscription[m[K(
[1.898s]       |   [01;36m[K^~~~~~~~~~~~~~~~~~~[m[K
[1.898s] [01m[K/opt/ros/jazzy/include/rclcpp/rclcpp/node.hpp:221:3:[m[K [01;36m[Knote: [m[K  template argument deduction/substitution failed:
[1.898s] [01m[K/home/tomoni11/Documents/ROS2/study_ws/src/ransac_pkg/src/line_drower.cpp:34:84:[m[K [01;31m[Kerror: [m[Ktemplate argument 1 is invalid
[1.898s]    34 |             subscription_ = [01;31m[Kthis->create_subscription<study_interface::msg::Circle>([m[K
[1.898s]       |                             [01;31m[K~~~~~~~~~~~~~~~~~~~~~~~~~~~~~~~~~~~~~~~~~~~~~~~~~~~~~~~^[m[K
[1.898s]    35 | [01;31m[K                "circle_data", 10, std::bind(&Sircle_drower::chatter_callback, this, _1))[m[K;
[1.898s]       |                 [01;31m[K~~~~~~~~~~~~~~~~~~~~~~~~~~~~~~~~~~~~~~~~~~~~~~~~~~~~~~~~~~~~~~~~~~~~~~~~~[m[K
[2.404s] gmake[2]: *** [CMakeFiles/line_drower.dir/build.make:76: CMakeFiles/line_drower.dir/src/line_drower.cpp.o] ã‚¨ãƒ©ãƒ¼ 1
[2.404s] gmake[1]: *** [CMakeFiles/Makefile2:193: CMakeFiles/line_drower.dir/all] ã‚¨ãƒ©ãƒ¼ 2
[2.404s] gmake: *** [Makefile:146: all] ã‚¨ãƒ©ãƒ¼ 2
[2.406s] Invoked command in '/home/tomoni11/Documents/ROS2/study_ws/build/ransac_pkg' returned '2': CMAKE_PREFIX_PATH=/home/tomoni11/Documents/ROS2/study_ws/install/study_interface:/home/tomoni11/Documents/ROS2/study_ws/install/ransac_pkg:/home/tomoni11/Documents/ROS2/study_ws/install/make_cloud_pkg:/home/tomoni11/Documents/ROS2/study_ws/install/interface_pkg:/opt/ros/jazzy/opt/gz_sim_vendor:/opt/ros/jazzy/opt/gz_sensors_vendor:/opt/ros/jazzy/opt/gz_physics_vendor:/opt/ros/jazzy/opt/sdformat_vendor:/opt/ros/jazzy/opt/gz_gui_vendor:/opt/ros/jazzy/opt/gz_transport_vendor:/opt/ros/jazzy/opt/gz_rendering_vendor:/opt/ros/jazzy/opt/gz_plugin_vendor:/opt/ros/jazzy/opt/gz_fuel_tools_vendor:/opt/ros/jazzy/opt/gz_msgs_vendor:/opt/ros/jazzy/opt/gz_common_vendor:/opt/ros/jazzy/opt/gz_math_vendor:/opt/ros/jazzy/opt/gz_utils_vendor:/opt/ros/jazzy/opt/gz_tools_vendor:/opt/ros/jazzy/opt/gz_ogre_next_vendor:/opt/ros/jazzy/opt/gz_dartsim_vendor:/opt/ros/jazzy/opt/gz_cmake_vendor:/opt/ros/jazzy DEBUGINFOD_URLS=https://debuginfod.ubuntu.com /usr/bin/cmake --build /home/tomoni11/Documents/ROS2/study_ws/build/ransac_pkg -- -j24 -l24
