[0.009s] Invoking command in '/home/tomoni11/Documents/ROS2/study_ws/build/ransac_pkg': CMAKE_PREFIX_PATH=/home/tomoni11/Documents/ROS2/study_ws/install/study_interface:/home/tomoni11/Documents/ROS2/study_ws/install/ransac_pkg:/home/tomoni11/Documents/ROS2/study_ws/install/make_cloud_pkg:/home/tomoni11/Documents/ROS2/study_ws/install/interface_pkg:/opt/ros/jazzy/opt/gz_sim_vendor:/opt/ros/jazzy/opt/gz_sensors_vendor:/opt/ros/jazzy/opt/gz_physics_vendor:/opt/ros/jazzy/opt/sdformat_vendor:/opt/ros/jazzy/opt/gz_gui_vendor:/opt/ros/jazzy/opt/gz_transport_vendor:/opt/ros/jazzy/opt/gz_rendering_vendor:/opt/ros/jazzy/opt/gz_plugin_vendor:/opt/ros/jazzy/opt/gz_fuel_tools_vendor:/opt/ros/jazzy/opt/gz_msgs_vendor:/opt/ros/jazzy/opt/gz_common_vendor:/opt/ros/jazzy/opt/gz_math_vendor:/opt/ros/jazzy/opt/gz_utils_vendor:/opt/ros/jazzy/opt/gz_tools_vendor:/opt/ros/jazzy/opt/gz_ogre_next_vendor:/opt/ros/jazzy/opt/gz_dartsim_vendor:/opt/ros/jazzy/opt/gz_cmake_vendor:/opt/ros/jazzy DEBUGINFOD_URLS=https://debuginfod.ubuntu.com /usr/bin/cmake --build /home/tomoni11/Documents/ROS2/study_ws/build/ransac_pkg -- -j24 -l24
[0.073s] [ 25%] [32mBuilding CXX object CMakeFiles/drower.dir/src/circle_drower.cpp.o[0m
[0.076s] [ 75%] Built target circle
[0.713s] In file included from [01m[K/home/tomoni11/Documents/ROS2/study_ws/src/ransac_pkg/src/circle_drower.cpp:2[m[K:
[0.714s] [01m[K/home/tomoni11/Documents/ROS2/study_ws/src/ransac_pkg/include/ransac_pkg/matplotlibcpp.h:[m[K In constructor â€˜[01m[Kmatplotlibcpp::detail::_interpreter::[01;32m[K_interpreter[m[K()[m[Kâ€™:
[0.714s] [01m[K/home/tomoni11/Documents/ROS2/study_ws/src/ransac_pkg/include/ransac_pkg/matplotlibcpp.h:182:42:[m[K [01;35m[Kwarning: [m[Kâ€˜[01m[Kvoid[01;32m[K Py_SetProgramName[m[K(const wchar_t*)[m[Kâ€™ is deprecated [[01;35m[K]8;;https://gcc.gnu.org/onlinedocs/gcc/Warning-Options.html#index-Wdeprecated-declarations-Wdeprecated-declarations]8;;[m[K]
[0.714s]   182 |                         [01;35m[KPy_SetProgramName(name)[m[K;
[0.714s]       |                         [01;35m[K~~~~~~~~~~~~~~~~~^~~~~~[m[K
[0.714s] In file included from [01m[K/usr/include/python3.12/Python.h:94[m[K,
[0.714s]                  from [01m[K/home/tomoni11/Documents/ROS2/study_ws/src/ransac_pkg/include/ransac_pkg/matplotlibcpp.h:5[m[K:
[0.714s] [01m[K/usr/include/python3.12/pylifecycle.h:37:38:[m[K [01;36m[Knote: [m[Kdeclared here
[0.714s]    37 | Py_DEPRECATED(3.11) PyAPI_FUNC(void) [01;36m[KPy_SetProgramName[m[K(const wchar_t *);
[0.714s]       |                                      [01;36m[K^~~~~~~~~~~~~~~~~[m[K
[0.714s] [01m[K/home/tomoni11/Documents/ROS2/study_ws/src/ransac_pkg/include/ransac_pkg/matplotlibcpp.h:190:38:[m[K [01;35m[Kwarning: [m[Kâ€˜[01m[Kvoid[01;32m[K PySys_SetArgv[m[K(int, wchar_t**)[m[Kâ€™ is deprecated [[01;35m[K]8;;https://gcc.gnu.org/onlinedocs/gcc/Warning-Options.html#index-Wdeprecated-declarations-Wdeprecated-declarations]8;;[m[K]
[0.714s]   190 |                         [01;35m[KPySys_SetArgv(argc, const_cast<wchar_t **>(argv))[m[K;
[0.714s]       |                         [01;35m[K~~~~~~~~~~~~~^~~~~~~~~~~~~~~~~~~~~~~~~~~~~~~~~~~~[m[K
[0.714s] In file included from [01m[K/usr/include/python3.12/Python.h:96[m[K:
[0.714s] [01m[K/usr/include/python3.12/sysmodule.h:13:38:[m[K [01;36m[Knote: [m[Kdeclared here
[0.714s]    13 | Py_DEPRECATED(3.11) PyAPI_FUNC(void) [01;36m[KPySys_SetArgv[m[K(int, wchar_t **);
[0.714s]       |                                      [01;36m[K^~~~~~~~~~~~~[m[K
[2.501s] [01m[K/home/tomoni11/Documents/ROS2/study_ws/src/ransac_pkg/src/circle_drower.cpp:[m[K In member function â€˜[01m[Kvoid Sircle_drower::[01;32m[Kchatter_callback[m[K(study_interface::msg::Circle_<std::allocator<void> >::SharedPtr) const[m[Kâ€™:
[2.501s] [01m[K/home/tomoni11/Documents/ROS2/study_ws/src/ransac_pkg/src/circle_drower.cpp:46:34:[m[K [01;35m[Kwarning: [m[Kcomparison of integer expressions of different signedness: â€˜[01m[Ksize_t[m[Kâ€™ {aka â€˜[01m[Klong unsigned int[m[Kâ€™} and â€˜[01m[Kint[m[Kâ€™ [[01;35m[K]8;;https://gcc.gnu.org/onlinedocs/gcc/Warning-Options.html#index-Wsign-compare-Wsign-compare]8;;[m[K]
[2.502s]    46 |             for (size_t i = 0; [01;35m[Ki < points_num[m[K, i++)
[2.502s]       |                                [01;35m[K~~^~~~~~~~~~~~[m[K
[2.502s] [01m[K/home/tomoni11/Documents/ROS2/study_ws/src/ransac_pkg/src/circle_drower.cpp:46:34:[m[K [01;35m[Kwarning: [m[Kleft operand of comma operator has no effect [[01;35m[K]8;;https://gcc.gnu.org/onlinedocs/gcc/Warning-Options.html#index-Wunused-value-Wunused-value]8;;[m[K]
[2.502s] [01m[K/home/tomoni11/Documents/ROS2/study_ws/src/ransac_pkg/src/circle_drower.cpp:46:51:[m[K [01;31m[Kerror: [m[Kexpected â€˜[01m[K;[m[Kâ€™ before â€˜[01m[K)[m[Kâ€™ token
[2.502s]    46 |             for (size_t i = 0; i < points_num, i++[01;31m[K)[m[K
[2.502s]       |                                                   [01;31m[K^[m[K
[2.511s] [01m[K/home/tomoni11/Documents/ROS2/study_ws/src/ransac_pkg/src/circle_drower.cpp:48:19:[m[K [01;31m[Kerror: [m[Kâ€˜[01m[K_x[m[Kâ€™ was not declared in this scope; did you mean â€˜[01m[K_1[m[Kâ€™?
[2.511s]    48 |                   [01;31m[K_x[m[K.push_back(cos(theta_unit * i) * msg.radius);
[2.511s]       |                   [01;31m[K^~[m[K
[2.511s]       |                   [32m[K_1[m[K
[2.511s] [01m[K/home/tomoni11/Documents/ROS2/study_ws/src/ransac_pkg/src/circle_drower.cpp:48:58:[m[K [01;31m[Kerror: [m[Kâ€˜[01m[Kconst study_interface::msg::Circle_<std::allocator<void> >::SharedPtr[m[Kâ€™ {aka â€˜[01m[Kconst class std::shared_ptr<study_interface::msg::Circle_<std::allocator<void> > >[m[Kâ€™} has no member named â€˜[01m[Kradius[m[Kâ€™
[2.511s]    48 |                   _x.push_back(cos(theta_unit * i) * msg.[01;31m[Kradius[m[K);
[2.511s]       |                                                          [01;31m[K^~~~~~[m[K
[2.520s] [01m[K/home/tomoni11/Documents/ROS2/study_ws/src/ransac_pkg/src/circle_drower.cpp:49:19:[m[K [01;31m[Kerror: [m[Kâ€˜[01m[K_y[m[Kâ€™ was not declared in this scope; did you mean â€˜[01m[K_1[m[Kâ€™?
[2.520s]    49 |                   [01;31m[K_y[m[K.push_back(sin(theta_unit * i) * msg.radius);
[2.520s]       |                   [01;31m[K^~[m[K
[2.521s]       |                   [32m[K_1[m[K
[2.521s] [01m[K/home/tomoni11/Documents/ROS2/study_ws/src/ransac_pkg/src/circle_drower.cpp:49:58:[m[K [01;31m[Kerror: [m[Kâ€˜[01m[Kconst study_interface::msg::Circle_<std::allocator<void> >::SharedPtr[m[Kâ€™ {aka â€˜[01m[Kconst class std::shared_ptr<study_interface::msg::Circle_<std::allocator<void> > >[m[Kâ€™} has no member named â€˜[01m[Kradius[m[Kâ€™
[2.521s]    49 |                   _y.push_back(sin(theta_unit * i) * msg.[01;31m[Kradius[m[K);
[2.521s]       |                                                          [01;31m[K^~~~~~[m[K
[4.517s] gmake[2]: *** [CMakeFiles/drower.dir/build.make:76: CMakeFiles/drower.dir/src/circle_drower.cpp.o] ã‚¨ãƒ©ãƒ¼ 1
[4.517s] gmake[1]: *** [CMakeFiles/Makefile2:165: CMakeFiles/drower.dir/all] ã‚¨ãƒ©ãƒ¼ 2
[4.517s] gmake: *** [Makefile:146: all] ã‚¨ãƒ©ãƒ¼ 2
[4.519s] Invoked command in '/home/tomoni11/Documents/ROS2/study_ws/build/ransac_pkg' returned '2': CMAKE_PREFIX_PATH=/home/tomoni11/Documents/ROS2/study_ws/install/study_interface:/home/tomoni11/Documents/ROS2/study_ws/install/ransac_pkg:/home/tomoni11/Documents/ROS2/study_ws/install/make_cloud_pkg:/home/tomoni11/Documents/ROS2/study_ws/install/interface_pkg:/opt/ros/jazzy/opt/gz_sim_vendor:/opt/ros/jazzy/opt/gz_sensors_vendor:/opt/ros/jazzy/opt/gz_physics_vendor:/opt/ros/jazzy/opt/sdformat_vendor:/opt/ros/jazzy/opt/gz_gui_vendor:/opt/ros/jazzy/opt/gz_transport_vendor:/opt/ros/jazzy/opt/gz_rendering_vendor:/opt/ros/jazzy/opt/gz_plugin_vendor:/opt/ros/jazzy/opt/gz_fuel_tools_vendor:/opt/ros/jazzy/opt/gz_msgs_vendor:/opt/ros/jazzy/opt/gz_common_vendor:/opt/ros/jazzy/opt/gz_math_vendor:/opt/ros/jazzy/opt/gz_utils_vendor:/opt/ros/jazzy/opt/gz_tools_vendor:/opt/ros/jazzy/opt/gz_ogre_next_vendor:/opt/ros/jazzy/opt/gz_dartsim_vendor:/opt/ros/jazzy/opt/gz_cmake_vendor:/opt/ros/jazzy DEBUGINFOD_URLS=https://debuginfod.ubuntu.com /usr/bin/cmake --build /home/tomoni11/Documents/ROS2/study_ws/build/ransac_pkg -- -j24 -l24
