-- Found ament_cmake: 2.5.3 (/opt/ros/jazzy/share/ament_cmake/cmake)
-- Found Python3: /usr/bin/python3 (found version "3.12.3") found components: Interpreter 
-- Found rclcpp: 28.1.6 (/opt/ros/jazzy/share/rclcpp/cmake)
-- Found rosidl_generator_c: 4.6.5 (/opt/ros/jazzy/share/rosidl_generator_c/cmake)
-- Found rosidl_generator_cpp: 4.6.5 (/opt/ros/jazzy/share/rosidl_generator_cpp/cmake)
-- Using all available rosidl_typesupport_c: rosidl_typesupport_fastrtps_c;rosidl_typesupport_introspection_c
-- Using all available rosidl_typesupport_cpp: rosidl_typesupport_fastrtps_cpp;rosidl_typesupport_introspection_cpp
-- Found rmw_implementation_cmake: 7.3.1 (/opt/ros/jazzy/share/rmw_implementation_cmake/cmake)
-- Found rmw_fastrtps_cpp: 8.4.1 (/opt/ros/jazzy/share/rmw_fastrtps_cpp/cmake)
-- Using RMW implementation 'rmw_fastrtps_cpp' as default
-- Found study_interface: 0.0.0 (/home/tomoni11/Documents/ROS2/study_ws/install/study_interface/share/study_interface/cmake)
-- Found Python3: /usr/include/python3.12 (found version "3.12.3") found components: Development NumPy Interpreter Development.Module Development.Embed 
-- Found ament_lint_auto: 0.17.1 (/opt/ros/jazzy/share/ament_lint_auto/cmake)
-- Added test 'cppcheck' to perform static code analysis on C / C++ code
-- Configured cppcheck include dirs: /home/tomoni11/Documents/ROS2/study_ws/src/ransac_pkg/include/ransac_pkg
-- Configured cppcheck exclude dirs and/or files: 
-- Added test 'flake8' to check Python code syntax and style conventions
-- Configured 'flake8' exclude dirs and/or files: 
-- Added test 'lint_cmake' to check CMake code style
-- Added test 'pep257' to check Python code against some of the docstring style conventions in PEP 257
-- Added test 'uncrustify' to check C / C++ code style
-- Configured uncrustify additional arguments: 
-- Added test 'xmllint' to check XML markup files
-- Configuring done (0.8s)
-- Generating done (0.0s)
-- Build files have been written to: /home/tomoni11/Documents/ROS2/study_ws/build/ransac_pkg
[ 25%] [32mBuilding CXX object CMakeFiles/circle_drower.dir/src/circle_drower.cpp.o[0m
[ 75%] Built target circle
In file included from [01m[K/home/tomoni11/Documents/ROS2/study_ws/src/ransac_pkg/src/circle_drower.cpp:2[m[K:
[01m[K/home/tomoni11/Documents/ROS2/study_ws/src/ransac_pkg/include/ransac_pkg/matplotlibcpp.h:[m[K In constructor â€˜[01m[Kmatplotlibcpp::detail::_interpreter::[01;32m[K_interpreter[m[K()[m[Kâ€™:
[01m[K/home/tomoni11/Documents/ROS2/study_ws/src/ransac_pkg/include/ransac_pkg/matplotlibcpp.h:182:42:[m[K [01;35m[Kwarning: [m[Kâ€˜[01m[Kvoid[01;32m[K Py_SetProgramName[m[K(const wchar_t*)[m[Kâ€™ is deprecated [[01;35m[K]8;;https://gcc.gnu.org/onlinedocs/gcc/Warning-Options.html#index-Wdeprecated-declarations-Wdeprecated-declarations]8;;[m[K]
  182 |                         [01;35m[KPy_SetProgramName(name)[m[K;
      |                         [01;35m[K~~~~~~~~~~~~~~~~~^~~~~~[m[K
In file included from [01m[K/usr/include/python3.12/Python.h:94[m[K,
                 from [01m[K/home/tomoni11/Documents/ROS2/study_ws/src/ransac_pkg/include/ransac_pkg/matplotlibcpp.h:5[m[K:
[01m[K/usr/include/python3.12/pylifecycle.h:37:38:[m[K [01;36m[Knote: [m[Kdeclared here
   37 | Py_DEPRECATED(3.11) PyAPI_FUNC(void) [01;36m[KPy_SetProgramName[m[K(const wchar_t *);
      |                                      [01;36m[K^~~~~~~~~~~~~~~~~[m[K
[01m[K/home/tomoni11/Documents/ROS2/study_ws/src/ransac_pkg/include/ransac_pkg/matplotlibcpp.h:190:38:[m[K [01;35m[Kwarning: [m[Kâ€˜[01m[Kvoid[01;32m[K PySys_SetArgv[m[K(int, wchar_t**)[m[Kâ€™ is deprecated [[01;35m[K]8;;https://gcc.gnu.org/onlinedocs/gcc/Warning-Options.html#index-Wdeprecated-declarations-Wdeprecated-declarations]8;;[m[K]
  190 |                         [01;35m[KPySys_SetArgv(argc, const_cast<wchar_t **>(argv))[m[K;
      |                         [01;35m[K~~~~~~~~~~~~~^~~~~~~~~~~~~~~~~~~~~~~~~~~~~~~~~~~~[m[K
In file included from [01m[K/usr/include/python3.12/Python.h:96[m[K:
[01m[K/usr/include/python3.12/sysmodule.h:13:38:[m[K [01;36m[Knote: [m[Kdeclared here
   13 | Py_DEPRECATED(3.11) PyAPI_FUNC(void) [01;36m[KPySys_SetArgv[m[K(int, wchar_t **);
      |                                      [01;36m[K^~~~~~~~~~~~~[m[K
[01m[K/home/tomoni11/Documents/ROS2/study_ws/src/ransac_pkg/src/circle_drower.cpp:[m[K In member function â€˜[01m[Kvoid Sircle_drower::[01;32m[Kchatter_callback[m[K(study_interface::msg::Circle_<std::allocator<void> >::SharedPtr) const[m[Kâ€™:
[01m[K/home/tomoni11/Documents/ROS2/study_ws/src/ransac_pkg/src/circle_drower.cpp:46:34:[m[K [01;35m[Kwarning: [m[Kleft operand of comma operator has no effect [[01;35m[K]8;;https://gcc.gnu.org/onlinedocs/gcc/Warning-Options.html#index-Wunused-value-Wunused-value]8;;[m[K]
   46 |             for (size_t i = 0; [01;35m[Ki < points_num[m[K, i++)
      |                                [01;35m[K~~^~~~~~~~~~~~[m[K
[01m[K/home/tomoni11/Documents/ROS2/study_ws/src/ransac_pkg/src/circle_drower.cpp:46:51:[m[K [01;31m[Kerror: [m[Kexpected â€˜[01m[K;[m[Kâ€™ before â€˜[01m[K)[m[Kâ€™ token
   46 |             for (size_t i = 0; i < points_num, i++[01;31m[K)[m[K
      |                                                   [01;31m[K^[m[K
[01m[K/home/tomoni11/Documents/ROS2/study_ws/src/ransac_pkg/src/circle_drower.cpp:48:19:[m[K [01;31m[Kerror: [m[Kâ€˜[01m[K_x[m[Kâ€™ was not declared in this scope; did you mean â€˜[01m[K_1[m[Kâ€™?
   48 |                   [01;31m[K_x[m[K.push_back(cos(theta_unit * i) * msg->radius);
      |                   [01;31m[K^~[m[K
      |                   [32m[K_1[m[K
[01m[K/home/tomoni11/Documents/ROS2/study_ws/src/ransac_pkg/src/circle_drower.cpp:48:52:[m[K [01;31m[Kerror: [m[Kno match for â€˜[01m[Koperator*[m[Kâ€™ (operand types are â€˜[01m[Kdouble[m[Kâ€™ and â€˜[01m[Kstudy_interface::msg::Circle_<std::allocator<void> >::_radius_type[m[Kâ€™ {aka â€˜[01m[Kstd::vector<double>[m[Kâ€™})
   48 |                   _x.push_back([32m[Kcos(theta_unit * i)[m[K [01;31m[K*[m[K [34m[Kmsg->radius[m[K);
      |                                [32m[K~~~~~~~~~~~~~~~~~~~[m[K [01;31m[K^[m[K [34m[K~~~~~~~~~~~[m[K
      |                                   [32m[K|[m[K                       [34m[K|[m[K
      |                                   [32m[Kdouble[m[K                  [34m[Kstudy_interface::msg::Circle_<std::allocator<void> >::_radius_type {aka std::vector<double>}[m[K
[01m[K/home/tomoni11/Documents/ROS2/study_ws/src/ransac_pkg/src/circle_drower.cpp:49:19:[m[K [01;31m[Kerror: [m[Kâ€˜[01m[K_y[m[Kâ€™ was not declared in this scope; did you mean â€˜[01m[K_1[m[Kâ€™?
   49 |                   [01;31m[K_y[m[K.push_back(sin(theta_unit * i) * msg->radius);
      |                   [01;31m[K^~[m[K
      |                   [32m[K_1[m[K
[01m[K/home/tomoni11/Documents/ROS2/study_ws/src/ransac_pkg/src/circle_drower.cpp:49:52:[m[K [01;31m[Kerror: [m[Kno match for â€˜[01m[Koperator*[m[Kâ€™ (operand types are â€˜[01m[Kdouble[m[Kâ€™ and â€˜[01m[Kstudy_interface::msg::Circle_<std::allocator<void> >::_radius_type[m[Kâ€™ {aka â€˜[01m[Kstd::vector<double>[m[Kâ€™})
   49 |                   _y.push_back([32m[Ksin(theta_unit * i)[m[K [01;31m[K*[m[K [34m[Kmsg->radius[m[K);
      |                                [32m[K~~~~~~~~~~~~~~~~~~~[m[K [01;31m[K^[m[K [34m[K~~~~~~~~~~~[m[K
      |                                   [32m[K|[m[K                       [34m[K|[m[K
      |                                   [32m[Kdouble[m[K                  [34m[Kstudy_interface::msg::Circle_<std::allocator<void> >::_radius_type {aka std::vector<double>}[m[K
gmake[2]: *** [CMakeFiles/circle_drower.dir/build.make:76: CMakeFiles/circle_drower.dir/src/circle_drower.cpp.o] ã‚¨ãƒ©ãƒ¼ 1
gmake[1]: *** [CMakeFiles/Makefile2:165: CMakeFiles/circle_drower.dir/all] ã‚¨ãƒ©ãƒ¼ 2
gmake: *** [Makefile:146: all] ã‚¨ãƒ©ãƒ¼ 2
