[0.008s] Invoking command in '/home/tomoni11/Documents/ROS2/study_ws/build/ransac_pkg': CMAKE_PREFIX_PATH=/home/tomoni11/Documents/ROS2/study_ws/install/study_interface:/home/tomoni11/Documents/ROS2/study_ws/install/ransac_pkg:/home/tomoni11/Documents/ROS2/study_ws/install/make_cloud_pkg:/home/tomoni11/Documents/ROS2/study_ws/install/interface_pkg:/opt/ros/jazzy/opt/gz_sim_vendor:/opt/ros/jazzy/opt/gz_sensors_vendor:/opt/ros/jazzy/opt/gz_physics_vendor:/opt/ros/jazzy/opt/sdformat_vendor:/opt/ros/jazzy/opt/gz_gui_vendor:/opt/ros/jazzy/opt/gz_transport_vendor:/opt/ros/jazzy/opt/gz_rendering_vendor:/opt/ros/jazzy/opt/gz_plugin_vendor:/opt/ros/jazzy/opt/gz_fuel_tools_vendor:/opt/ros/jazzy/opt/gz_msgs_vendor:/opt/ros/jazzy/opt/gz_common_vendor:/opt/ros/jazzy/opt/gz_math_vendor:/opt/ros/jazzy/opt/gz_utils_vendor:/opt/ros/jazzy/opt/gz_tools_vendor:/opt/ros/jazzy/opt/gz_ogre_next_vendor:/opt/ros/jazzy/opt/gz_dartsim_vendor:/opt/ros/jazzy/opt/gz_cmake_vendor:/opt/ros/jazzy DEBUGINFOD_URLS=https://debuginfod.ubuntu.com /usr/bin/cmake --build /home/tomoni11/Documents/ROS2/study_ws/build/ransac_pkg -- -j24 -l24
[0.031s] -- Found ament_cmake: 2.5.3 (/opt/ros/jazzy/share/ament_cmake/cmake)
[0.056s] -- Found Python3: /usr/bin/python3 (found version "3.12.3") found components: Interpreter 
[0.146s] -- Found rclcpp: 28.1.6 (/opt/ros/jazzy/share/rclcpp/cmake)
[0.172s] -- Found rosidl_generator_c: 4.6.5 (/opt/ros/jazzy/share/rosidl_generator_c/cmake)
[0.178s] -- Found rosidl_generator_cpp: 4.6.5 (/opt/ros/jazzy/share/rosidl_generator_cpp/cmake)
[0.186s] -- Using all available rosidl_typesupport_c: rosidl_typesupport_fastrtps_c;rosidl_typesupport_introspection_c
[0.196s] -- Using all available rosidl_typesupport_cpp: rosidl_typesupport_fastrtps_cpp;rosidl_typesupport_introspection_cpp
[0.247s] -- Found rmw_implementation_cmake: 7.3.1 (/opt/ros/jazzy/share/rmw_implementation_cmake/cmake)
[0.248s] -- Found rmw_fastrtps_cpp: 8.4.1 (/opt/ros/jazzy/share/rmw_fastrtps_cpp/cmake)
[0.305s] -- Using RMW implementation 'rmw_fastrtps_cpp' as default
[0.362s] -- Found study_interface: 0.0.0 (/home/tomoni11/Documents/ROS2/study_ws/install/study_interface/share/study_interface/cmake)
[0.680s] -- Found Python3: /usr/include/python3.12 (found version "3.12.3") found components: Development NumPy Interpreter Development.Module Development.Embed 
[0.681s] -- Found ament_lint_auto: 0.17.1 (/opt/ros/jazzy/share/ament_lint_auto/cmake)
[0.778s] -- Added test 'cppcheck' to perform static code analysis on C / C++ code
[0.778s] -- Configured cppcheck include dirs: /home/tomoni11/Documents/ROS2/study_ws/src/ransac_pkg/include/ransac_pkg
[0.778s] -- Configured cppcheck exclude dirs and/or files: 
[0.778s] -- Added test 'flake8' to check Python code syntax and style conventions
[0.778s] -- Configured 'flake8' exclude dirs and/or files: 
[0.779s] -- Added test 'lint_cmake' to check CMake code style
[0.779s] -- Added test 'pep257' to check Python code against some of the docstring style conventions in PEP 257
[0.779s] -- Added test 'uncrustify' to check C / C++ code style
[0.779s] -- Configured uncrustify additional arguments: 
[0.780s] -- Added test 'xmllint' to check XML markup files
[0.780s] -- Configuring done (0.8s)
[0.794s] -- Generating done (0.0s)
[0.798s] -- Build files have been written to: /home/tomoni11/Documents/ROS2/study_ws/build/ransac_pkg
[0.833s] [ 25%] [32mBuilding CXX object CMakeFiles/circle_drower.dir/src/circle_drower.cpp.o[0m
[0.840s] [ 75%] Built target circle
[1.374s] In file included from [01m[K/home/tomoni11/Documents/ROS2/study_ws/src/ransac_pkg/src/circle_drower.cpp:2[m[K:
[1.374s] [01m[K/home/tomoni11/Documents/ROS2/study_ws/src/ransac_pkg/include/ransac_pkg/matplotlibcpp.h:[m[K In constructor â€˜[01m[Kmatplotlibcpp::detail::_interpreter::[01;32m[K_interpreter[m[K()[m[Kâ€™:
[1.374s] [01m[K/home/tomoni11/Documents/ROS2/study_ws/src/ransac_pkg/include/ransac_pkg/matplotlibcpp.h:182:42:[m[K [01;35m[Kwarning: [m[Kâ€˜[01m[Kvoid[01;32m[K Py_SetProgramName[m[K(const wchar_t*)[m[Kâ€™ is deprecated [[01;35m[K]8;;https://gcc.gnu.org/onlinedocs/gcc/Warning-Options.html#index-Wdeprecated-declarations-Wdeprecated-declarations]8;;[m[K]
[1.374s]   182 |                         [01;35m[KPy_SetProgramName(name)[m[K;
[1.374s]       |                         [01;35m[K~~~~~~~~~~~~~~~~~^~~~~~[m[K
[1.374s] In file included from [01m[K/usr/include/python3.12/Python.h:94[m[K,
[1.375s]                  from [01m[K/home/tomoni11/Documents/ROS2/study_ws/src/ransac_pkg/include/ransac_pkg/matplotlibcpp.h:5[m[K:
[1.375s] [01m[K/usr/include/python3.12/pylifecycle.h:37:38:[m[K [01;36m[Knote: [m[Kdeclared here
[1.375s]    37 | Py_DEPRECATED(3.11) PyAPI_FUNC(void) [01;36m[KPy_SetProgramName[m[K(const wchar_t *);
[1.375s]       |                                      [01;36m[K^~~~~~~~~~~~~~~~~[m[K
[1.375s] [01m[K/home/tomoni11/Documents/ROS2/study_ws/src/ransac_pkg/include/ransac_pkg/matplotlibcpp.h:190:38:[m[K [01;35m[Kwarning: [m[Kâ€˜[01m[Kvoid[01;32m[K PySys_SetArgv[m[K(int, wchar_t**)[m[Kâ€™ is deprecated [[01;35m[K]8;;https://gcc.gnu.org/onlinedocs/gcc/Warning-Options.html#index-Wdeprecated-declarations-Wdeprecated-declarations]8;;[m[K]
[1.375s]   190 |                         [01;35m[KPySys_SetArgv(argc, const_cast<wchar_t **>(argv))[m[K;
[1.375s]       |                         [01;35m[K~~~~~~~~~~~~~^~~~~~~~~~~~~~~~~~~~~~~~~~~~~~~~~~~~[m[K
[1.375s] In file included from [01m[K/usr/include/python3.12/Python.h:96[m[K:
[1.375s] [01m[K/usr/include/python3.12/sysmodule.h:13:38:[m[K [01;36m[Knote: [m[Kdeclared here
[1.375s]    13 | Py_DEPRECATED(3.11) PyAPI_FUNC(void) [01;36m[KPySys_SetArgv[m[K(int, wchar_t **);
[1.375s]       |                                      [01;36m[K^~~~~~~~~~~~~[m[K
[2.825s] [01m[K/home/tomoni11/Documents/ROS2/study_ws/src/ransac_pkg/src/circle_drower.cpp:[m[K In member function â€˜[01m[Kvoid Sircle_drower::[01;32m[Kchatter_callback[m[K(study_interface::msg::Circle_<std::allocator<void> >::SharedPtr) const[m[Kâ€™:
[2.825s] [01m[K/home/tomoni11/Documents/ROS2/study_ws/src/ransac_pkg/src/circle_drower.cpp:46:34:[m[K [01;35m[Kwarning: [m[Kleft operand of comma operator has no effect [[01;35m[K]8;;https://gcc.gnu.org/onlinedocs/gcc/Warning-Options.html#index-Wunused-value-Wunused-value]8;;[m[K]
[2.825s]    46 |             for (size_t i = 0; [01;35m[Ki < points_num[m[K, i++)
[2.825s]       |                                [01;35m[K~~^~~~~~~~~~~~[m[K
[2.825s] [01m[K/home/tomoni11/Documents/ROS2/study_ws/src/ransac_pkg/src/circle_drower.cpp:46:51:[m[K [01;31m[Kerror: [m[Kexpected â€˜[01m[K;[m[Kâ€™ before â€˜[01m[K)[m[Kâ€™ token
[2.825s]    46 |             for (size_t i = 0; i < points_num, i++[01;31m[K)[m[K
[2.825s]       |                                                   [01;31m[K^[m[K
[2.832s] [01m[K/home/tomoni11/Documents/ROS2/study_ws/src/ransac_pkg/src/circle_drower.cpp:48:19:[m[K [01;31m[Kerror: [m[Kâ€˜[01m[K_x[m[Kâ€™ was not declared in this scope; did you mean â€˜[01m[K_1[m[Kâ€™?
[2.833s]    48 |                   [01;31m[K_x[m[K.push_back(cos(theta_unit * i) * msg->radius);
[2.833s]       |                   [01;31m[K^~[m[K
[2.833s]       |                   [32m[K_1[m[K
[2.833s] [01m[K/home/tomoni11/Documents/ROS2/study_ws/src/ransac_pkg/src/circle_drower.cpp:48:52:[m[K [01;31m[Kerror: [m[Kno match for â€˜[01m[Koperator*[m[Kâ€™ (operand types are â€˜[01m[Kdouble[m[Kâ€™ and â€˜[01m[Kstudy_interface::msg::Circle_<std::allocator<void> >::_radius_type[m[Kâ€™ {aka â€˜[01m[Kstd::vector<double>[m[Kâ€™})
[2.833s]    48 |                   _x.push_back([32m[Kcos(theta_unit * i)[m[K [01;31m[K*[m[K [34m[Kmsg->radius[m[K);
[2.833s]       |                                [32m[K~~~~~~~~~~~~~~~~~~~[m[K [01;31m[K^[m[K [34m[K~~~~~~~~~~~[m[K
[2.833s]       |                                   [32m[K|[m[K                       [34m[K|[m[K
[2.833s]       |                                   [32m[Kdouble[m[K                  [34m[Kstudy_interface::msg::Circle_<std::allocator<void> >::_radius_type {aka std::vector<double>}[m[K
[2.840s] [01m[K/home/tomoni11/Documents/ROS2/study_ws/src/ransac_pkg/src/circle_drower.cpp:49:19:[m[K [01;31m[Kerror: [m[Kâ€˜[01m[K_y[m[Kâ€™ was not declared in this scope; did you mean â€˜[01m[K_1[m[Kâ€™?
[2.840s]    49 |                   [01;31m[K_y[m[K.push_back(sin(theta_unit * i) * msg->radius);
[2.840s]       |                   [01;31m[K^~[m[K
[2.840s]       |                   [32m[K_1[m[K
[2.840s] [01m[K/home/tomoni11/Documents/ROS2/study_ws/src/ransac_pkg/src/circle_drower.cpp:49:52:[m[K [01;31m[Kerror: [m[Kno match for â€˜[01m[Koperator*[m[Kâ€™ (operand types are â€˜[01m[Kdouble[m[Kâ€™ and â€˜[01m[Kstudy_interface::msg::Circle_<std::allocator<void> >::_radius_type[m[Kâ€™ {aka â€˜[01m[Kstd::vector<double>[m[Kâ€™})
[2.840s]    49 |                   _y.push_back([32m[Ksin(theta_unit * i)[m[K [01;31m[K*[m[K [34m[Kmsg->radius[m[K);
[2.840s]       |                                [32m[K~~~~~~~~~~~~~~~~~~~[m[K [01;31m[K^[m[K [34m[K~~~~~~~~~~~[m[K
[2.840s]       |                                   [32m[K|[m[K                       [34m[K|[m[K
[2.840s]       |                                   [32m[Kdouble[m[K                  [34m[Kstudy_interface::msg::Circle_<std::allocator<void> >::_radius_type {aka std::vector<double>}[m[K
[4.234s] gmake[2]: *** [CMakeFiles/circle_drower.dir/build.make:76: CMakeFiles/circle_drower.dir/src/circle_drower.cpp.o] ã‚¨ãƒ©ãƒ¼ 1
[4.234s] gmake[1]: *** [CMakeFiles/Makefile2:165: CMakeFiles/circle_drower.dir/all] ã‚¨ãƒ©ãƒ¼ 2
[4.235s] gmake: *** [Makefile:146: all] ã‚¨ãƒ©ãƒ¼ 2
[4.237s] Invoked command in '/home/tomoni11/Documents/ROS2/study_ws/build/ransac_pkg' returned '2': CMAKE_PREFIX_PATH=/home/tomoni11/Documents/ROS2/study_ws/install/study_interface:/home/tomoni11/Documents/ROS2/study_ws/install/ransac_pkg:/home/tomoni11/Documents/ROS2/study_ws/install/make_cloud_pkg:/home/tomoni11/Documents/ROS2/study_ws/install/interface_pkg:/opt/ros/jazzy/opt/gz_sim_vendor:/opt/ros/jazzy/opt/gz_sensors_vendor:/opt/ros/jazzy/opt/gz_physics_vendor:/opt/ros/jazzy/opt/sdformat_vendor:/opt/ros/jazzy/opt/gz_gui_vendor:/opt/ros/jazzy/opt/gz_transport_vendor:/opt/ros/jazzy/opt/gz_rendering_vendor:/opt/ros/jazzy/opt/gz_plugin_vendor:/opt/ros/jazzy/opt/gz_fuel_tools_vendor:/opt/ros/jazzy/opt/gz_msgs_vendor:/opt/ros/jazzy/opt/gz_common_vendor:/opt/ros/jazzy/opt/gz_math_vendor:/opt/ros/jazzy/opt/gz_utils_vendor:/opt/ros/jazzy/opt/gz_tools_vendor:/opt/ros/jazzy/opt/gz_ogre_next_vendor:/opt/ros/jazzy/opt/gz_dartsim_vendor:/opt/ros/jazzy/opt/gz_cmake_vendor:/opt/ros/jazzy DEBUGINFOD_URLS=https://debuginfod.ubuntu.com /usr/bin/cmake --build /home/tomoni11/Documents/ROS2/study_ws/build/ransac_pkg -- -j24 -l24
