[0.008s] Invoking command in '/home/tomoni11/Documents/ROS2/study_ws/build/make_cloud_pkg': CMAKE_PREFIX_PATH=${CMAKE_PREFIX_PATH}:/opt/ros/jazzy DEBUGINFOD_URLS=https://debuginfod.ubuntu.com /usr/bin/cmake --build /home/tomoni11/Documents/ROS2/study_ws/build/make_cloud_pkg -- -j24 -l24
[0.061s] [ 50%] [32mBuilding CXX object CMakeFiles/circle.dir/src/circle.cpp.o[0m
[1.849s] [01m[K/home/tomoni11/Documents/ROS2/study_ws/src/make_cloud_pkg/src/circle.cpp:40:27:[m[K [01;31m[Kerror: [m[Kâ€˜[01m[Kseed_gen[m[Kâ€™ is not a type
[1.849s]    40 |       std::mt19937 engine([01;31m[Kseed_gen[m[K());
[1.849s]       |                           [01;31m[K^~~~~~~~[m[K
[1.849s] [01m[K/home/tomoni11/Documents/ROS2/study_ws/src/make_cloud_pkg/src/circle.cpp:41:52:[m[K [01;31m[Kerror: [m[Kexpected identifier before â€˜[01m[K-[m[Kâ€™ token
[1.849s]    41 |       std::uniform_real_distribution<double> dist1([01;31m[K-[m[K1.0f, 1.0f);
[1.849s]       |                                                    [01;31m[K^[m[K
[1.849s] [01m[K/home/tomoni11/Documents/ROS2/study_ws/src/make_cloud_pkg/src/circle.cpp:41:52:[m[K [01;31m[Kerror: [m[Kexpected â€˜[01m[K,[m[Kâ€™ or â€˜[01m[K...[m[Kâ€™ before â€˜[01m[K-[m[Kâ€™ token
[1.857s] [01m[K/home/tomoni11/Documents/ROS2/study_ws/src/make_cloud_pkg/src/circle.cpp:[m[K In member function â€˜[01m[Kvoid SimpleTalker::[01;32m[Ktimer_callback[m[K()[m[Kâ€™:
[1.857s] [01m[K/home/tomoni11/Documents/ROS2/study_ws/src/make_cloud_pkg/src/circle.cpp:28:43:[m[K [01;31m[Kerror: [m[Kâ€˜[01m[Kusing study_interface::msg::Cloud = struct study_interface::msg::Cloud_<std::allocator<void> >[m[Kâ€™ {aka â€˜[01m[Kstruct study_interface::msg::Cloud_<std::allocator<void> >[m[Kâ€™} has no member named â€˜[01m[Ksize[m[Kâ€™
[1.857s]    28 |             for (int i = 0; i < msg_cloud.[01;31m[Ksize[m[K())
[1.857s]       |                                           [01;31m[K^~~~[m[K
[1.857s] [01m[K/home/tomoni11/Documents/ROS2/study_ws/src/make_cloud_pkg/src/circle.cpp:28:49:[m[K [01;31m[Kerror: [m[Kexpected â€˜[01m[K;[m[Kâ€™ before â€˜[01m[K)[m[Kâ€™ token
[1.857s]    28 |             for (int i = 0; i < msg_cloud.size()[01;31m[K)[m[K
[1.857s]       |                                                 [01;31m[K^[m[K
[1.857s] [01m[K/home/tomoni11/Documents/ROS2/study_ws/src/make_cloud_pkg/src/circle.cpp:30:41:[m[K [01;31m[Kerror: [m[Kinvalid use of non-static member function â€˜[01m[Kstd::mt19937 SimpleTalker::[01;32m[Kengine[m[K(int (*)())[m[Kâ€™
[1.857s]    30 |                   double length = dist1([01;31m[Kengine[m[K);
[1.857s]       |                                         [01;31m[K^~~~~~[m[K
[1.857s] [01m[K/home/tomoni11/Documents/ROS2/study_ws/src/make_cloud_pkg/src/circle.cpp:40:20:[m[K [01;36m[Knote: [m[Kdeclared here
[1.857s]    40 |       std::mt19937 [01;36m[Kengine[m[K(seed_gen());
[1.857s]       |                    [01;36m[K^~~~~~[m[K
[2.640s] gmake[2]: *** [CMakeFiles/circle.dir/build.make:76: CMakeFiles/circle.dir/src/circle.cpp.o] ã‚¨ãƒ©ãƒ¼ 1
[2.640s] gmake[1]: *** [CMakeFiles/Makefile2:137: CMakeFiles/circle.dir/all] ã‚¨ãƒ©ãƒ¼ 2
[2.641s] gmake: *** [Makefile:146: all] ã‚¨ãƒ©ãƒ¼ 2
[2.642s] Invoked command in '/home/tomoni11/Documents/ROS2/study_ws/build/make_cloud_pkg' returned '2': CMAKE_PREFIX_PATH=${CMAKE_PREFIX_PATH}:/opt/ros/jazzy DEBUGINFOD_URLS=https://debuginfod.ubuntu.com /usr/bin/cmake --build /home/tomoni11/Documents/ROS2/study_ws/build/make_cloud_pkg -- -j24 -l24
