In file included from [01m[K/home/tomoni11/Documents/ROS2/study_ws/src/ransac_pkg/src/line_drower.cpp:2[m[K:
[01m[K/home/tomoni11/Documents/ROS2/study_ws/src/ransac_pkg/include/ransac_pkg/matplotlibcpp.h:[m[K In constructor â€˜[01m[Kmatplotlibcpp::detail::_interpreter::[01;32m[K_interpreter[m[K()[m[Kâ€™:
[01m[K/home/tomoni11/Documents/ROS2/study_ws/src/ransac_pkg/include/ransac_pkg/matplotlibcpp.h:182:42:[m[K [01;35m[Kwarning: [m[Kâ€˜[01m[Kvoid[01;32m[K Py_SetProgramName[m[K(const wchar_t*)[m[Kâ€™ is deprecated [[01;35m[K]8;;https://gcc.gnu.org/onlinedocs/gcc/Warning-Options.html#index-Wdeprecated-declarations-Wdeprecated-declarations]8;;[m[K]
  182 |                         [01;35m[KPy_SetProgramName(name)[m[K;
      |                         [01;35m[K~~~~~~~~~~~~~~~~~^~~~~~[m[K
In file included from [01m[K/usr/include/python3.12/Python.h:94[m[K,
                 from [01m[K/home/tomoni11/Documents/ROS2/study_ws/src/ransac_pkg/include/ransac_pkg/matplotlibcpp.h:5[m[K:
[01m[K/usr/include/python3.12/pylifecycle.h:37:38:[m[K [01;36m[Knote: [m[Kdeclared here
   37 | Py_DEPRECATED(3.11) PyAPI_FUNC(void) [01;36m[KPy_SetProgramName[m[K(const wchar_t *);
      |                                      [01;36m[K^~~~~~~~~~~~~~~~~[m[K
[01m[K/home/tomoni11/Documents/ROS2/study_ws/src/ransac_pkg/include/ransac_pkg/matplotlibcpp.h:190:38:[m[K [01;35m[Kwarning: [m[Kâ€˜[01m[Kvoid[01;32m[K PySys_SetArgv[m[K(int, wchar_t**)[m[Kâ€™ is deprecated [[01;35m[K]8;;https://gcc.gnu.org/onlinedocs/gcc/Warning-Options.html#index-Wdeprecated-declarations-Wdeprecated-declarations]8;;[m[K]
  190 |                         [01;35m[KPySys_SetArgv(argc, const_cast<wchar_t **>(argv))[m[K;
      |                         [01;35m[K~~~~~~~~~~~~~^~~~~~~~~~~~~~~~~~~~~~~~~~~~~~~~~~~~[m[K
In file included from [01m[K/usr/include/python3.12/Python.h:96[m[K:
[01m[K/usr/include/python3.12/sysmodule.h:13:38:[m[K [01;36m[Knote: [m[Kdeclared here
   13 | Py_DEPRECATED(3.11) PyAPI_FUNC(void) [01;36m[KPySys_SetArgv[m[K(int, wchar_t **);
      |                                      [01;36m[K^~~~~~~~~~~~~[m[K
[01m[K/home/tomoni11/Documents/ROS2/study_ws/src/ransac_pkg/src/line_drower.cpp:[m[K In function â€˜[01m[Kvoid[01;32m[K drow_axes[m[K(int)[m[Kâ€™:
[01m[K/home/tomoni11/Documents/ROS2/study_ws/src/ransac_pkg/src/line_drower.cpp:19:13:[m[K [01;31m[Kerror: [m[Kâ€˜[01m[Kx_x_msg[m[Kâ€™ was not declared in this scope
   19 |             [01;31m[Kx_x_msg[m[K->push_back(i * x);
      |             [01;31m[K^~~~~~~[m[K
[01m[K/home/tomoni11/Documents/ROS2/study_ws/src/ransac_pkg/src/line_drower.cpp:20:13:[m[K [01;31m[Kerror: [m[Kâ€˜[01m[Ky_x_msg[m[Kâ€™ was not declared in this scope
   20 |             [01;31m[Ky_x_msg[m[K->push_back(0);
      |             [01;31m[K^~~~~~~[m[K
[01m[K/home/tomoni11/Documents/ROS2/study_ws/src/ransac_pkg/src/line_drower.cpp:21:13:[m[K [01;31m[Kerror: [m[Kâ€˜[01m[Ky_y_msg[m[Kâ€™ was not declared in this scope
   21 |             [01;31m[Ky_y_msg[m[K->push_back(i * x);
      |             [01;31m[K^~~~~~~[m[K
[01m[K/home/tomoni11/Documents/ROS2/study_ws/src/ransac_pkg/src/line_drower.cpp:22:13:[m[K [01;31m[Kerror: [m[Kâ€˜[01m[Kx_y_msg[m[Kâ€™ was not declared in this scope
   22 |             [01;31m[Kx_y_msg[m[K->push_back(0);
      |             [01;31m[K^~~~~~~[m[K
gmake[2]: *** [CMakeFiles/line_drower.dir/build.make:76: CMakeFiles/line_drower.dir/src/line_drower.cpp.o] ã‚¨ãƒ©ãƒ¼ 1
gmake[1]: *** [CMakeFiles/Makefile2:193: CMakeFiles/line_drower.dir/all] ã‚¨ãƒ©ãƒ¼ 2
gmake: *** [Makefile:146: all] ã‚¨ãƒ©ãƒ¼ 2
