[0.007s] Invoking command in '/home/tomoni11/Documents/ROS2/study_ws/build/ransac_pkg': CMAKE_PREFIX_PATH=/home/tomoni11/Documents/ROS2/study_ws/install/study_interface:/home/tomoni11/Documents/ROS2/study_ws/install/ransac_pkg:/home/tomoni11/Documents/ROS2/study_ws/install/make_cloud_pkg:/home/tomoni11/Documents/ROS2/study_ws/install/interface_pkg:/opt/ros/jazzy/opt/gz_sim_vendor:/opt/ros/jazzy/opt/gz_sensors_vendor:/opt/ros/jazzy/opt/gz_physics_vendor:/opt/ros/jazzy/opt/sdformat_vendor:/opt/ros/jazzy/opt/gz_gui_vendor:/opt/ros/jazzy/opt/gz_transport_vendor:/opt/ros/jazzy/opt/gz_rendering_vendor:/opt/ros/jazzy/opt/gz_plugin_vendor:/opt/ros/jazzy/opt/gz_fuel_tools_vendor:/opt/ros/jazzy/opt/gz_msgs_vendor:/opt/ros/jazzy/opt/gz_common_vendor:/opt/ros/jazzy/opt/gz_math_vendor:/opt/ros/jazzy/opt/gz_utils_vendor:/opt/ros/jazzy/opt/gz_tools_vendor:/opt/ros/jazzy/opt/gz_ogre_next_vendor:/opt/ros/jazzy/opt/gz_dartsim_vendor:/opt/ros/jazzy/opt/gz_cmake_vendor:/opt/ros/jazzy DEBUGINFOD_URLS=https://debuginfod.ubuntu.com /usr/bin/cmake --build /home/tomoni11/Documents/ROS2/study_ws/build/ransac_pkg -- -j24 -l24
[0.059s] [ 33%] Built target circle
[0.059s] [ 66%] Built target circle_drower
[0.069s] [ 83%] [32mBuilding CXX object CMakeFiles/line_drower.dir/src/line_drower.cpp.o[0m
[0.462s] In file included from [01m[K/home/tomoni11/Documents/ROS2/study_ws/src/ransac_pkg/src/line_drower.cpp:2[m[K:
[0.462s] [01m[K/home/tomoni11/Documents/ROS2/study_ws/src/ransac_pkg/include/ransac_pkg/matplotlibcpp.h:[m[K In constructor â€˜[01m[Kmatplotlibcpp::detail::_interpreter::[01;32m[K_interpreter[m[K()[m[Kâ€™:
[0.462s] [01m[K/home/tomoni11/Documents/ROS2/study_ws/src/ransac_pkg/include/ransac_pkg/matplotlibcpp.h:182:42:[m[K [01;35m[Kwarning: [m[Kâ€˜[01m[Kvoid[01;32m[K Py_SetProgramName[m[K(const wchar_t*)[m[Kâ€™ is deprecated [[01;35m[K]8;;https://gcc.gnu.org/onlinedocs/gcc/Warning-Options.html#index-Wdeprecated-declarations-Wdeprecated-declarations]8;;[m[K]
[0.462s]   182 |                         [01;35m[KPy_SetProgramName(name)[m[K;
[0.462s]       |                         [01;35m[K~~~~~~~~~~~~~~~~~^~~~~~[m[K
[0.462s] In file included from [01m[K/usr/include/python3.12/Python.h:94[m[K,
[0.462s]                  from [01m[K/home/tomoni11/Documents/ROS2/study_ws/src/ransac_pkg/include/ransac_pkg/matplotlibcpp.h:5[m[K:
[0.462s] [01m[K/usr/include/python3.12/pylifecycle.h:37:38:[m[K [01;36m[Knote: [m[Kdeclared here
[0.462s]    37 | Py_DEPRECATED(3.11) PyAPI_FUNC(void) [01;36m[KPy_SetProgramName[m[K(const wchar_t *);
[0.462s]       |                                      [01;36m[K^~~~~~~~~~~~~~~~~[m[K
[0.463s] [01m[K/home/tomoni11/Documents/ROS2/study_ws/src/ransac_pkg/include/ransac_pkg/matplotlibcpp.h:190:38:[m[K [01;35m[Kwarning: [m[Kâ€˜[01m[Kvoid[01;32m[K PySys_SetArgv[m[K(int, wchar_t**)[m[Kâ€™ is deprecated [[01;35m[K]8;;https://gcc.gnu.org/onlinedocs/gcc/Warning-Options.html#index-Wdeprecated-declarations-Wdeprecated-declarations]8;;[m[K]
[0.463s]   190 |                         [01;35m[KPySys_SetArgv(argc, const_cast<wchar_t **>(argv))[m[K;
[0.463s]       |                         [01;35m[K~~~~~~~~~~~~~^~~~~~~~~~~~~~~~~~~~~~~~~~~~~~~~~~~~[m[K
[0.463s] In file included from [01m[K/usr/include/python3.12/Python.h:96[m[K:
[0.463s] [01m[K/usr/include/python3.12/sysmodule.h:13:38:[m[K [01;36m[Knote: [m[Kdeclared here
[0.463s]    13 | Py_DEPRECATED(3.11) PyAPI_FUNC(void) [01;36m[KPySys_SetArgv[m[K(int, wchar_t **);
[0.463s]       |                                      [01;36m[K^~~~~~~~~~~~~[m[K
[1.473s] [01m[K/home/tomoni11/Documents/ROS2/study_ws/src/ransac_pkg/src/line_drower.cpp:[m[K In function â€˜[01m[Kvoid[01;32m[K drow_axes[m[K(int)[m[Kâ€™:
[1.473s] [01m[K/home/tomoni11/Documents/ROS2/study_ws/src/ransac_pkg/src/line_drower.cpp:19:13:[m[K [01;31m[Kerror: [m[Kâ€˜[01m[Kx_x_msg[m[Kâ€™ was not declared in this scope
[1.473s]    19 |             [01;31m[Kx_x_msg[m[K->push_back(i * x);
[1.473s]       |             [01;31m[K^~~~~~~[m[K
[1.477s] [01m[K/home/tomoni11/Documents/ROS2/study_ws/src/ransac_pkg/src/line_drower.cpp:20:13:[m[K [01;31m[Kerror: [m[Kâ€˜[01m[Ky_x_msg[m[Kâ€™ was not declared in this scope
[1.477s]    20 |             [01;31m[Ky_x_msg[m[K->push_back(0);
[1.477s]       |             [01;31m[K^~~~~~~[m[K
[1.481s] [01m[K/home/tomoni11/Documents/ROS2/study_ws/src/ransac_pkg/src/line_drower.cpp:21:13:[m[K [01;31m[Kerror: [m[Kâ€˜[01m[Ky_y_msg[m[Kâ€™ was not declared in this scope
[1.481s]    21 |             [01;31m[Ky_y_msg[m[K->push_back(i * x);
[1.481s]       |             [01;31m[K^~~~~~~[m[K
[1.484s] [01m[K/home/tomoni11/Documents/ROS2/study_ws/src/ransac_pkg/src/line_drower.cpp:22:13:[m[K [01;31m[Kerror: [m[Kâ€˜[01m[Kx_y_msg[m[Kâ€™ was not declared in this scope
[1.484s]    22 |             [01;31m[Kx_y_msg[m[K->push_back(0);
[1.484s]       |             [01;31m[K^~~~~~~[m[K
[2.864s] gmake[2]: *** [CMakeFiles/line_drower.dir/build.make:76: CMakeFiles/line_drower.dir/src/line_drower.cpp.o] ã‚¨ãƒ©ãƒ¼ 1
[2.864s] gmake[1]: *** [CMakeFiles/Makefile2:193: CMakeFiles/line_drower.dir/all] ã‚¨ãƒ©ãƒ¼ 2
[2.864s] gmake: *** [Makefile:146: all] ã‚¨ãƒ©ãƒ¼ 2
[2.866s] Invoked command in '/home/tomoni11/Documents/ROS2/study_ws/build/ransac_pkg' returned '2': CMAKE_PREFIX_PATH=/home/tomoni11/Documents/ROS2/study_ws/install/study_interface:/home/tomoni11/Documents/ROS2/study_ws/install/ransac_pkg:/home/tomoni11/Documents/ROS2/study_ws/install/make_cloud_pkg:/home/tomoni11/Documents/ROS2/study_ws/install/interface_pkg:/opt/ros/jazzy/opt/gz_sim_vendor:/opt/ros/jazzy/opt/gz_sensors_vendor:/opt/ros/jazzy/opt/gz_physics_vendor:/opt/ros/jazzy/opt/sdformat_vendor:/opt/ros/jazzy/opt/gz_gui_vendor:/opt/ros/jazzy/opt/gz_transport_vendor:/opt/ros/jazzy/opt/gz_rendering_vendor:/opt/ros/jazzy/opt/gz_plugin_vendor:/opt/ros/jazzy/opt/gz_fuel_tools_vendor:/opt/ros/jazzy/opt/gz_msgs_vendor:/opt/ros/jazzy/opt/gz_common_vendor:/opt/ros/jazzy/opt/gz_math_vendor:/opt/ros/jazzy/opt/gz_utils_vendor:/opt/ros/jazzy/opt/gz_tools_vendor:/opt/ros/jazzy/opt/gz_ogre_next_vendor:/opt/ros/jazzy/opt/gz_dartsim_vendor:/opt/ros/jazzy/opt/gz_cmake_vendor:/opt/ros/jazzy DEBUGINFOD_URLS=https://debuginfod.ubuntu.com /usr/bin/cmake --build /home/tomoni11/Documents/ROS2/study_ws/build/ransac_pkg -- -j24 -l24
