[ 25%] [32mBuilding CXX object CMakeFiles/drower.dir/src/circle_main.cpp.o[0m
[ 50%] [32mBuilding CXX object CMakeFiles/circle.dir/src/circle_main.cpp.o[0m
[01m[K/home/tomoni11/Documents/ROS2/study_ws/src/ransac_pkg/src/circle_main.cpp:[m[K In member function â€˜[01m[Kvoid CircleRansac::[01;32m[KtopicCallback[m[K(study_interface::msg::Cloud_<std::allocator<void> >::SharedPtr)[m[Kâ€™:
[01m[K/home/tomoni11/Documents/ROS2/study_ws/src/ransac_pkg/src/circle_main.cpp:40:32:[m[K [01;31m[Kerror: [m[Kâ€˜[01m[Kanswer[m[Kâ€™ was not declared in this scope; did you mean â€˜[01m[Kanswers[m[Kâ€™?
   40 |                   std::cout << [01;31m[Kanswer[m[K[i].radius;
      |                                [01;31m[K^~~~~~[m[K
      |                                [32m[Kanswers[m[K
[01m[K/home/tomoni11/Documents/ROS2/study_ws/src/ransac_pkg/src/circle_main.cpp:[m[K In member function â€˜[01m[Kvoid CircleRansac::[01;32m[KtopicCallback[m[K(study_interface::msg::Cloud_<std::allocator<void> >::SharedPtr)[m[Kâ€™:
[01m[K/home/tomoni11/Documents/ROS2/study_ws/src/ransac_pkg/src/circle_main.cpp:40:32:[m[K [01;31m[Kerror: [m[Kâ€˜[01m[Kanswer[m[Kâ€™ was not declared in this scope; did you mean â€˜[01m[Kanswers[m[Kâ€™?
   40 |                   std::cout << [01;31m[Kanswer[m[K[i].radius;
      |                                [01;31m[K^~~~~~[m[K
      |                                [32m[Kanswers[m[K
gmake[2]: *** [CMakeFiles/circle.dir/build.make:76: CMakeFiles/circle.dir/src/circle_main.cpp.o] ã‚¨ãƒ©ãƒ¼ 1
gmake[1]: *** [CMakeFiles/Makefile2:139: CMakeFiles/circle.dir/all] ã‚¨ãƒ©ãƒ¼ 2
gmake[1]: *** æœªå®Œäº†ã®ã‚¸ãƒ§ãƒ–ã‚’å¾…ã£ã¦ã„ã¾ã™....
gmake[2]: *** [CMakeFiles/drower.dir/build.make:76: CMakeFiles/drower.dir/src/circle_main.cpp.o] ã‚¨ãƒ©ãƒ¼ 1
gmake[1]: *** [CMakeFiles/Makefile2:165: CMakeFiles/drower.dir/all] ã‚¨ãƒ©ãƒ¼ 2
gmake: *** [Makefile:146: all] ã‚¨ãƒ©ãƒ¼ 2
