[0.007s] Invoking command in '/home/tomoni11/Documents/ROS2/study_ws/build/ransac_pkg': CMAKE_PREFIX_PATH=/home/tomoni11/Documents/ROS2/study_ws/install/study_interface:/home/tomoni11/Documents/ROS2/study_ws/install/ransac_pkg:/home/tomoni11/Documents/ROS2/study_ws/install/make_cloud_pkg:/home/tomoni11/Documents/ROS2/study_ws/install/interface_pkg:/opt/ros/jazzy/opt/gz_sim_vendor:/opt/ros/jazzy/opt/gz_sensors_vendor:/opt/ros/jazzy/opt/gz_physics_vendor:/opt/ros/jazzy/opt/sdformat_vendor:/opt/ros/jazzy/opt/gz_gui_vendor:/opt/ros/jazzy/opt/gz_transport_vendor:/opt/ros/jazzy/opt/gz_rendering_vendor:/opt/ros/jazzy/opt/gz_plugin_vendor:/opt/ros/jazzy/opt/gz_fuel_tools_vendor:/opt/ros/jazzy/opt/gz_msgs_vendor:/opt/ros/jazzy/opt/gz_common_vendor:/opt/ros/jazzy/opt/gz_math_vendor:/opt/ros/jazzy/opt/gz_utils_vendor:/opt/ros/jazzy/opt/gz_tools_vendor:/opt/ros/jazzy/opt/gz_ogre_next_vendor:/opt/ros/jazzy/opt/gz_dartsim_vendor:/opt/ros/jazzy/opt/gz_cmake_vendor:/opt/ros/jazzy DEBUGINFOD_URLS=https://debuginfod.ubuntu.com /usr/bin/cmake --build /home/tomoni11/Documents/ROS2/study_ws/build/ransac_pkg -- -j24 -l24
[0.030s] -- Found ament_cmake: 2.5.3 (/opt/ros/jazzy/share/ament_cmake/cmake)
[0.053s] -- Found Python3: /usr/bin/python3 (found version "3.12.3") found components: Interpreter 
[0.125s] -- Found rclcpp: 28.1.6 (/opt/ros/jazzy/share/rclcpp/cmake)
[0.146s] -- Found rosidl_generator_c: 4.6.5 (/opt/ros/jazzy/share/rosidl_generator_c/cmake)
[0.152s] -- Found rosidl_generator_cpp: 4.6.5 (/opt/ros/jazzy/share/rosidl_generator_cpp/cmake)
[0.161s] -- Using all available rosidl_typesupport_c: rosidl_typesupport_fastrtps_c;rosidl_typesupport_introspection_c
[0.170s] -- Using all available rosidl_typesupport_cpp: rosidl_typesupport_fastrtps_cpp;rosidl_typesupport_introspection_cpp
[0.217s] -- Found rmw_implementation_cmake: 7.3.1 (/opt/ros/jazzy/share/rmw_implementation_cmake/cmake)
[0.218s] -- Found rmw_fastrtps_cpp: 8.4.1 (/opt/ros/jazzy/share/rmw_fastrtps_cpp/cmake)
[0.282s] -- Using RMW implementation 'rmw_fastrtps_cpp' as default
[0.335s] -- Found study_interface: 0.0.0 (/home/tomoni11/Documents/ROS2/study_ws/install/study_interface/share/study_interface/cmake)
[0.596s] -- Found Python3: /usr/include/python3.12 (found version "3.12.3") found components: Development NumPy Interpreter Development.Module Development.Embed 
[0.597s] -- Found ament_lint_auto: 0.17.1 (/opt/ros/jazzy/share/ament_lint_auto/cmake)
[0.682s] -- Added test 'cppcheck' to perform static code analysis on C / C++ code
[0.682s] -- Configured cppcheck include dirs: /home/tomoni11/Documents/ROS2/study_ws/src/ransac_pkg/include/ransac_pkg
[0.682s] -- Configured cppcheck exclude dirs and/or files: 
[0.682s] -- Added test 'flake8' to check Python code syntax and style conventions
[0.682s] -- Configured 'flake8' exclude dirs and/or files: 
[0.682s] -- Added test 'lint_cmake' to check CMake code style
[0.683s] -- Added test 'pep257' to check Python code against some of the docstring style conventions in PEP 257
[0.683s] -- Added test 'uncrustify' to check C / C++ code style
[0.683s] -- Configured uncrustify additional arguments: 
[0.683s] -- Added test 'xmllint' to check XML markup files
[0.684s] -- Configuring done (0.7s)
[0.696s] -- Generating done (0.0s)
[0.700s] -- Build files have been written to: /home/tomoni11/Documents/ROS2/study_ws/build/ransac_pkg
[0.741s] [ 50%] [32mBuilding CXX object CMakeFiles/circle.dir/src/circle_main.cpp.o[0m
[0.741s] [ 50%] [32mBuilding CXX object CMakeFiles/circle_drower.dir/src/circle_drower.cpp.o[0m
[1.268s] In file included from [01m[K/home/tomoni11/Documents/ROS2/study_ws/src/ransac_pkg/src/circle_drower.cpp:2[m[K:
[1.268s] [01m[K/home/tomoni11/Documents/ROS2/study_ws/src/ransac_pkg/include/ransac_pkg/matplotlibcpp.h:[m[K In constructor ‘[01m[Kmatplotlibcpp::detail::_interpreter::[01;32m[K_interpreter[m[K()[m[K’:
[1.268s] [01m[K/home/tomoni11/Documents/ROS2/study_ws/src/ransac_pkg/include/ransac_pkg/matplotlibcpp.h:182:42:[m[K [01;35m[Kwarning: [m[K‘[01m[Kvoid[01;32m[K Py_SetProgramName[m[K(const wchar_t*)[m[K’ is deprecated [[01;35m[K]8;;https://gcc.gnu.org/onlinedocs/gcc/Warning-Options.html#index-Wdeprecated-declarations-Wdeprecated-declarations]8;;[m[K]
[1.268s]   182 |                         [01;35m[KPy_SetProgramName(name)[m[K;
[1.268s]       |                         [01;35m[K~~~~~~~~~~~~~~~~~^~~~~~[m[K
[1.268s] In file included from [01m[K/usr/include/python3.12/Python.h:94[m[K,
[1.268s]                  from [01m[K/home/tomoni11/Documents/ROS2/study_ws/src/ransac_pkg/include/ransac_pkg/matplotlibcpp.h:5[m[K:
[1.268s] [01m[K/usr/include/python3.12/pylifecycle.h:37:38:[m[K [01;36m[Knote: [m[Kdeclared here
[1.268s]    37 | Py_DEPRECATED(3.11) PyAPI_FUNC(void) [01;36m[KPy_SetProgramName[m[K(const wchar_t *);
[1.268s]       |                                      [01;36m[K^~~~~~~~~~~~~~~~~[m[K
[1.268s] [01m[K/home/tomoni11/Documents/ROS2/study_ws/src/ransac_pkg/include/ransac_pkg/matplotlibcpp.h:190:38:[m[K [01;35m[Kwarning: [m[K‘[01m[Kvoid[01;32m[K PySys_SetArgv[m[K(int, wchar_t**)[m[K’ is deprecated [[01;35m[K]8;;https://gcc.gnu.org/onlinedocs/gcc/Warning-Options.html#index-Wdeprecated-declarations-Wdeprecated-declarations]8;;[m[K]
[1.268s]   190 |                         [01;35m[KPySys_SetArgv(argc, const_cast<wchar_t **>(argv))[m[K;
[1.268s]       |                         [01;35m[K~~~~~~~~~~~~~^~~~~~~~~~~~~~~~~~~~~~~~~~~~~~~~~~~~[m[K
[1.268s] In file included from [01m[K/usr/include/python3.12/Python.h:96[m[K:
[1.269s] [01m[K/usr/include/python3.12/sysmodule.h:13:38:[m[K [01;36m[Knote: [m[Kdeclared here
[1.269s]    13 | Py_DEPRECATED(3.11) PyAPI_FUNC(void) [01;36m[KPySys_SetArgv[m[K(int, wchar_t **);
[1.269s]       |                                      [01;36m[K^~~~~~~~~~~~~[m[K
[2.692s] [01m[K/home/tomoni11/Documents/ROS2/study_ws/src/ransac_pkg/src/circle_main.cpp:66:64:[m[K [01;31m[Kerror: [m[Kredeclaration of ‘[01m[Krclcpp::Publisher<study_interface::msg::Line_<std::allocator<void> > >::SharedPtr CircleRansac::publisher_[m[K’
[2.692s]    66 | her<study_interface::msg::Line>::SharedPtr [01;31m[Kpublisher_[m[K;
[2.692s]       |                                            [01;31m[K^~~~~~~~~~[m[K
[2.692s] 
[2.692s] [01m[K/home/tomoni11/Documents/ROS2/study_ws/src/ransac_pkg/src/circle_main.cpp:65:66:[m[K [01;36m[Knote: [m[Kprevious declaration ‘[01m[Krclcpp::Publisher<study_interface::msg::Circle_<std::allocator<void> > >::SharedPtr CircleRansac::publisher_[m[K’
[2.692s]    65 | r<study_interface::msg::Circle>::SharedPtr [01;36m[Kpublisher_[m[K;
[2.692s]       |                                            [01;36m[K^~~~~~~~~~[m[K
[2.692s] 
[2.698s] [01m[K/home/tomoni11/Documents/ROS2/study_ws/src/ransac_pkg/src/circle_main.cpp:[m[K In constructor ‘[01m[KCircleRansac::[01;32m[KCircleRansac[m[K()[m[K’:
[2.699s] [01m[K/home/tomoni11/Documents/ROS2/study_ws/src/ransac_pkg/src/circle_main.cpp:21:94:[m[K [01;31m[Kerror: [m[Kno match for ‘[01m[Koperator=[m[K’ (operand types are ‘[01m[Krclcpp::Publisher<study_interface::msg::Circle_<std::allocator<void> > >::SharedPtr[m[K’ {aka ‘[01m[Kstd::shared_ptr<rclcpp::Publisher<study_interface::msg::Circle_<std::allocator<void> > > >[m[K’} and ‘[01m[Kstd::shared_ptr<rclcpp::Publisher<study_interface::msg::Line_<std::allocator<void> > > >[m[K’)
[2.699s]    21 | lisher<study_interface::msg::Line>("circle_data", 10[01;31m[K)[m[K;
[2.699s]       |                                                     [01;31m[K^[m[K
[2.699s] 
[2.699s] In file included from [01m[K/usr/include/c++/13/memory:80[m[K,
[2.699s]                  from [01m[K/opt/ros/jazzy/include/rclcpp/rclcpp/rclcpp.hpp:169[m[K,
[2.699s]                  from [01m[K/home/tomoni11/Documents/ROS2/study_ws/src/ransac_pkg/src/circle_main.cpp:1[m[K:
[2.699s] [01m[K/usr/include/c++/13/bits/shared_ptr.h:418:9:[m[K [01;36m[Knote: [m[Kcandidate: ‘[01m[Ktemplate<class _Yp> std::shared_ptr<_Tp>::_Assignable<const std::shared_ptr<_Yp>&> std::shared_ptr<_Tp>::[01;32m[Koperator=[m[K(const std::shared_ptr<_Yp>&) [35m[K[with _Tp = rclcpp::Publisher<study_interface::msg::Circle_<std::allocator<void> > >][m[K[m[K’
[2.699s]   418 |         [01;36m[Koperator[m[K=(const shared_ptr<_Yp>& __r) noexcept
[2.699s]       |         [01;36m[K^~~~~~~~[m[K
[2.699s] [01m[K/usr/include/c++/13/bits/shared_ptr.h:418:9:[m[K [01;36m[Knote: [m[K  template argument deduction/substitution failed:
[2.699s] /usr/include/c++/13/bits/shared_ptr.h: In substitution of ‘[01m[Ktemplate<class _Tp> template<class _Arg> using std::shared_ptr<_Tp>::_Assignable = typename std::enable_if<std::is_assignable<std::__shared_ptr<_Tp>&, _Arg>::value, std::shared_ptr<_Tp>&>::type [35m[K[with _Arg = const std::shared_ptr<rclcpp::Publisher<study_interface::msg::Line_<std::allocator<void> > > >&; _Tp = rclcpp::Publisher<study_interface::msg::Circle_<std::allocator<void> > >][m[K[m[K’:
[2.699s] [01m[K/usr/include/c++/13/bits/shared_ptr.h:418:2:[m[K   required by substitution of ‘[01m[Ktemplate<class _Yp> std::shared_ptr<rclcpp::Publisher<study_interface::msg::Circle_<std::allocator<void> > > >::_Assignable<const std::shared_ptr<_Tp>&> std::shared_ptr<rclcpp::Publisher<study_interface::msg::Circle_<std::allocator<void> > > >::[01;32m[Koperator=[m[K(const std::shared_ptr<_Tp>&) [35m[K[with _Yp = rclcpp::Publisher<study_interface::msg::Line_<std::allocator<void> > >][m[K[m[K’
[2.699s] [01m[K/home/tomoni11/Documents/ROS2/study_ws/src/ransac_pkg/src/circle_main.cpp:21:94:[m[K   required from here
[2.699s] [01m[K/usr/include/c++/13/bits/shared_ptr.h:183:15:[m[K [01;31m[Kerror: [m[Kno type named ‘[01m[Ktype[m[K’ in ‘[01m[Kstruct std::enable_if<false, std::shared_ptr<rclcpp::Publisher<study_interface::msg::Circle_<std::allocator<void> > > >&>[m[K’
[2.699s]   183 |         using [01;31m[K_Assignable[m[K = typename enable_if<
[2.699s]       |               [01;31m[K^~~~~~~~~~~[m[K
[2.699s] [01m[K/usr/include/c++/13/bits/shared_ptr.h:429:9:[m[K [01;36m[Knote: [m[Kcandidate: ‘[01m[Ktemplate<class _Yp> std::shared_ptr<_Tp>::_Assignable<std::auto_ptr<_Up> > std::shared_ptr<_Tp>::[01;32m[Koperator=[m[K(std::auto_ptr<_Up>&&) [35m[K[with _Tp = rclcpp::Publisher<study_interface::msg::Circle_<std::allocator<void> > >][m[K[m[K’
[2.699s]   429 |         [01;36m[Koperator[m[K=(auto_ptr<_Yp>&& __r)
[2.699s]       |         [01;36m[K^~~~~~~~[m[K
[2.699s] [01m[K/usr/include/c++/13/bits/shared_ptr.h:429:9:[m[K [01;36m[Knote: [m[K  template argument deduction/substitution failed:
[2.699s] [01m[K/home/tomoni11/Documents/ROS2/study_ws/src/ransac_pkg/src/circle_main.cpp:21:94:[m[K [01;36m[Knote: [m[K  ‘[01m[Kstd::shared_ptr<rclcpp::Publisher<study_interface::msg::Line_<std::allocator<void> > > >[m[K’ is not derived from ‘[01m[Kstd::auto_ptr<_Up>[m[K’
[2.699s]    21 | lisher<study_interface::msg::Line>("circle_data", 10[01;36m[K)[m[K;
[2.699s]       |                                                     [01;36m[K^[m[K
[2.699s] 
[2.699s] [01m[K/usr/include/c++/13/bits/shared_ptr.h:446:9:[m[K [01;36m[Knote: [m[Kcandidate: ‘[01m[Ktemplate<class _Yp> std::shared_ptr<_Tp>::_Assignable<std::shared_ptr<_Yp> > std::shared_ptr<_Tp>::[01;32m[Koperator=[m[K(std::shared_ptr<_Yp>&&) [35m[K[with _Tp = rclcpp::Publisher<study_interface::msg::Circle_<std::allocator<void> > >][m[K[m[K’
[2.699s]   446 |         [01;36m[Koperator[m[K=(shared_ptr<_Yp>&& __r) noexcept
[2.699s]       |         [01;36m[K^~~~~~~~[m[K
[2.700s] [01m[K/usr/include/c++/13/bits/shared_ptr.h:446:9:[m[K [01;36m[Knote: [m[K  template argument deduction/substitution failed:
[2.700s] /usr/include/c++/13/bits/shared_ptr.h: In substitution of ‘[01m[Ktemplate<class _Tp> template<class _Arg> using std::shared_ptr<_Tp>::_Assignable = typename std::enable_if<std::is_assignable<std::__shared_ptr<_Tp>&, _Arg>::value, std::shared_ptr<_Tp>&>::type [35m[K[with _Arg = std::shared_ptr<rclcpp::Publisher<study_interface::msg::Line_<std::allocator<void> > > >; _Tp = rclcpp::Publisher<study_interface::msg::Circle_<std::allocator<void> > >][m[K[m[K’:
[2.700s] [01m[K/usr/include/c++/13/bits/shared_ptr.h:446:2:[m[K   required by substitution of ‘[01m[Ktemplate<class _Yp> std::shared_ptr<rclcpp::Publisher<study_interface::msg::Circle_<std::allocator<void> > > >::_Assignable<std::shared_ptr<_Tp> > std::shared_ptr<rclcpp::Publisher<study_interface::msg::Circle_<std::allocator<void> > > >::[01;32m[Koperator=[m[K(std::shared_ptr<_Tp>&&) [35m[K[with _Yp = rclcpp::Publisher<study_interface::msg::Line_<std::allocator<void> > >][m[K[m[K’
[2.700s] [01m[K/home/tomoni11/Documents/ROS2/study_ws/src/ransac_pkg/src/circle_main.cpp:21:94:[m[K   required from here
[2.700s] [01m[K/usr/include/c++/13/bits/shared_ptr.h:183:15:[m[K [01;31m[Kerror: [m[Kno type named ‘[01m[Ktype[m[K’ in ‘[01m[Kstruct std::enable_if<false, std::shared_ptr<rclcpp::Publisher<study_interface::msg::Circle_<std::allocator<void> > > >&>[m[K’
[2.700s]   183 |         using [01;31m[K_Assignable[m[K = typename enable_if<
[2.700s]       |               [01;31m[K^~~~~~~~~~~[m[K
[2.700s] [01m[K/usr/include/c++/13/bits/shared_ptr.h:454:9:[m[K [01;36m[Knote: [m[Kcandidate: ‘[01m[Ktemplate<class _Yp, class _Del> std::shared_ptr<_Tp>::_Assignable<std::unique_ptr<_Up, _Ep> > std::shared_ptr<_Tp>::[01;32m[Koperator=[m[K(std::unique_ptr<_Up, _Ep>&&) [35m[K[with _Del = _Yp; _Tp = rclcpp::Publisher<study_interface::msg::Circle_<std::allocator<void> > >][m[K[m[K’
[2.700s]   454 |         [01;36m[Koperator[m[K=(unique_ptr<_Yp, _Del>&& __r)
[2.700s]       |         [01;36m[K^~~~~~~~[m[K
[2.700s] [01m[K/usr/include/c++/13/bits/shared_ptr.h:454:9:[m[K [01;36m[Knote: [m[K  template argument deduction/substitution failed:
[2.700s] [01m[K/home/tomoni11/Documents/ROS2/study_ws/src/ransac_pkg/src/circle_main.cpp:21:94:[m[K [01;36m[Knote: [m[K  ‘[01m[Kstd::shared_ptr<rclcpp::Publisher<study_interface::msg::Line_<std::allocator<void> > > >[m[K’ is not derived from ‘[01m[Kstd::unique_ptr<_Tp, _Dp>[m[K’
[2.700s]    21 | lisher<study_interface::msg::Line>("circle_data", 10[01;36m[K)[m[K;
[2.700s]       |                                                     [01;36m[K^[m[K
[2.700s] 
[2.700s] [01m[K/usr/include/c++/13/bits/shared_ptr.h:414:19:[m[K [01;36m[Knote: [m[Kcandidate: ‘[01m[Kstd::shared_ptr<_Tp>& std::shared_ptr<_Tp>::[01;32m[Koperator=[m[K(const std::shared_ptr<_Tp>&) [35m[K[with _Tp = rclcpp::Publisher<study_interface::msg::Circle_<std::allocator<void> > >][m[K[m[K’
[2.700s]   414 |       shared_ptr& [01;36m[Koperator[m[K=(const shared_ptr&) noexcept = default;
[2.700s]       |                   [01;36m[K^~~~~~~~[m[K
[2.700s] [01m[K/usr/include/c++/13/bits/shared_ptr.h:414:29:[m[K [01;36m[Knote: [m[K  no known conversion for argument 1 from ‘[01m[Kstd::shared_ptr<rclcpp::Publisher<study_interface::msg::Line_<std::allocator<void> > > >[m[K’ to ‘[01m[Kconst std::shared_ptr<rclcpp::Publisher<study_interface::msg::Circle_<std::allocator<void> > > >&[m[K’
[2.700s]   414 |       shared_ptr& operator=([01;36m[Kconst shared_ptr&[m[K) noexcept = default;
[2.700s]       |                             [01;36m[K^~~~~~~~~~~~~~~~~[m[K
[2.700s] [01m[K/usr/include/c++/13/bits/shared_ptr.h:438:7:[m[K [01;36m[Knote: [m[Kcandidate: ‘[01m[Kstd::shared_ptr<_Tp>& std::shared_ptr<_Tp>::[01;32m[Koperator=[m[K(std::shared_ptr<_Tp>&&) [35m[K[with _Tp = rclcpp::Publisher<study_interface::msg::Circle_<std::allocator<void> > >][m[K[m[K’
[2.700s]   438 |       [01;36m[Koperator[m[K=(shared_ptr&& __r) noexcept
[2.700s]       |       [01;36m[K^~~~~~~~[m[K
[2.700s] [01m[K/usr/include/c++/13/bits/shared_ptr.h:438:30:[m[K [01;36m[Knote: [m[K  no known conversion for argument 1 from ‘[01m[Kstd::shared_ptr<rclcpp::Publisher<study_interface::msg::Line_<std::allocator<void> > > >[m[K’ to ‘[01m[Kstd::shared_ptr<rclcpp::Publisher<study_interface::msg::Circle_<std::allocator<void> > > >&&[m[K’
[2.700s]   438 |       operator=([01;36m[Kshared_ptr&& __r[m[K) noexcept
[2.700s]       |                 [01;36m[K~~~~~~~~~~~~~^~~[m[K
[2.701s] [01m[K/home/tomoni11/Documents/ROS2/study_ws/src/ransac_pkg/src/circle_main.cpp:[m[K In member function ‘[01m[Kvoid CircleRansac::[01;32m[KtopicCallback[m[K(study_interface::msg::Cloud_<std::allocator<void> >::SharedPtr)[m[K’:
[2.701s] [01m[K/home/tomoni11/Documents/ROS2/study_ws/src/ransac_pkg/src/circle_main.cpp:61:32:[m[K [01;31m[Kerror: [m[Kno matching function for call to ‘[01m[Krclcpp::Publisher<study_interface::msg::Circle_<std::allocator<void> > >::publish(study_interface::msg::Line&)[m[K’
[2.701s]    61 |             [01;31m[Kpublisher_->publish(pub_line)[m[K;
[2.701s]       |             [01;31m[K~~~~~~~~~~~~~~~~~~~^~~~~~~~~~[m[K
[2.701s] In file included from [01m[K/opt/ros/jazzy/include/rclcpp/rclcpp/topic_statistics/subscription_topic_statistics.hpp:31[m[K,
[2.701s]                  from [01m[K/opt/ros/jazzy/include/rclcpp/rclcpp/subscription.hpp:50[m[K,
[2.701s]                  from [01m[K/opt/ros/jazzy/include/rclcpp/rclcpp/any_executable.hpp:25[m[K,
[2.701s]                  from [01m[K/opt/ros/jazzy/include/rclcpp/rclcpp/memory_strategy.hpp:25[m[K,
[2.701s]                  from [01m[K/opt/ros/jazzy/include/rclcpp/rclcpp/memory_strategies.hpp:18[m[K,
[2.701s]                  from [01m[K/opt/ros/jazzy/include/rclcpp/rclcpp/executor_options.hpp:22[m[K,
[2.701s]                  from [01m[K/opt/ros/jazzy/include/rclcpp/rclcpp/executor.hpp:38[m[K,
[2.701s]                  from [01m[K/opt/ros/jazzy/include/rclcpp/rclcpp/executors/multi_threaded_executor.hpp:25[m[K,
[2.701s]                  from [01m[K/opt/ros/jazzy/include/rclcpp/rclcpp/executors.hpp:21[m[K,
[2.701s]                  from [01m[K/opt/ros/jazzy/include/rclcpp/rclcpp/rclcpp.hpp:172[m[K:
[2.701s] [01m[K/opt/ros/jazzy/include/rclcpp/rclcpp/publisher.hpp:242:3:[m[K [01;36m[Knote: [m[Kcandidate: ‘[01m[Ktemplate<class T> std::enable_if_t<(rosidl_generator_traits::is_message<T>::value && std::is_same<T, typename rclcpp::TypeAdapter<MessageT>::ros_message_type>::value)> rclcpp::Publisher<MessageT, AllocatorT>::[01;32m[Kpublish[m[K(std::unique_ptr<T, typename std::conditional<std::is_same<typename std::allocator_traits<typename std::allocator_traits<_Allocator>::rebind_traits<typename rclcpp::TypeAdapter<MessageT, void, void>::ros_message_type>::allocator_type>::rebind_alloc<typename rclcpp::TypeAdapter<MessageT, void, void>::ros_message_type>, std::allocator<typename rclcpp::TypeAdapter<MessageT>::ros_message_type> >::value, std::default_delete<typename rclcpp::TypeAdapter<MessageT>::ros_message_type>, rclcpp::allocator::AllocatorDeleter<typename std::allocator_traits<_Allocator>::rebind_traits<typename rclcpp::TypeAdapter<MessageT, void, void>::ros_message_type>::allocator_type> >::type>) [35m[K[with MessageT = study_interface::msg::Circle_<std::allocator<void> >; AllocatorT = std::allocator<void>][m[K[m[K’
[2.702s]   242 |   [01;36m[Kpublish[m[K(std::unique_ptr<T, ROSMessageTypeDeleter> msg)
[2.702s]       |   [01;36m[K^~~~~~~[m[K
[2.702s] [01m[K/opt/ros/jazzy/include/rclcpp/rclcpp/publisher.hpp:242:3:[m[K [01;36m[Knote: [m[K  template argument deduction/substitution failed:
[2.702s] [01m[K/home/tomoni11/Documents/ROS2/study_ws/src/ransac_pkg/src/circle_main.cpp:61:32:[m[K [01;36m[Knote: [m[K  ‘[01m[Kstudy_interface::msg::Line_<std::allocator<void> >[m[K’ is not derived from ‘[01m[Kstd::unique_ptr<T, std::default_delete<study_interface::msg::Circle_<std::allocator<void> > > >[m[K’
[2.702s]    61 |             [01;36m[Kpublisher_->publish(pub_line)[m[K;
[2.702s]       |             [01;36m[K~~~~~~~~~~~~~~~~~~~^~~~~~~~~~[m[K
[2.702s] [01m[K/opt/ros/jazzy/include/rclcpp/rclcpp/publisher.hpp:292:3:[m[K [01;36m[Knote: [m[Kcandidate: ‘[01m[Ktemplate<class T> std::enable_if_t<(rosidl_generator_traits::is_message<T>::value && std::is_same<T, typename rclcpp::TypeAdapter<MessageT>::ros_message_type>::value)> rclcpp::Publisher<MessageT, AllocatorT>::[01;32m[Kpublish[m[K(const T&) [35m[K[with MessageT = study_interface::msg::Circle_<std::allocator<void> >; AllocatorT = std::allocator<void>][m[K[m[K’
[2.702s]   292 |   [01;36m[Kpublish[m[K(const T & msg)
[2.702s]       |   [01;36m[K^~~~~~~[m[K
[2.702s] [01m[K/opt/ros/jazzy/include/rclcpp/rclcpp/publisher.hpp:292:3:[m[K [01;36m[Knote: [m[K  template argument deduction/substitution failed:
[2.702s] In file included from [01m[K/usr/include/c++/13/bits/move.h:37[m[K,
[2.702s]                  from [01m[K/usr/include/c++/13/bits/new_allocator.h:36[m[K,
[2.702s]                  from [01m[K/usr/include/x86_64-linux-gnu/c++/13/bits/c++allocator.h:33[m[K,
[2.702s]                  from [01m[K/usr/include/c++/13/bits/allocator.h:46[m[K,
[2.702s]                  from [01m[K/usr/include/c++/13/memory:65[m[K:
[2.702s] /usr/include/c++/13/type_traits: In substitution of ‘[01m[Ktemplate<bool _Cond, class _Tp> using std::enable_if_t = typename std::enable_if::type [35m[K[with bool _Cond = false; _Tp = void][m[K[m[K’:
[2.702s] [01m[K/opt/ros/jazzy/include/rclcpp/rclcpp/publisher.hpp:292:3:[m[K   required by substitution of ‘[01m[Ktemplate<class T> std::enable_if_t<(rosidl_generator_traits::is_message<T>::value && std::is_same<T, study_interface::msg::Circle_<std::allocator<void> > >::value), void> rclcpp::Publisher<study_interface::msg::Circle_<std::allocator<void> > >::[01;32m[Kpublish[m[K(const T&) [35m[K[with T = study_interface::msg::Line_<std::allocator<void> >][m[K[m[K’
[2.702s] [01m[K/home/tomoni11/Documents/ROS2/study_ws/src/ransac_pkg/src/circle_main.cpp:61:32:[m[K   required from here
[2.702s] [01m[K/usr/include/c++/13/type_traits:2610:11:[m[K [01;31m[Kerror: [m[Kno type named ‘[01m[Ktype[m[K’ in ‘[01m[Kstruct std::enable_if<false, void>[m[K’
[2.702s]  2610 |     using [01;31m[Kenable_if_t[m[K = typename enable_if<_Cond, _Tp>::type;
[2.702s]       |           [01;31m[K^~~~~~~~~~~[m[K
[2.702s] [01m[K/opt/ros/jazzy/include/rclcpp/rclcpp/publisher.hpp:322:3:[m[K [01;36m[Knote: [m[Kcandidate: ‘[01m[Ktemplate<class T> std::enable_if_t<(typename rclcpp::TypeAdapter<MessageT>::is_specialized::value && std::is_same<T, typename rclcpp::TypeAdapter<MessageT>::custom_type>::value)> rclcpp::Publisher<MessageT, AllocatorT>::[01;32m[Kpublish[m[K(std::unique_ptr<T, typename std::conditional<std::is_same<typename std::allocator_traits<typename std::allocator_traits<_Allocator>::rebind_traits<typename rclcpp::TypeAdapter<MessageT, void, void>::custom_type>::allocator_type>::rebind_alloc<typename rclcpp::TypeAdapter<MessageT, void, void>::custom_type>, std::allocator<typename rclcpp::TypeAdapter<MessageT>::custom_type> >::value, std::default_delete<typename rclcpp::TypeAdapter<MessageT>::custom_type>, rclcpp::allocator::AllocatorDeleter<typename std::allocator_traits<_Allocator>::rebind_traits<typename rclcpp::TypeAdapter<MessageT, void, void>::custom_type>::allocator_type> >::type>) [35m[K[with MessageT = study_interface::msg::Circle_<std::allocator<void> >; AllocatorT = std::allocator<void>][m[K[m[K’
[2.702s]   322 |   [01;36m[Kpublish[m[K(std::unique_ptr<T, PublishedTypeDeleter> msg)
[2.702s]       |   [01;36m[K^~~~~~~[m[K
[2.702s] [01m[K/opt/ros/jazzy/include/rclcpp/rclcpp/publisher.hpp:322:3:[m[K [01;36m[Knote: [m[K  template argument deduction/substitution failed:
[2.702s] [01m[K/home/tomoni11/Documents/ROS2/study_ws/src/ransac_pkg/src/circle_main.cpp:61:32:[m[K [01;36m[Knote: [m[K  ‘[01m[Kstudy_interface::msg::Line_<std::allocator<void> >[m[K’ is not derived from ‘[01m[Kstd::unique_ptr<T, std::default_delete<study_interface::msg::Circle_<std::allocator<void> > > >[m[K’
[2.702s]    61 |             [01;36m[Kpublisher_->publish(pub_line)[m[K;
[2.703s]       |             [01;36m[K~~~~~~~~~~~~~~~~~~~^~~~~~~~~~[m[K
[2.703s] [01m[K/opt/ros/jazzy/include/rclcpp/rclcpp/publisher.hpp:369:3:[m[K [01;36m[Knote: [m[Kcandidate: ‘[01m[Ktemplate<class T> std::enable_if_t<(typename rclcpp::TypeAdapter<MessageT>::is_specialized::value && std::is_same<T, typename rclcpp::TypeAdapter<MessageT>::custom_type>::value)> rclcpp::Publisher<MessageT, AllocatorT>::[01;32m[Kpublish[m[K(const T&) [35m[K[with MessageT = study_interface::msg::Circle_<std::allocator<void> >; AllocatorT = std::allocator<void>][m[K[m[K’
[2.703s]   369 |   [01;36m[Kpublish[m[K(const T & msg)
[2.703s]       |   [01;36m[K^~~~~~~[m[K
[2.703s] [01m[K/opt/ros/jazzy/include/rclcpp/rclcpp/publisher.hpp:369:3:[m[K [01;36m[Knote: [m[K  template argument deduction/substitution failed:
[2.703s] [01m[K/opt/ros/jazzy/include/rclcpp/rclcpp/publisher.hpp:387:3:[m[K [01;36m[Knote: [m[Kcandidate: ‘[01m[Kvoid rclcpp::Publisher<MessageT, AllocatorT>::[01;32m[Kpublish[m[K(const rcl_serialized_message_t&) [35m[K[with MessageT = study_interface::msg::Circle_<std::allocator<void> >; AllocatorT = std::allocator<void>; rcl_serialized_message_t = rcutils_uint8_array_s][m[K[m[K’
[2.703s]   387 |   [01;36m[Kpublish[m[K(const rcl_serialized_message_t & serialized_msg)
[2.703s]       |   [01;36m[K^~~~~~~[m[K
[2.703s] [01m[K/opt/ros/jazzy/include/rclcpp/rclcpp/publisher.hpp:387:44:[m[K [01;36m[Knote: [m[K  no known conversion for argument 1 from ‘[01m[Kstudy_interface::msg::Line[m[K’ {aka ‘[01m[Kstudy_interface::msg::Line_<std::allocator<void> >[m[K’} to ‘[01m[Kconst rcl_serialized_message_t&[m[K’ {aka ‘[01m[Kconst rcutils_uint8_array_s&[m[K’}
[2.703s]   387 |   publish([01;36m[Kconst rcl_serialized_message_t & serialized_msg[m[K)
[2.703s]       |           [01;36m[K~~~~~~~~~~~~~~~~~~~~~~~~~~~~~~~~~^~~~~~~~~~~~~~[m[K
[2.703s] [01m[K/opt/ros/jazzy/include/rclcpp/rclcpp/publisher.hpp:393:3:[m[K [01;36m[Knote: [m[Kcandidate: ‘[01m[Kvoid rclcpp::Publisher<MessageT, AllocatorT>::[01;32m[Kpublish[m[K(const rclcpp::SerializedMessage&) [35m[K[with MessageT = study_interface::msg::Circle_<std::allocator<void> >; AllocatorT = std::allocator<void>][m[K[m[K’
[2.703s]   393 |   [01;36m[Kpublish[m[K(const SerializedMessage & serialized_msg)
[2.703s]       |   [01;36m[K^~~~~~~[m[K
[2.703s] [01m[K/opt/ros/jazzy/include/rclcpp/rclcpp/publisher.hpp:393:37:[m[K [01;36m[Knote: [m[K  no known conversion for argument 1 from ‘[01m[Kstudy_interface::msg::Line[m[K’ {aka ‘[01m[Kstudy_interface::msg::Line_<std::allocator<void> >[m[K’} to ‘[01m[Kconst rclcpp::SerializedMessage&[m[K’
[2.703s]   393 |   publish([01;36m[Kconst SerializedMessage & serialized_msg[m[K)
[2.703s]       |           [01;36m[K~~~~~~~~~~~~~~~~~~~~~~~~~~^~~~~~~~~~~~~~[m[K
[2.703s] [01m[K/opt/ros/jazzy/include/rclcpp/rclcpp/publisher.hpp:407:3:[m[K [01;36m[Knote: [m[Kcandidate: ‘[01m[Kvoid rclcpp::Publisher<MessageT, AllocatorT>::[01;32m[Kpublish[m[K(rclcpp::LoanedMessage<typename rclcpp::TypeAdapter<MessageT>::ros_message_type, AllocatorT>&&) [35m[K[with MessageT = study_interface::msg::Circle_<std::allocator<void> >; AllocatorT = std::allocator<void>; typename rclcpp::TypeAdapter<MessageT>::ros_message_type = study_interface::msg::Circle_<std::allocator<void> >][m[K[m[K’
[2.703s]   407 |   [01;36m[Kpublish[m[K(rclcpp::LoanedMessage<ROSMessageType, AllocatorT> && loaned_msg)
[2.703s]       |   [01;36m[K^~~~~~~[m[K
[2.703s] [01m[K/opt/ros/jazzy/include/rclcpp/rclcpp/publisher.hpp:407:64:[m[K [01;36m[Knote: [m[K  no known conversion for argument 1 from ‘[01m[Kstudy_interface::msg::Line[m[K’ {aka ‘[01m[Kstudy_interface::msg::Line_<std::allocator<void> >[m[K’} to ‘[01m[Krclcpp::LoanedMessage<study_interface::msg::Circle_<std::allocator<void> >, std::allocator<void> >&&[m[K’
[2.703s]   407 | [01;36m[KanedMessage<ROSMessageType, AllocatorT> && loaned_msg[m[K)
[2.703s]       | [01;36m[K~~~~~~~~~~~~~~~~~~~~~~~~~~~~~~~~~~~~~~~~~~~^~~~~~~~~~[m[K
[2.703s] 
[4.521s] gmake[2]: *** [CMakeFiles/circle.dir/build.make:76: CMakeFiles/circle.dir/src/circle_main.cpp.o] エラー 1
[4.521s] gmake[1]: *** [CMakeFiles/Makefile2:139: CMakeFiles/circle.dir/all] エラー 2
[4.521s] gmake[1]: *** 未完了のジョブを待っています....
[7.784s] [ 75%] [32m[1mLinking CXX executable circle_drower[0m
[8.098s] [ 75%] Built target circle_drower
[8.099s] gmake: *** [Makefile:146: all] エラー 2
[8.101s] Invoked command in '/home/tomoni11/Documents/ROS2/study_ws/build/ransac_pkg' returned '2': CMAKE_PREFIX_PATH=/home/tomoni11/Documents/ROS2/study_ws/install/study_interface:/home/tomoni11/Documents/ROS2/study_ws/install/ransac_pkg:/home/tomoni11/Documents/ROS2/study_ws/install/make_cloud_pkg:/home/tomoni11/Documents/ROS2/study_ws/install/interface_pkg:/opt/ros/jazzy/opt/gz_sim_vendor:/opt/ros/jazzy/opt/gz_sensors_vendor:/opt/ros/jazzy/opt/gz_physics_vendor:/opt/ros/jazzy/opt/sdformat_vendor:/opt/ros/jazzy/opt/gz_gui_vendor:/opt/ros/jazzy/opt/gz_transport_vendor:/opt/ros/jazzy/opt/gz_rendering_vendor:/opt/ros/jazzy/opt/gz_plugin_vendor:/opt/ros/jazzy/opt/gz_fuel_tools_vendor:/opt/ros/jazzy/opt/gz_msgs_vendor:/opt/ros/jazzy/opt/gz_common_vendor:/opt/ros/jazzy/opt/gz_math_vendor:/opt/ros/jazzy/opt/gz_utils_vendor:/opt/ros/jazzy/opt/gz_tools_vendor:/opt/ros/jazzy/opt/gz_ogre_next_vendor:/opt/ros/jazzy/opt/gz_dartsim_vendor:/opt/ros/jazzy/opt/gz_cmake_vendor:/opt/ros/jazzy DEBUGINFOD_URLS=https://debuginfod.ubuntu.com /usr/bin/cmake --build /home/tomoni11/Documents/ROS2/study_ws/build/ransac_pkg -- -j24 -l24
