[0.010s] Invoking command in '/home/tomoni11/Documents/ROS2/study_ws/build/ransac_pkg': CMAKE_PREFIX_PATH=/home/tomoni11/Documents/ROS2/study_ws/install/study_interface:/home/tomoni11/Documents/ROS2/study_ws/install/ransac_pkg:/home/tomoni11/Documents/ROS2/study_ws/install/make_cloud_pkg:/home/tomoni11/Documents/ROS2/study_ws/install/interface_pkg:/opt/ros/jazzy/opt/gz_sim_vendor:/opt/ros/jazzy/opt/gz_sensors_vendor:/opt/ros/jazzy/opt/gz_physics_vendor:/opt/ros/jazzy/opt/sdformat_vendor:/opt/ros/jazzy/opt/gz_gui_vendor:/opt/ros/jazzy/opt/gz_transport_vendor:/opt/ros/jazzy/opt/gz_rendering_vendor:/opt/ros/jazzy/opt/gz_plugin_vendor:/opt/ros/jazzy/opt/gz_fuel_tools_vendor:/opt/ros/jazzy/opt/gz_msgs_vendor:/opt/ros/jazzy/opt/gz_common_vendor:/opt/ros/jazzy/opt/gz_math_vendor:/opt/ros/jazzy/opt/gz_utils_vendor:/opt/ros/jazzy/opt/gz_tools_vendor:/opt/ros/jazzy/opt/gz_ogre_next_vendor:/opt/ros/jazzy/opt/gz_dartsim_vendor:/opt/ros/jazzy/opt/gz_cmake_vendor:/opt/ros/jazzy DEBUGINFOD_URLS=https://debuginfod.ubuntu.com /usr/bin/cmake --build /home/tomoni11/Documents/ROS2/study_ws/build/ransac_pkg -- -j24 -l24
[0.080s] [ 50%] [32mBuilding CXX object CMakeFiles/circle.dir/src/circle_main.cpp.o[0m
[2.018s] In file included from [01m[K/home/tomoni11/Documents/ROS2/study_ws/src/ransac_pkg/src/circle_main.cpp:6[m[K:
[2.019s] [01m[K/home/tomoni11/Documents/ROS2/study_ws/src/ransac_pkg/include/ransac_pkg/circle_ransac.cpp:[m[K In member function â€˜[01m[Kcircle RANSAC::[01;32m[Kfit_circle[m[K(double, double, double, double, double, double) const[m[Kâ€™:
[2.019s] [01m[K/home/tomoni11/Documents/ROS2/study_ws/src/ransac_pkg/include/ransac_pkg/circle_ransac.cpp:82:36:[m[K [01;31m[Kerror: [m[Kâ€˜[01m[Kx1[m[Kâ€™ was not declared in this scope; did you mean â€˜[01m[Ky1[m[Kâ€™?
[2.019s]    82 |       double denominator = 2.0 * (([01;31m[Kx1[m[K - x2) * (y1 - y3) - (x1 - x3) * (y1 - y2));
[2.019s]       |                                    [01;31m[K^~[m[K
[2.019s]       |                                    [32m[Ky1[m[K
[2.024s] [01m[K/home/tomoni11/Documents/ROS2/study_ws/src/ransac_pkg/include/ransac_pkg/circle_ransac.cpp:82:41:[m[K [01;31m[Kerror: [m[Kâ€˜[01m[Kx2[m[Kâ€™ was not declared in this scope; did you mean â€˜[01m[K_x2[m[Kâ€™?
[2.024s]    82 |       double denominator = 2.0 * ((x1 - [01;31m[Kx2[m[K) * (y1 - y3) - (x1 - x3) * (y1 - y2));
[2.024s]       |                                         [01;31m[K^~[m[K
[2.024s]       |                                         [32m[K_x2[m[K
[2.028s] [01m[K/home/tomoni11/Documents/ROS2/study_ws/src/ransac_pkg/include/ransac_pkg/circle_ransac.cpp:82:53:[m[K [01;31m[Kerror: [m[Kâ€˜[01m[Ky3[m[Kâ€™ was not declared in this scope; did you mean â€˜[01m[Kyn[m[Kâ€™?
[2.029s]    82 |       double denominator = 2.0 * ((x1 - x2) * (y1 - [01;31m[Ky3[m[K) - (x1 - x3) * (y1 - y2));
[2.029s]       |                                                     [01;31m[K^~[m[K
[2.029s]       |                                                     [32m[Kyn[m[K
[2.033s] [01m[K/home/tomoni11/Documents/ROS2/study_ws/src/ransac_pkg/include/ransac_pkg/circle_ransac.cpp:82:65:[m[K [01;31m[Kerror: [m[Kâ€˜[01m[Kx3[m[Kâ€™ was not declared in this scope; did you mean â€˜[01m[K_x3[m[Kâ€™?
[2.033s]    82 |       double denominator = 2.0 * ((x1 - x2) * (y1 - y3) - (x1 - [01;31m[Kx3[m[K) * (y1 - y2));
[2.033s]       |                                                                 [01;31m[K^~[m[K
[2.033s]       |                                                                 [32m[K_x3[m[K
[2.038s] [01m[K/home/tomoni11/Documents/ROS2/study_ws/src/ransac_pkg/include/ransac_pkg/circle_ransac.cpp:82:77:[m[K [01;31m[Kerror: [m[Kâ€˜[01m[Ky2[m[Kâ€™ was not declared in this scope; did you mean â€˜[01m[Kyn[m[Kâ€™?
[2.038s]    82 |       double denominator = 2.0 * ((x1 - x2) * (y1 - y3) - (x1 - x3) * (y1 - [01;31m[Ky2[m[K));
[2.038s]       |                                                                             [01;31m[K^~[m[K
[2.038s]       |                                                                             [32m[Kyn[m[K
[3.960s] gmake[2]: *** [CMakeFiles/circle.dir/build.make:76: CMakeFiles/circle.dir/src/circle_main.cpp.o] ã‚¨ãƒ©ãƒ¼ 1
[3.960s] gmake[1]: *** [CMakeFiles/Makefile2:137: CMakeFiles/circle.dir/all] ã‚¨ãƒ©ãƒ¼ 2
[3.961s] gmake: *** [Makefile:146: all] ã‚¨ãƒ©ãƒ¼ 2
[3.964s] Invoked command in '/home/tomoni11/Documents/ROS2/study_ws/build/ransac_pkg' returned '2': CMAKE_PREFIX_PATH=/home/tomoni11/Documents/ROS2/study_ws/install/study_interface:/home/tomoni11/Documents/ROS2/study_ws/install/ransac_pkg:/home/tomoni11/Documents/ROS2/study_ws/install/make_cloud_pkg:/home/tomoni11/Documents/ROS2/study_ws/install/interface_pkg:/opt/ros/jazzy/opt/gz_sim_vendor:/opt/ros/jazzy/opt/gz_sensors_vendor:/opt/ros/jazzy/opt/gz_physics_vendor:/opt/ros/jazzy/opt/sdformat_vendor:/opt/ros/jazzy/opt/gz_gui_vendor:/opt/ros/jazzy/opt/gz_transport_vendor:/opt/ros/jazzy/opt/gz_rendering_vendor:/opt/ros/jazzy/opt/gz_plugin_vendor:/opt/ros/jazzy/opt/gz_fuel_tools_vendor:/opt/ros/jazzy/opt/gz_msgs_vendor:/opt/ros/jazzy/opt/gz_common_vendor:/opt/ros/jazzy/opt/gz_math_vendor:/opt/ros/jazzy/opt/gz_utils_vendor:/opt/ros/jazzy/opt/gz_tools_vendor:/opt/ros/jazzy/opt/gz_ogre_next_vendor:/opt/ros/jazzy/opt/gz_dartsim_vendor:/opt/ros/jazzy/opt/gz_cmake_vendor:/opt/ros/jazzy DEBUGINFOD_URLS=https://debuginfod.ubuntu.com /usr/bin/cmake --build /home/tomoni11/Documents/ROS2/study_ws/build/ransac_pkg -- -j24 -l24
