[0.007s] Invoking command in '/home/tomoni11/Documents/ROS2/study_ws/build/ransac_pkg': CMAKE_PREFIX_PATH=/home/tomoni11/Documents/ROS2/study_ws/install/study_interface:/home/tomoni11/Documents/ROS2/study_ws/install/ransac_pkg:/home/tomoni11/Documents/ROS2/study_ws/install/make_cloud_pkg:/home/tomoni11/Documents/ROS2/study_ws/install/interface_pkg:/opt/ros/jazzy/opt/gz_sim_vendor:/opt/ros/jazzy/opt/gz_sensors_vendor:/opt/ros/jazzy/opt/gz_physics_vendor:/opt/ros/jazzy/opt/sdformat_vendor:/opt/ros/jazzy/opt/gz_gui_vendor:/opt/ros/jazzy/opt/gz_transport_vendor:/opt/ros/jazzy/opt/gz_rendering_vendor:/opt/ros/jazzy/opt/gz_plugin_vendor:/opt/ros/jazzy/opt/gz_fuel_tools_vendor:/opt/ros/jazzy/opt/gz_msgs_vendor:/opt/ros/jazzy/opt/gz_common_vendor:/opt/ros/jazzy/opt/gz_math_vendor:/opt/ros/jazzy/opt/gz_utils_vendor:/opt/ros/jazzy/opt/gz_tools_vendor:/opt/ros/jazzy/opt/gz_ogre_next_vendor:/opt/ros/jazzy/opt/gz_dartsim_vendor:/opt/ros/jazzy/opt/gz_cmake_vendor:/opt/ros/jazzy DEBUGINFOD_URLS=https://debuginfod.ubuntu.com /usr/bin/cmake --build /home/tomoni11/Documents/ROS2/study_ws/build/ransac_pkg -- -j24 -l24
[0.062s] [ 50%] [32mBuilding CXX object CMakeFiles/circle.dir/src/circle_main.cpp.o[0m
[1.839s] In file included from [01m[K/home/tomoni11/Documents/ROS2/study_ws/src/ransac_pkg/src/circle_main.cpp:3[m[K:
[1.839s] [01m[K/home/tomoni11/Documents/ROS2/study_ws/src/ransac_pkg/include/ransac_pkg/ransac.hpp:18:62:[m[K [01;31m[Kerror: [m[Kredefinition of ‚Äò[01m[Kdouble b[m[K‚Äô
[1.839s]    18 |       double find_error(double a, double b, double c, [01;31m[Kdouble b[m[K, double _x, double _y) const;
[1.839s]       |                                                       [01;31m[K~~~~~~~^[m[K
[1.839s] [01m[K/home/tomoni11/Documents/ROS2/study_ws/src/ransac_pkg/include/ransac_pkg/ransac.hpp:18:42:[m[K [01;36m[Knote: [m[K‚Äò[01m[Kdouble b[m[K‚Äô previously declared here
[1.840s]    18 |       double find_error(double a, [01;36m[Kdouble b[m[K, double c, double b, double _x, double _y) const;
[1.840s]       |                                   [01;36m[K~~~~~~~^[m[K
[1.840s] In file included from [01m[K/home/tomoni11/Documents/ROS2/study_ws/src/ransac_pkg/include/ransac_pkg/circle_ransac.cpp:1[m[K,
[1.840s]                  from [01m[K/home/tomoni11/Documents/ROS2/study_ws/src/ransac_pkg/src/circle_main.cpp:4[m[K:
[1.840s] [01m[K/home/tomoni11/Documents/ROS2/study_ws/src/ransac_pkg/include/ransac_pkg/ransac.hpp:6:8:[m[K [01;31m[Kerror: [m[Kredefinition of ‚Äò[01m[Kstruct circle[m[K‚Äô
[1.840s]     6 | struct [01;31m[Kcircle[m[K // ‰∏ÄËà¨ÂΩ¢„ÅßË°®„Åô
[1.840s]       |        [01;31m[K^~~~~~[m[K
[1.840s] [01m[K/home/tomoni11/Documents/ROS2/study_ws/src/ransac_pkg/include/ransac_pkg/ransac.hpp:6:8:[m[K [01;36m[Knote: [m[Kprevious definition of ‚Äò[01m[Kstruct circle[m[K‚Äô
[1.840s]     6 | struct [01;36m[Kcircle[m[K // ‰∏ÄËà¨ÂΩ¢„ÅßË°®„Åô
[1.840s]       |        [01;36m[K^~~~~~[m[K
[1.840s] [01m[K/home/tomoni11/Documents/ROS2/study_ws/src/ransac_pkg/include/ransac_pkg/ransac.hpp:11:7:[m[K [01;31m[Kerror: [m[Kredefinition of ‚Äò[01m[Kclass RANSAC[m[K‚Äô
[1.840s]    11 | class [01;31m[KRANSAC[m[K
[1.840s]       |       [01;31m[K^~~~~~[m[K
[1.840s] [01m[K/home/tomoni11/Documents/ROS2/study_ws/src/ransac_pkg/include/ransac_pkg/ransac.hpp:11:7:[m[K [01;36m[Knote: [m[Kprevious definition of ‚Äò[01m[Kclass RANSAC[m[K‚Äô
[1.840s]    11 | class [01;36m[KRANSAC[m[K
[1.840s]       |       [01;36m[K^~~~~~[m[K
[1.840s] [01m[K/home/tomoni11/Documents/ROS2/study_ws/src/ransac_pkg/include/ransac_pkg/circle_ransac.cpp:[m[K In member function ‚Äò[01m[Kcircle RANSAC::[01;32m[Kransac[m[K(std::vector<double, std::allocator<double> >, std::vector<double, std::allocator<double> >)[m[K‚Äô:
[1.840s] [01m[K/home/tomoni11/Documents/ROS2/study_ws/src/ransac_pkg/include/ransac_pkg/circle_ransac.cpp:9:1:[m[K [01;35m[Kwarning: [m[Kno return statement in function returning non-void [[01;35m[K]8;;https://gcc.gnu.org/onlinedocs/gcc/Warning-Options.html#index-Wreturn-type-Wreturn-type]8;;[m[K]
[1.840s]     9 | [01;35m[K}[m[K
[1.840s]       | [01;35m[K^[m[K
[1.840s] [01m[K/home/tomoni11/Documents/ROS2/study_ws/src/ransac_pkg/include/ransac_pkg/circle_ransac.cpp:7:43:[m[K [01;35m[Kwarning: [m[Kunused parameter ‚Äò[01m[K_x[m[K‚Äô [[01;35m[K]8;;https://gcc.gnu.org/onlinedocs/gcc/Warning-Options.html#index-Wunused-parameter-Wunused-parameter]8;;[m[K]
[1.840s]     7 | circle RANSAC::ransac([01;35m[Kstd::vector<double> _x[m[K, std::vector<double> _y)
[1.840s]       |                       [01;35m[K~~~~~~~~~~~~~~~~~~~~^~[m[K
[1.840s] [01m[K/home/tomoni11/Documents/ROS2/study_ws/src/ransac_pkg/include/ransac_pkg/circle_ransac.cpp:7:67:[m[K [01;35m[Kwarning: [m[Kunused parameter ‚Äò[01m[K_y[m[K‚Äô [[01;35m[K]8;;https://gcc.gnu.org/onlinedocs/gcc/Warning-Options.html#index-Wunused-parameter-Wunused-parameter]8;;[m[K]
[1.840s]     7 | circle RANSAC::ransac(std::vector<double> _x, [01;35m[Kstd::vector<double> _y[m[K)
[1.840s]       |                                               [01;35m[K~~~~~~~~~~~~~~~~~~~~^~[m[K
[1.840s] [01m[K/home/tomoni11/Documents/ROS2/study_ws/src/ransac_pkg/include/ransac_pkg/circle_ransac.cpp:[m[K At global scope:
[1.840s] [01m[K/home/tomoni11/Documents/ROS2/study_ws/src/ransac_pkg/include/ransac_pkg/circle_ransac.cpp:11:64:[m[K [01;31m[Kerror: [m[Kredefinition of ‚Äò[01m[Kdouble b[m[K‚Äô
[1.840s]    11 | double RANSAC::find_error(double a, double b, double c, [01;31m[Kdouble b[m[K, double _x, double _y) const
[1.841s]       |                                                         [01;31m[K~~~~~~~^[m[K
[1.841s] [01m[K/home/tomoni11/Documents/ROS2/study_ws/src/ransac_pkg/include/ransac_pkg/circle_ransac.cpp:11:44:[m[K [01;36m[Knote: [m[K‚Äò[01m[Kdouble b[m[K‚Äô previously declared here
[1.841s]    11 | double RANSAC::find_error(double a, [01;36m[Kdouble b[m[K, double c, double b, double _x, double _y) const
[1.841s]       |                                     [01;36m[K~~~~~~~^[m[K
[1.841s] [01m[K/home/tomoni11/Documents/ROS2/study_ws/src/ransac_pkg/include/ransac_pkg/circle_ransac.cpp:[m[K In member function ‚Äò[01m[Kdouble RANSAC::[01;32m[Kfind_error[m[K(...) const[m[K‚Äô:
[1.841s] [01m[K/home/tomoni11/Documents/ROS2/study_ws/src/ransac_pkg/include/ransac_pkg/circle_ransac.cpp:13:1:[m[K [01;35m[Kwarning: [m[Kno return statement in function returning non-void [[01;35m[K]8;;https://gcc.gnu.org/onlinedocs/gcc/Warning-Options.html#index-Wreturn-type-Wreturn-type]8;;[m[K]
[1.841s]    13 | [01;35m[K}[m[K
[1.841s]       | [01;35m[K^[m[K
[1.841s] [01m[K/home/tomoni11/Documents/ROS2/study_ws/src/ransac_pkg/include/ransac_pkg/circle_ransac.cpp:11:34:[m[K [01;35m[Kwarning: [m[Kunused parameter ‚Äò[01m[Ka[m[K‚Äô [[01;35m[K]8;;https://gcc.gnu.org/onlinedocs/gcc/Warning-Options.html#index-Wunused-parameter-Wunused-parameter]8;;[m[K]
[1.841s]    11 | double RANSAC::find_error([01;35m[Kdouble a[m[K, double b, double c, double b, double _x, double _y) const
[1.841s]       |                           [01;35m[K~~~~~~~^[m[K
[1.841s] [01m[K/home/tomoni11/Documents/ROS2/study_ws/src/ransac_pkg/include/ransac_pkg/circle_ransac.cpp:11:44:[m[K [01;35m[Kwarning: [m[Kunused parameter ‚Äò[01m[Kb[m[K‚Äô [[01;35m[K]8;;https://gcc.gnu.org/onlinedocs/gcc/Warning-Options.html#index-Wunused-parameter-Wunused-parameter]8;;[m[K]
[1.841s]    11 | double RANSAC::find_error(double a, [01;35m[Kdouble b[m[K, double c, double b, double _x, double _y) const
[1.841s]       |                                     [01;35m[K~~~~~~~^[m[K
[1.841s] [01m[K/home/tomoni11/Documents/ROS2/study_ws/src/ransac_pkg/include/ransac_pkg/circle_ransac.cpp:11:54:[m[K [01;35m[Kwarning: [m[Kunused parameter ‚Äò[01m[Kc[m[K‚Äô [[01;35m[K]8;;https://gcc.gnu.org/onlinedocs/gcc/Warning-Options.html#index-Wunused-parameter-Wunused-parameter]8;;[m[K]
[1.841s]    11 | double RANSAC::find_error(double a, double b, [01;35m[Kdouble c[m[K, double b, double _x, double _y) const
[1.841s]       |                                               [01;35m[K~~~~~~~^[m[K
[1.841s] [01m[K/home/tomoni11/Documents/ROS2/study_ws/src/ransac_pkg/include/ransac_pkg/circle_ransac.cpp:11:74:[m[K [01;35m[Kwarning: [m[Kunused parameter ‚Äò[01m[K_x[m[K‚Äô [[01;35m[K]8;;https://gcc.gnu.org/onlinedocs/gcc/Warning-Options.html#index-Wunused-parameter-Wunused-parameter]8;;[m[K]
[1.841s]    11 | double RANSAC::find_error(double a, double b, double c, double b, [01;35m[Kdouble _x[m[K, double _y) const
[1.841s]       |                                                                   [01;35m[K~~~~~~~^~[m[K
[1.841s] [01m[K/home/tomoni11/Documents/ROS2/study_ws/src/ransac_pkg/include/ransac_pkg/circle_ransac.cpp:11:85:[m[K [01;35m[Kwarning: [m[Kunused parameter ‚Äò[01m[K_y[m[K‚Äô [[01;35m[K]8;;https://gcc.gnu.org/onlinedocs/gcc/Warning-Options.html#index-Wunused-parameter-Wunused-parameter]8;;[m[K]
[1.841s]    11 | double RANSAC::find_error(double a, double b, double c, double b, double _x, [01;35m[Kdouble _y[m[K) const
[1.841s]       |                                                                              [01;35m[K~~~~~~~^~[m[K
[3.627s] gmake[2]: *** [CMakeFiles/circle.dir/build.make:76: CMakeFiles/circle.dir/src/circle_main.cpp.o] „Ç®„É©„Éº 1
[3.627s] gmake[1]: *** [CMakeFiles/Makefile2:137: CMakeFiles/circle.dir/all] „Ç®„É©„Éº 2
[3.628s] gmake: *** [Makefile:146: all] „Ç®„É©„Éº 2
[3.629s] Invoked command in '/home/tomoni11/Documents/ROS2/study_ws/build/ransac_pkg' returned '2': CMAKE_PREFIX_PATH=/home/tomoni11/Documents/ROS2/study_ws/install/study_interface:/home/tomoni11/Documents/ROS2/study_ws/install/ransac_pkg:/home/tomoni11/Documents/ROS2/study_ws/install/make_cloud_pkg:/home/tomoni11/Documents/ROS2/study_ws/install/interface_pkg:/opt/ros/jazzy/opt/gz_sim_vendor:/opt/ros/jazzy/opt/gz_sensors_vendor:/opt/ros/jazzy/opt/gz_physics_vendor:/opt/ros/jazzy/opt/sdformat_vendor:/opt/ros/jazzy/opt/gz_gui_vendor:/opt/ros/jazzy/opt/gz_transport_vendor:/opt/ros/jazzy/opt/gz_rendering_vendor:/opt/ros/jazzy/opt/gz_plugin_vendor:/opt/ros/jazzy/opt/gz_fuel_tools_vendor:/opt/ros/jazzy/opt/gz_msgs_vendor:/opt/ros/jazzy/opt/gz_common_vendor:/opt/ros/jazzy/opt/gz_math_vendor:/opt/ros/jazzy/opt/gz_utils_vendor:/opt/ros/jazzy/opt/gz_tools_vendor:/opt/ros/jazzy/opt/gz_ogre_next_vendor:/opt/ros/jazzy/opt/gz_dartsim_vendor:/opt/ros/jazzy/opt/gz_cmake_vendor:/opt/ros/jazzy DEBUGINFOD_URLS=https://debuginfod.ubuntu.com /usr/bin/cmake --build /home/tomoni11/Documents/ROS2/study_ws/build/ransac_pkg -- -j24 -l24
