Error parsing '/home/tomoni11/Documents/ROS2/asobi_ws/src/lider_to_fp/package.xml':
Traceback (most recent call last):
  File "/opt/ros/jazzy/share/ament_cmake_core/cmake/core/package_xml_2_cmake.py", line 150, in <module>
    main()
  File "/opt/ros/jazzy/share/ament_cmake_core/cmake/core/package_xml_2_cmake.py", line 53, in main
    raise e
  File "/opt/ros/jazzy/share/ament_cmake_core/cmake/core/package_xml_2_cmake.py", line 49, in main
    package = parse_package_string(
              ^^^^^^^^^^^^^^^^^^^^^
  File "/usr/lib/python3/dist-packages/catkin_pkg/package.py", line 788, in parse_package_string
    pkg.validate(warnings=warnings)
  File "/usr/lib/python3/dist-packages/catkin_pkg/package.py", line 330, in validate
    raise InvalidPackage('\n'.join(errors), self.filename)
catkin_pkg.package.InvalidPackage: Error(s) in package '/home/tomoni11/Documents/ROS2/asobi_ws/src/lider_to_fp/package.xml':
The package "lider_to_fp" must not "build_depend" on a package with the same name as this package
The package "lider_to_fp" must not "build_export_depend" on a package with the same name as this package
The package "lider_to_fp" must not "exec_depend" on a package with the same name as this package
[31mCMake Error at /opt/ros/jazzy/share/ament_cmake_core/cmake/core/ament_package_xml.cmake:95 (message):
  execute_process(/usr/bin/python3
  /opt/ros/jazzy/share/ament_cmake_core/cmake/core/package_xml_2_cmake.py
  /home/tomoni11/Documents/ROS2/asobi_ws/src/lider_to_fp/package.xml
  /home/tomoni11/Documents/ROS2/asobi_ws/build/lider_to_fp/ament_cmake_core/package.cmake)
  returned error code 1
Call Stack (most recent call first):
  /opt/ros/jazzy/share/ament_cmake_core/cmake/core/ament_package_xml.cmake:49 (_ament_package_xml)
  /opt/ros/jazzy/share/ament_lint_auto/cmake/ament_lint_auto_find_test_dependencies.cmake:31 (ament_package_xml)
  CMakeLists.txt:51 (ament_lint_auto_find_test_dependencies)

[0m
gmake: *** [Makefile:308: cmake_check_build_system] ã‚¨ãƒ©ãƒ¼ 1
