[0.009s] Invoking command in '/home/tomoni11/Documents/ROS2/study_ws/build/make_cloud_pkg': CMAKE_PREFIX_PATH=${CMAKE_PREFIX_PATH}:/opt/ros/jazzy DEBUGINFOD_URLS=https://debuginfod.ubuntu.com /usr/bin/cmake --build /home/tomoni11/Documents/ROS2/study_ws/build/make_cloud_pkg -- -j24 -l24
[0.071s] [ 50%] [32mBuilding CXX object CMakeFiles/circle.dir/src/circle.cpp.o[0m
[1.797s] [01m[K/home/tomoni11/Documents/ROS2/study_ws/src/make_cloud_pkg/src/circle.cpp:38:65:[m[K [01;31m[Kerror: [m[Kredeclaration of â€˜[01m[Krclcpp::Publisher<study_interface::msg::Cloud_<std::allocator<void> > >::SharedPtr SimpleTalker::publisher_[m[Kâ€™
[1.797s]    38 |       rclcpp::Publisher<study_interface::msg::Cloud>::SharedPtr [01;31m[Kpublisher_[m[K;
[1.797s]       |                                                                 [01;31m[K^~~~~~~~~~[m[K
[1.797s] [01m[K/home/tomoni11/Documents/ROS2/study_ws/src/make_cloud_pkg/src/circle.cpp:37:59:[m[K [01;36m[Knote: [m[Kprevious declaration â€˜[01m[Krclcpp::Publisher<std_msgs::msg::String_<std::allocator<void> > >::SharedPtr SimpleTalker::publisher_[m[Kâ€™
[1.797s]    37 |       rclcpp::Publisher<std_msgs::msg::String>::SharedPtr [01;36m[Kpublisher_[m[K;
[1.797s]       |                                                           [01;36m[K^~~~~~~~~~[m[K
[1.804s] [01m[K/home/tomoni11/Documents/ROS2/study_ws/src/make_cloud_pkg/src/circle.cpp:[m[K In constructor â€˜[01m[KSimpleTalker::[01;32m[KSimpleTalker[m[K()[m[Kâ€™:
[1.804s] [01m[K/home/tomoni11/Documents/ROS2/study_ws/src/make_cloud_pkg/src/circle.cpp:19:13:[m[K [01;31m[Kerror: [m[Kâ€˜[01m[Kpublisher_1[m[Kâ€™ was not declared in this scope; did you mean â€˜[01m[Kpublisher_[m[Kâ€™?
[1.804s]    19 |             [01;31m[Kpublisher_1[m[K = this->create_publisher<std_msgs::msg::String>("chatter", 10);
[1.804s]       |             [01;31m[K^~~~~~~~~~~[m[K
[1.804s]       |             [32m[Kpublisher_[m[K
[1.806s] [01m[K/home/tomoni11/Documents/ROS2/study_ws/src/make_cloud_pkg/src/circle.cpp:20:91:[m[K [01;31m[Kerror: [m[Kno match for â€˜[01m[Koperator=[m[Kâ€™ (operand types are â€˜[01m[Krclcpp::Publisher<std_msgs::msg::String_<std::allocator<void> > >::SharedPtr[m[Kâ€™ {aka â€˜[01m[Kstd::shared_ptr<rclcpp::Publisher<std_msgs::msg::String_<std::allocator<void> > > >[m[Kâ€™} and â€˜[01m[Kstd::shared_ptr<rclcpp::Publisher<study_interface::msg::Cloud_<std::allocator<void> > > >[m[Kâ€™)
[1.806s]    20 | isher_ = this->create_publisher<study_interface::msg::Cloud>("chatter", 10[01;31m[K)[m[K;
[1.806s]       |                                                                           [01;31m[K^[m[K
[1.806s] 
[1.806s] In file included from [01m[K/usr/include/c++/13/memory:80[m[K,
[1.806s]                  from [01m[K/home/tomoni11/Documents/ROS2/study_ws/src/make_cloud_pkg/src/circle.cpp:3[m[K:
[1.806s] [01m[K/usr/include/c++/13/bits/shared_ptr.h:418:9:[m[K [01;36m[Knote: [m[Kcandidate: â€˜[01m[Ktemplate<class _Yp> std::shared_ptr<_Tp>::_Assignable<const std::shared_ptr<_Yp>&> std::shared_ptr<_Tp>::[01;32m[Koperator=[m[K(const std::shared_ptr<_Yp>&) [35m[K[with _Tp = rclcpp::Publisher<std_msgs::msg::String_<std::allocator<void> > >][m[K[m[Kâ€™
[1.806s]   418 |         [01;36m[Koperator[m[K=(const shared_ptr<_Yp>& __r) noexcept
[1.806s]       |         [01;36m[K^~~~~~~~[m[K
[1.806s] [01m[K/usr/include/c++/13/bits/shared_ptr.h:418:9:[m[K [01;36m[Knote: [m[K  template argument deduction/substitution failed:
[1.806s] /usr/include/c++/13/bits/shared_ptr.h: In substitution of â€˜[01m[Ktemplate<class _Tp> template<class _Arg> using std::shared_ptr<_Tp>::_Assignable = typename std::enable_if<std::is_assignable<std::__shared_ptr<_Tp>&, _Arg>::value, std::shared_ptr<_Tp>&>::type [35m[K[with _Arg = const std::shared_ptr<rclcpp::Publisher<study_interface::msg::Cloud_<std::allocator<void> > > >&; _Tp = rclcpp::Publisher<std_msgs::msg::String_<std::allocator<void> > >][m[K[m[Kâ€™:
[1.806s] [01m[K/usr/include/c++/13/bits/shared_ptr.h:418:2:[m[K   required by substitution of â€˜[01m[Ktemplate<class _Yp> std::shared_ptr<rclcpp::Publisher<std_msgs::msg::String_<std::allocator<void> > > >::_Assignable<const std::shared_ptr<_Tp>&> std::shared_ptr<rclcpp::Publisher<std_msgs::msg::String_<std::allocator<void> > > >::[01;32m[Koperator=[m[K(const std::shared_ptr<_Tp>&) [35m[K[with _Yp = rclcpp::Publisher<study_interface::msg::Cloud_<std::allocator<void> > >][m[K[m[Kâ€™
[1.807s] [01m[K/home/tomoni11/Documents/ROS2/study_ws/src/make_cloud_pkg/src/circle.cpp:20:91:[m[K   required from here
[1.807s] [01m[K/usr/include/c++/13/bits/shared_ptr.h:183:15:[m[K [01;31m[Kerror: [m[Kno type named â€˜[01m[Ktype[m[Kâ€™ in â€˜[01m[Kstruct std::enable_if<false, std::shared_ptr<rclcpp::Publisher<std_msgs::msg::String_<std::allocator<void> > > >&>[m[Kâ€™
[1.807s]   183 |         using [01;31m[K_Assignable[m[K = typename enable_if<
[1.807s]       |               [01;31m[K^~~~~~~~~~~[m[K
[1.807s] [01m[K/usr/include/c++/13/bits/shared_ptr.h:429:9:[m[K [01;36m[Knote: [m[Kcandidate: â€˜[01m[Ktemplate<class _Yp> std::shared_ptr<_Tp>::_Assignable<std::auto_ptr<_Up> > std::shared_ptr<_Tp>::[01;32m[Koperator=[m[K(std::auto_ptr<_Up>&&) [35m[K[with _Tp = rclcpp::Publisher<std_msgs::msg::String_<std::allocator<void> > >][m[K[m[Kâ€™
[1.807s]   429 |         [01;36m[Koperator[m[K=(auto_ptr<_Yp>&& __r)
[1.807s]       |         [01;36m[K^~~~~~~~[m[K
[1.807s] [01m[K/usr/include/c++/13/bits/shared_ptr.h:429:9:[m[K [01;36m[Knote: [m[K  template argument deduction/substitution failed:
[1.807s] [01m[K/home/tomoni11/Documents/ROS2/study_ws/src/make_cloud_pkg/src/circle.cpp:20:91:[m[K [01;36m[Knote: [m[K  â€˜[01m[Kstd::shared_ptr<rclcpp::Publisher<study_interface::msg::Cloud_<std::allocator<void> > > >[m[Kâ€™ is not derived from â€˜[01m[Kstd::auto_ptr<_Up>[m[Kâ€™
[1.807s]    20 | isher_ = this->create_publisher<study_interface::msg::Cloud>("chatter", 10[01;36m[K)[m[K;
[1.807s]       |                                                                           [01;36m[K^[m[K
[1.807s] 
[1.807s] [01m[K/usr/include/c++/13/bits/shared_ptr.h:446:9:[m[K [01;36m[Knote: [m[Kcandidate: â€˜[01m[Ktemplate<class _Yp> std::shared_ptr<_Tp>::_Assignable<std::shared_ptr<_Yp> > std::shared_ptr<_Tp>::[01;32m[Koperator=[m[K(std::shared_ptr<_Yp>&&) [35m[K[with _Tp = rclcpp::Publisher<std_msgs::msg::String_<std::allocator<void> > >][m[K[m[Kâ€™
[1.807s]   446 |         [01;36m[Koperator[m[K=(shared_ptr<_Yp>&& __r) noexcept
[1.807s]       |         [01;36m[K^~~~~~~~[m[K
[1.807s] [01m[K/usr/include/c++/13/bits/shared_ptr.h:446:9:[m[K [01;36m[Knote: [m[K  template argument deduction/substitution failed:
[1.807s] /usr/include/c++/13/bits/shared_ptr.h: In substitution of â€˜[01m[Ktemplate<class _Tp> template<class _Arg> using std::shared_ptr<_Tp>::_Assignable = typename std::enable_if<std::is_assignable<std::__shared_ptr<_Tp>&, _Arg>::value, std::shared_ptr<_Tp>&>::type [35m[K[with _Arg = std::shared_ptr<rclcpp::Publisher<study_interface::msg::Cloud_<std::allocator<void> > > >; _Tp = rclcpp::Publisher<std_msgs::msg::String_<std::allocator<void> > >][m[K[m[Kâ€™:
[1.807s] [01m[K/usr/include/c++/13/bits/shared_ptr.h:446:2:[m[K   required by substitution of â€˜[01m[Ktemplate<class _Yp> std::shared_ptr<rclcpp::Publisher<std_msgs::msg::String_<std::allocator<void> > > >::_Assignable<std::shared_ptr<_Tp> > std::shared_ptr<rclcpp::Publisher<std_msgs::msg::String_<std::allocator<void> > > >::[01;32m[Koperator=[m[K(std::shared_ptr<_Tp>&&) [35m[K[with _Yp = rclcpp::Publisher<study_interface::msg::Cloud_<std::allocator<void> > >][m[K[m[Kâ€™
[1.807s] [01m[K/home/tomoni11/Documents/ROS2/study_ws/src/make_cloud_pkg/src/circle.cpp:20:91:[m[K   required from here
[1.807s] [01m[K/usr/include/c++/13/bits/shared_ptr.h:183:15:[m[K [01;31m[Kerror: [m[Kno type named â€˜[01m[Ktype[m[Kâ€™ in â€˜[01m[Kstruct std::enable_if<false, std::shared_ptr<rclcpp::Publisher<std_msgs::msg::String_<std::allocator<void> > > >&>[m[Kâ€™
[1.807s]   183 |         using [01;31m[K_Assignable[m[K = typename enable_if<
[1.807s]       |               [01;31m[K^~~~~~~~~~~[m[K
[1.807s] [01m[K/usr/include/c++/13/bits/shared_ptr.h:454:9:[m[K [01;36m[Knote: [m[Kcandidate: â€˜[01m[Ktemplate<class _Yp, class _Del> std::shared_ptr<_Tp>::_Assignable<std::unique_ptr<_Up, _Ep> > std::shared_ptr<_Tp>::[01;32m[Koperator=[m[K(std::unique_ptr<_Up, _Ep>&&) [35m[K[with _Del = _Yp; _Tp = rclcpp::Publisher<std_msgs::msg::String_<std::allocator<void> > >][m[K[m[Kâ€™
[1.807s]   454 |         [01;36m[Koperator[m[K=(unique_ptr<_Yp, _Del>&& __r)
[1.807s]       |         [01;36m[K^~~~~~~~[m[K
[1.807s] [01m[K/usr/include/c++/13/bits/shared_ptr.h:454:9:[m[K [01;36m[Knote: [m[K  template argument deduction/substitution failed:
[1.807s] [01m[K/home/tomoni11/Documents/ROS2/study_ws/src/make_cloud_pkg/src/circle.cpp:20:91:[m[K [01;36m[Knote: [m[K  â€˜[01m[Kstd::shared_ptr<rclcpp::Publisher<study_interface::msg::Cloud_<std::allocator<void> > > >[m[Kâ€™ is not derived from â€˜[01m[Kstd::unique_ptr<_Tp, _Dp>[m[Kâ€™
[1.807s]    20 | isher_ = this->create_publisher<study_interface::msg::Cloud>("chatter", 10[01;36m[K)[m[K;
[1.807s]       |                                                                           [01;36m[K^[m[K
[1.807s] 
[1.807s] [01m[K/usr/include/c++/13/bits/shared_ptr.h:414:19:[m[K [01;36m[Knote: [m[Kcandidate: â€˜[01m[Kstd::shared_ptr<_Tp>& std::shared_ptr<_Tp>::[01;32m[Koperator=[m[K(const std::shared_ptr<_Tp>&) [35m[K[with _Tp = rclcpp::Publisher<std_msgs::msg::String_<std::allocator<void> > >][m[K[m[Kâ€™
[1.807s]   414 |       shared_ptr& [01;36m[Koperator[m[K=(const shared_ptr&) noexcept = default;
[1.807s]       |                   [01;36m[K^~~~~~~~[m[K
[1.807s] [01m[K/usr/include/c++/13/bits/shared_ptr.h:414:29:[m[K [01;36m[Knote: [m[K  no known conversion for argument 1 from â€˜[01m[Kstd::shared_ptr<rclcpp::Publisher<study_interface::msg::Cloud_<std::allocator<void> > > >[m[Kâ€™ to â€˜[01m[Kconst std::shared_ptr<rclcpp::Publisher<std_msgs::msg::String_<std::allocator<void> > > >&[m[Kâ€™
[1.807s]   414 |       shared_ptr& operator=([01;36m[Kconst shared_ptr&[m[K) noexcept = default;
[1.808s]       |                             [01;36m[K^~~~~~~~~~~~~~~~~[m[K
[1.808s] [01m[K/usr/include/c++/13/bits/shared_ptr.h:438:7:[m[K [01;36m[Knote: [m[Kcandidate: â€˜[01m[Kstd::shared_ptr<_Tp>& std::shared_ptr<_Tp>::[01;32m[Koperator=[m[K(std::shared_ptr<_Tp>&&) [35m[K[with _Tp = rclcpp::Publisher<std_msgs::msg::String_<std::allocator<void> > >][m[K[m[Kâ€™
[1.808s]   438 |       [01;36m[Koperator[m[K=(shared_ptr&& __r) noexcept
[1.808s]       |       [01;36m[K^~~~~~~~[m[K
[1.808s] [01m[K/usr/include/c++/13/bits/shared_ptr.h:438:30:[m[K [01;36m[Knote: [m[K  no known conversion for argument 1 from â€˜[01m[Kstd::shared_ptr<rclcpp::Publisher<study_interface::msg::Cloud_<std::allocator<void> > > >[m[Kâ€™ to â€˜[01m[Kstd::shared_ptr<rclcpp::Publisher<std_msgs::msg::String_<std::allocator<void> > > >&&[m[Kâ€™
[1.808s]   438 |       operator=([01;36m[Kshared_ptr&& __r[m[K) noexcept
[1.808s]       |                 [01;36m[K~~~~~~~~~~~~~^~~[m[K
[1.819s] [01m[K/home/tomoni11/Documents/ROS2/study_ws/src/make_cloud_pkg/src/circle.cpp:[m[K In member function â€˜[01m[Kvoid SimpleTalker::[01;32m[Ktimer_callback[m[K()[m[Kâ€™:
[1.819s] [01m[K/home/tomoni11/Documents/ROS2/study_ws/src/make_cloud_pkg/src/circle.cpp:31:13:[m[K [01;31m[Kerror: [m[Kâ€˜[01m[Kpublisher_1[m[Kâ€™ was not declared in this scope; did you mean â€˜[01m[Kpublisher_[m[Kâ€™?
[1.820s]    31 |             [01;31m[Kpublisher_1[m[K->publish(msg);
[1.820s]       |             [01;31m[K^~~~~~~~~~~[m[K
[1.820s]       |             [32m[Kpublisher_[m[K
[1.820s] [01m[K/home/tomoni11/Documents/ROS2/study_ws/src/make_cloud_pkg/src/circle.cpp:32:35:[m[K [01;31m[Kerror: [m[Kâ€˜[01m[KCould[m[Kâ€™ is not a member of â€˜[01m[Kstudy_interface::msg[m[Kâ€™
[1.820s]    32 |             study_interface::msg::[01;31m[KCould[m[K msg_cloud;
[1.820s]       |                                   [01;31m[K^~~~~[m[K
[1.827s] [01m[K/home/tomoni11/Documents/ROS2/study_ws/src/make_cloud_pkg/src/circle.cpp:33:13:[m[K [01;31m[Kerror: [m[Kâ€˜[01m[Kmsg_cloud[m[Kâ€™ was not declared in this scope
[1.827s]    33 |             [01;31m[Kmsg_cloud[m[K.a = 0.1;
[1.827s]       |             [01;31m[K^~~~~~~~~[m[K
[2.717s] gmake[2]: *** [CMakeFiles/circle.dir/build.make:76: CMakeFiles/circle.dir/src/circle.cpp.o] ã‚¨ãƒ©ãƒ¼ 1
[2.717s] gmake[1]: *** [CMakeFiles/Makefile2:137: CMakeFiles/circle.dir/all] ã‚¨ãƒ©ãƒ¼ 2
[2.717s] gmake: *** [Makefile:146: all] ã‚¨ãƒ©ãƒ¼ 2
[2.719s] Invoked command in '/home/tomoni11/Documents/ROS2/study_ws/build/make_cloud_pkg' returned '2': CMAKE_PREFIX_PATH=${CMAKE_PREFIX_PATH}:/opt/ros/jazzy DEBUGINFOD_URLS=https://debuginfod.ubuntu.com /usr/bin/cmake --build /home/tomoni11/Documents/ROS2/study_ws/build/make_cloud_pkg -- -j24 -l24
