[0.007s] Invoking command in '/home/tomoni11/Documents/ROS2/study_ws/build/ransac_pkg': CMAKE_PREFIX_PATH=/home/tomoni11/Documents/ROS2/study_ws/install/study_interface:/home/tomoni11/Documents/ROS2/study_ws/install/ransac_pkg:/home/tomoni11/Documents/ROS2/study_ws/install/make_cloud_pkg:/home/tomoni11/Documents/ROS2/study_ws/install/interface_pkg:/opt/ros/jazzy/opt/gz_sim_vendor:/opt/ros/jazzy/opt/gz_sensors_vendor:/opt/ros/jazzy/opt/gz_physics_vendor:/opt/ros/jazzy/opt/sdformat_vendor:/opt/ros/jazzy/opt/gz_gui_vendor:/opt/ros/jazzy/opt/gz_transport_vendor:/opt/ros/jazzy/opt/gz_rendering_vendor:/opt/ros/jazzy/opt/gz_plugin_vendor:/opt/ros/jazzy/opt/gz_fuel_tools_vendor:/opt/ros/jazzy/opt/gz_msgs_vendor:/opt/ros/jazzy/opt/gz_common_vendor:/opt/ros/jazzy/opt/gz_math_vendor:/opt/ros/jazzy/opt/gz_utils_vendor:/opt/ros/jazzy/opt/gz_tools_vendor:/opt/ros/jazzy/opt/gz_ogre_next_vendor:/opt/ros/jazzy/opt/gz_dartsim_vendor:/opt/ros/jazzy/opt/gz_cmake_vendor:/opt/ros/jazzy DEBUGINFOD_URLS=https://debuginfod.ubuntu.com /usr/bin/cmake --build /home/tomoni11/Documents/ROS2/study_ws/build/ransac_pkg -- -j24 -l24
[0.059s] [ 50%] [32mBuilding CXX object CMakeFiles/circle.dir/src/circle_main.cpp.o[0m
[1.894s] In file included from [01m[K/home/tomoni11/Documents/ROS2/study_ws/src/ransac_pkg/src/circle_main.cpp:4[m[K:
[1.894s] [01m[K/home/tomoni11/Documents/ROS2/study_ws/src/ransac_pkg/include/ransac_pkg/circle_ransac.cpp:10:21:[m[K [01;31m[Kerror: [m[Kno declaration matches â€˜[01m[Kstd::vector<circle> RANSAC::[01;32m[Kcircle_ransac[m[K(std::vector<double, std::allocator<double> >, std::vector<double, std::allocator<double> >, int)[m[Kâ€™
[1.895s]    10 | std::vector<circle> [01;31m[KRANSAC[m[K::circle_ransac(std::vector<double> _x, std::vector<double> _y, const int circle_num)
[1.895s]       |                     [01;31m[K^~~~~~[m[K
[1.895s] In file included from [01m[K/home/tomoni11/Documents/ROS2/study_ws/src/ransac_pkg/src/circle_main.cpp:3[m[K:
[1.895s] [01m[K/home/tomoni11/Documents/ROS2/study_ws/src/ransac_pkg/include/ransac_pkg/ransac.hpp:27:27:[m[K [01;36m[Knote: [m[Kcandidate is: â€˜[01m[Kstd::vector<circle> RANSAC::[01;32m[Kcircle_ransac[m[K(std::vector<double, std::allocator<double> >, std::vector<double, std::allocator<double> >)[m[Kâ€™
[1.895s]    27 |       std::vector<circle> [01;36m[Kcircle_ransac[m[K(std::vector<double> _x, std::vector<double> _y);
[1.895s]       |                           [01;36m[K^~~~~~~~~~~~~[m[K
[1.895s] [01m[K/home/tomoni11/Documents/ROS2/study_ws/src/ransac_pkg/include/ransac_pkg/ransac.hpp:21:7:[m[K [01;36m[Knote: [m[Kâ€˜[01m[Kclass RANSAC[m[Kâ€™ defined here
[1.895s]    21 | class [01;36m[KRANSAC[m[K
[1.895s]       |       [01;36m[K^~~~~~[m[K
[1.895s] [01m[K/home/tomoni11/Documents/ROS2/study_ws/src/ransac_pkg/include/ransac_pkg/circle_ransac.cpp:74:8:[m[K [01;31m[Kerror: [m[Kno declaration matches â€˜[01m[Kdouble RANSAC::[01;32m[Kfind_error[m[K(circle, double, double) const[m[Kâ€™
[1.895s]    74 | double [01;31m[KRANSAC[m[K::find_error(circle circle, double _x, double _y) const
[1.895s]       |        [01;31m[K^~~~~~[m[K
[1.895s] [01m[K/home/tomoni11/Documents/ROS2/study_ws/src/ransac_pkg/include/ransac_pkg/ransac.hpp:31:14:[m[K [01;36m[Knote: [m[Kcandidate is: â€˜[01m[Kdouble RANSAC::[01;32m[Kfind_error[m[K(double, double, double, double, double) const[m[Kâ€™
[1.895s]    31 |       double [01;36m[Kfind_error[m[K(double a, double b, double c, double _x, double _y) const;
[1.895s]       |              [01;36m[K^~~~~~~~~~[m[K
[1.895s] [01m[K/home/tomoni11/Documents/ROS2/study_ws/src/ransac_pkg/include/ransac_pkg/ransac.hpp:21:7:[m[K [01;36m[Knote: [m[Kâ€˜[01m[Kclass RANSAC[m[Kâ€™ defined here
[1.895s]    21 | class [01;36m[KRANSAC[m[K
[1.895s]       |       [01;36m[K^~~~~~[m[K
[3.679s] gmake[2]: *** [CMakeFiles/circle.dir/build.make:76: CMakeFiles/circle.dir/src/circle_main.cpp.o] ã‚¨ãƒ©ãƒ¼ 1
[3.679s] gmake[1]: *** [CMakeFiles/Makefile2:137: CMakeFiles/circle.dir/all] ã‚¨ãƒ©ãƒ¼ 2
[3.680s] gmake: *** [Makefile:146: all] ã‚¨ãƒ©ãƒ¼ 2
[3.681s] Invoked command in '/home/tomoni11/Documents/ROS2/study_ws/build/ransac_pkg' returned '2': CMAKE_PREFIX_PATH=/home/tomoni11/Documents/ROS2/study_ws/install/study_interface:/home/tomoni11/Documents/ROS2/study_ws/install/ransac_pkg:/home/tomoni11/Documents/ROS2/study_ws/install/make_cloud_pkg:/home/tomoni11/Documents/ROS2/study_ws/install/interface_pkg:/opt/ros/jazzy/opt/gz_sim_vendor:/opt/ros/jazzy/opt/gz_sensors_vendor:/opt/ros/jazzy/opt/gz_physics_vendor:/opt/ros/jazzy/opt/sdformat_vendor:/opt/ros/jazzy/opt/gz_gui_vendor:/opt/ros/jazzy/opt/gz_transport_vendor:/opt/ros/jazzy/opt/gz_rendering_vendor:/opt/ros/jazzy/opt/gz_plugin_vendor:/opt/ros/jazzy/opt/gz_fuel_tools_vendor:/opt/ros/jazzy/opt/gz_msgs_vendor:/opt/ros/jazzy/opt/gz_common_vendor:/opt/ros/jazzy/opt/gz_math_vendor:/opt/ros/jazzy/opt/gz_utils_vendor:/opt/ros/jazzy/opt/gz_tools_vendor:/opt/ros/jazzy/opt/gz_ogre_next_vendor:/opt/ros/jazzy/opt/gz_dartsim_vendor:/opt/ros/jazzy/opt/gz_cmake_vendor:/opt/ros/jazzy DEBUGINFOD_URLS=https://debuginfod.ubuntu.com /usr/bin/cmake --build /home/tomoni11/Documents/ROS2/study_ws/build/ransac_pkg -- -j24 -l24
