In file included from [01m[K/home/tomoni11/Documents/ROS2/study_ws/src/ransac_pkg/src/circle_main.cpp:7[m[K:
[01m[K/home/tomoni11/Documents/ROS2/study_ws/src/ransac_pkg/include/ransac_pkg/circle_ransac.cpp:149:8:[m[K [01;31m[Kerror: [m[Kno declaration matches ‚Äò[01m[Kdouble RANSAC::[01;32m[Kfind_error[m[K(circle&, double&, double&) const[m[K‚Äô
  149 | double [01;31m[KRANSAC[m[K::find_error(circle &circle, double &_x, double &_y) const
      |        [01;31m[K^~~~~~[m[K
In file included from [01m[K/home/tomoni11/Documents/ROS2/study_ws/src/ransac_pkg/src/circle_main.cpp:6[m[K:
[01m[K/home/tomoni11/Documents/ROS2/study_ws/src/ransac_pkg/include/ransac_pkg/ransac.hpp:50:14:[m[K [01;36m[Knote: [m[Kcandidates are: ‚Äò[01m[Kdouble RANSAC::[01;32m[Kfind_error[m[K(line, double, double) const[m[K‚Äô
   50 |       double [01;36m[Kfind_error[m[K(line line_segment, double _x, double _y) const;
      |              [01;36m[K^~~~~~~~~~[m[K
[01m[K/home/tomoni11/Documents/ROS2/study_ws/src/ransac_pkg/include/ransac_pkg/ransac.hpp:49:14:[m[K [01;36m[Knote: [m[K                ‚Äò[01m[Kdouble RANSAC::[01;32m[Kfind_error[m[K(circle, double, double) const[m[K‚Äô
   49 |       double [01;36m[Kfind_error[m[K(circle circle, double _x, double _y) const;
      |              [01;36m[K^~~~~~~~~~[m[K
[01m[K/home/tomoni11/Documents/ROS2/study_ws/src/ransac_pkg/include/ransac_pkg/ransac.hpp:38:7:[m[K [01;36m[Knote: [m[K‚Äò[01m[Kclass RANSAC[m[K‚Äô defined here
   38 | class [01;36m[KRANSAC[m[K
      |       [01;36m[K^~~~~~[m[K
[01m[K/home/tomoni11/Documents/ROS2/study_ws/src/ransac_pkg/include/ransac_pkg/circle_ransac.cpp:154:8:[m[K [01;31m[Kerror: [m[Kno declaration matches ‚Äò[01m[Kdouble RANSAC::[01;32m[Kfind_error[m[K(line&, double&, double&) const[m[K‚Äô
  154 | double [01;31m[KRANSAC[m[K::find_error(line &line, double &_x, double &_y) const
      |        [01;31m[K^~~~~~[m[K
[01m[K/home/tomoni11/Documents/ROS2/study_ws/src/ransac_pkg/include/ransac_pkg/ransac.hpp:50:14:[m[K [01;36m[Knote: [m[Kcandidates are: ‚Äò[01m[Kdouble RANSAC::[01;32m[Kfind_error[m[K(line, double, double) const[m[K‚Äô
   50 |       double [01;36m[Kfind_error[m[K(line line_segment, double _x, double _y) const;
      |              [01;36m[K^~~~~~~~~~[m[K
[01m[K/home/tomoni11/Documents/ROS2/study_ws/src/ransac_pkg/include/ransac_pkg/ransac.hpp:49:14:[m[K [01;36m[Knote: [m[K                ‚Äò[01m[Kdouble RANSAC::[01;32m[Kfind_error[m[K(circle, double, double) const[m[K‚Äô
   49 |       double [01;36m[Kfind_error[m[K(circle circle, double _x, double _y) const;
      |              [01;36m[K^~~~~~~~~~[m[K
[01m[K/home/tomoni11/Documents/ROS2/study_ws/src/ransac_pkg/include/ransac_pkg/ransac.hpp:38:7:[m[K [01;36m[Knote: [m[K‚Äò[01m[Kclass RANSAC[m[K‚Äô defined here
   38 | class [01;36m[KRANSAC[m[K
      |       [01;36m[K^~~~~~[m[K
[01m[K/home/tomoni11/Documents/ROS2/study_ws/src/ransac_pkg/include/ransac_pkg/circle_ransac.cpp:[m[K In member function ‚Äò[01m[Kdouble RANSAC::[01;32m[Kget_theta[m[K(double, double, double) const[m[K‚Äô:
[01m[K/home/tomoni11/Documents/ROS2/study_ws/src/ransac_pkg/include/ransac_pkg/circle_ransac.cpp:189:45:[m[K [01;31m[Kerror: [m[K‚Äò[01m[Kpi[m[K‚Äô was not declared in this scope
  189 |                   return std::atan(slope) + [01;31m[Kpi[m[K; // Á¨¨‰∏âË±°Èôê
      |                                             [01;31m[K^~[m[K
[01m[K/home/tomoni11/Documents/ROS2/study_ws/src/ransac_pkg/include/ransac_pkg/circle_ransac.cpp:196:45:[m[K [01;31m[Kerror: [m[K‚Äò[01m[Kpi[m[K‚Äô was not declared in this scope
  196 |                   return std::atan(slope) + [01;31m[Kpi[m[K; // Á¨¨‰∫åË±°Èôê
      |                                             [01;31m[K^~[m[K
[01m[K/home/tomoni11/Documents/ROS2/study_ws/src/ransac_pkg/include/ransac_pkg/circle_ransac.cpp:200:49:[m[K [01;31m[Kerror: [m[K‚Äò[01m[Kpi[m[K‚Äô was not declared in this scope
  200 |                   return std::atan(slope) + 2 * [01;31m[Kpi[m[K; // Á¨¨ÂõõË±°Èôê
      |                                                 [01;31m[K^~[m[K
gmake[2]: *** [CMakeFiles/circle.dir/build.make:76: CMakeFiles/circle.dir/src/circle_main.cpp.o] „Ç®„É©„Éº 1
gmake[1]: *** [CMakeFiles/Makefile2:139: CMakeFiles/circle.dir/all] „Ç®„É©„Éº 2
gmake: *** [Makefile:146: all] „Ç®„É©„Éº 2
