[0.017s] Invoking command in '/home/tomoni11/Documents/ROS2/study_ws/build/ransac_pkg': CMAKE_PREFIX_PATH=/home/tomoni11/Documents/ROS2/study_ws/install/study_interface:/home/tomoni11/Documents/ROS2/study_ws/install/ransac_pkg:/home/tomoni11/Documents/ROS2/study_ws/install/make_cloud_pkg:/home/tomoni11/Documents/ROS2/study_ws/install/interface_pkg:/opt/ros/jazzy/opt/gz_sim_vendor:/opt/ros/jazzy/opt/gz_sensors_vendor:/opt/ros/jazzy/opt/gz_physics_vendor:/opt/ros/jazzy/opt/sdformat_vendor:/opt/ros/jazzy/opt/gz_gui_vendor:/opt/ros/jazzy/opt/gz_transport_vendor:/opt/ros/jazzy/opt/gz_rendering_vendor:/opt/ros/jazzy/opt/gz_plugin_vendor:/opt/ros/jazzy/opt/gz_fuel_tools_vendor:/opt/ros/jazzy/opt/gz_msgs_vendor:/opt/ros/jazzy/opt/gz_common_vendor:/opt/ros/jazzy/opt/gz_math_vendor:/opt/ros/jazzy/opt/gz_utils_vendor:/opt/ros/jazzy/opt/gz_tools_vendor:/opt/ros/jazzy/opt/gz_ogre_next_vendor:/opt/ros/jazzy/opt/gz_dartsim_vendor:/opt/ros/jazzy/opt/gz_cmake_vendor:/opt/ros/jazzy DEBUGINFOD_URLS=https://debuginfod.ubuntu.com /usr/bin/cmake --build /home/tomoni11/Documents/ROS2/study_ws/build/ransac_pkg -- -j24 -l24
[0.083s] [ 50%] Built target circle_drower
[0.086s] [ 75%] [32mBuilding CXX object CMakeFiles/circle.dir/src/circle_main.cpp.o[0m
[2.442s] In file included from [01m[K/home/tomoni11/Documents/ROS2/study_ws/src/ransac_pkg/src/circle_main.cpp:7[m[K:
[2.443s] [01m[K/home/tomoni11/Documents/ROS2/study_ws/src/ransac_pkg/include/ransac_pkg/circle_ransac.cpp:149:8:[m[K [01;31m[Kerror: [m[Kno declaration matches ‚Äò[01m[Kdouble RANSAC::[01;32m[Kfind_error[m[K(circle&, double&, double&) const[m[K‚Äô
[2.443s]   149 | double [01;31m[KRANSAC[m[K::find_error(circle &circle, double &_x, double &_y) const
[2.443s]       |        [01;31m[K^~~~~~[m[K
[2.443s] In file included from [01m[K/home/tomoni11/Documents/ROS2/study_ws/src/ransac_pkg/src/circle_main.cpp:6[m[K:
[2.443s] [01m[K/home/tomoni11/Documents/ROS2/study_ws/src/ransac_pkg/include/ransac_pkg/ransac.hpp:50:14:[m[K [01;36m[Knote: [m[Kcandidates are: ‚Äò[01m[Kdouble RANSAC::[01;32m[Kfind_error[m[K(line, double, double) const[m[K‚Äô
[2.443s]    50 |       double [01;36m[Kfind_error[m[K(line line_segment, double _x, double _y) const;
[2.443s]       |              [01;36m[K^~~~~~~~~~[m[K
[2.443s] [01m[K/home/tomoni11/Documents/ROS2/study_ws/src/ransac_pkg/include/ransac_pkg/ransac.hpp:49:14:[m[K [01;36m[Knote: [m[K                ‚Äò[01m[Kdouble RANSAC::[01;32m[Kfind_error[m[K(circle, double, double) const[m[K‚Äô
[2.443s]    49 |       double [01;36m[Kfind_error[m[K(circle circle, double _x, double _y) const;
[2.443s]       |              [01;36m[K^~~~~~~~~~[m[K
[2.443s] [01m[K/home/tomoni11/Documents/ROS2/study_ws/src/ransac_pkg/include/ransac_pkg/ransac.hpp:38:7:[m[K [01;36m[Knote: [m[K‚Äò[01m[Kclass RANSAC[m[K‚Äô defined here
[2.443s]    38 | class [01;36m[KRANSAC[m[K
[2.443s]       |       [01;36m[K^~~~~~[m[K
[2.443s] [01m[K/home/tomoni11/Documents/ROS2/study_ws/src/ransac_pkg/include/ransac_pkg/circle_ransac.cpp:154:8:[m[K [01;31m[Kerror: [m[Kno declaration matches ‚Äò[01m[Kdouble RANSAC::[01;32m[Kfind_error[m[K(line&, double&, double&) const[m[K‚Äô
[2.443s]   154 | double [01;31m[KRANSAC[m[K::find_error(line &line, double &_x, double &_y) const
[2.443s]       |        [01;31m[K^~~~~~[m[K
[2.443s] [01m[K/home/tomoni11/Documents/ROS2/study_ws/src/ransac_pkg/include/ransac_pkg/ransac.hpp:50:14:[m[K [01;36m[Knote: [m[Kcandidates are: ‚Äò[01m[Kdouble RANSAC::[01;32m[Kfind_error[m[K(line, double, double) const[m[K‚Äô
[2.443s]    50 |       double [01;36m[Kfind_error[m[K(line line_segment, double _x, double _y) const;
[2.443s]       |              [01;36m[K^~~~~~~~~~[m[K
[2.444s] [01m[K/home/tomoni11/Documents/ROS2/study_ws/src/ransac_pkg/include/ransac_pkg/ransac.hpp:49:14:[m[K [01;36m[Knote: [m[K                ‚Äò[01m[Kdouble RANSAC::[01;32m[Kfind_error[m[K(circle, double, double) const[m[K‚Äô
[2.444s]    49 |       double [01;36m[Kfind_error[m[K(circle circle, double _x, double _y) const;
[2.444s]       |              [01;36m[K^~~~~~~~~~[m[K
[2.444s] [01m[K/home/tomoni11/Documents/ROS2/study_ws/src/ransac_pkg/include/ransac_pkg/ransac.hpp:38:7:[m[K [01;36m[Knote: [m[K‚Äò[01m[Kclass RANSAC[m[K‚Äô defined here
[2.444s]    38 | class [01;36m[KRANSAC[m[K
[2.444s]       |       [01;36m[K^~~~~~[m[K
[2.450s] [01m[K/home/tomoni11/Documents/ROS2/study_ws/src/ransac_pkg/include/ransac_pkg/circle_ransac.cpp:[m[K In member function ‚Äò[01m[Kdouble RANSAC::[01;32m[Kget_theta[m[K(double, double, double) const[m[K‚Äô:
[2.450s] [01m[K/home/tomoni11/Documents/ROS2/study_ws/src/ransac_pkg/include/ransac_pkg/circle_ransac.cpp:189:45:[m[K [01;31m[Kerror: [m[K‚Äò[01m[Kpi[m[K‚Äô was not declared in this scope
[2.450s]   189 |                   return std::atan(slope) + [01;31m[Kpi[m[K; // Á¨¨‰∏âË±°Èôê
[2.450s]       |                                             [01;31m[K^~[m[K
[2.461s] [01m[K/home/tomoni11/Documents/ROS2/study_ws/src/ransac_pkg/include/ransac_pkg/circle_ransac.cpp:196:45:[m[K [01;31m[Kerror: [m[K‚Äò[01m[Kpi[m[K‚Äô was not declared in this scope
[2.461s]   196 |                   return std::atan(slope) + [01;31m[Kpi[m[K; // Á¨¨‰∫åË±°Èôê
[2.461s]       |                                             [01;31m[K^~[m[K
[2.464s] [01m[K/home/tomoni11/Documents/ROS2/study_ws/src/ransac_pkg/include/ransac_pkg/circle_ransac.cpp:200:49:[m[K [01;31m[Kerror: [m[K‚Äò[01m[Kpi[m[K‚Äô was not declared in this scope
[2.464s]   200 |                   return std::atan(slope) + 2 * [01;31m[Kpi[m[K; // Á¨¨ÂõõË±°Èôê
[2.464s]       |                                                 [01;31m[K^~[m[K
[4.721s] gmake[2]: *** [CMakeFiles/circle.dir/build.make:76: CMakeFiles/circle.dir/src/circle_main.cpp.o] „Ç®„É©„Éº 1
[4.721s] gmake[1]: *** [CMakeFiles/Makefile2:139: CMakeFiles/circle.dir/all] „Ç®„É©„Éº 2
[4.721s] gmake: *** [Makefile:146: all] „Ç®„É©„Éº 2
[4.723s] Invoked command in '/home/tomoni11/Documents/ROS2/study_ws/build/ransac_pkg' returned '2': CMAKE_PREFIX_PATH=/home/tomoni11/Documents/ROS2/study_ws/install/study_interface:/home/tomoni11/Documents/ROS2/study_ws/install/ransac_pkg:/home/tomoni11/Documents/ROS2/study_ws/install/make_cloud_pkg:/home/tomoni11/Documents/ROS2/study_ws/install/interface_pkg:/opt/ros/jazzy/opt/gz_sim_vendor:/opt/ros/jazzy/opt/gz_sensors_vendor:/opt/ros/jazzy/opt/gz_physics_vendor:/opt/ros/jazzy/opt/sdformat_vendor:/opt/ros/jazzy/opt/gz_gui_vendor:/opt/ros/jazzy/opt/gz_transport_vendor:/opt/ros/jazzy/opt/gz_rendering_vendor:/opt/ros/jazzy/opt/gz_plugin_vendor:/opt/ros/jazzy/opt/gz_fuel_tools_vendor:/opt/ros/jazzy/opt/gz_msgs_vendor:/opt/ros/jazzy/opt/gz_common_vendor:/opt/ros/jazzy/opt/gz_math_vendor:/opt/ros/jazzy/opt/gz_utils_vendor:/opt/ros/jazzy/opt/gz_tools_vendor:/opt/ros/jazzy/opt/gz_ogre_next_vendor:/opt/ros/jazzy/opt/gz_dartsim_vendor:/opt/ros/jazzy/opt/gz_cmake_vendor:/opt/ros/jazzy DEBUGINFOD_URLS=https://debuginfod.ubuntu.com /usr/bin/cmake --build /home/tomoni11/Documents/ROS2/study_ws/build/ransac_pkg -- -j24 -l24
