[ 25%] [32mBuilding CXX object CMakeFiles/listener.dir/src/ransac_think.cpp.o[0m
[ 50%] [32mBuilding CXX object CMakeFiles/drawer.dir/src/ransac_drower.cpp.o[0m
[01m[K/home/tomoni11/Documents/ROS2/asobi_ws/src/simple_ransac_pkg/src/ransac_drower.cpp:2:10:[m[K [01;31m[Kfatal error: [m[Kmatplotlibcpp.h: ãã®ã‚ˆã†ãªãƒ•ã‚¡ã‚¤ãƒ«ã‚„ãƒ‡ã‚£ãƒ¬ã‚¯ãƒˆãƒªã¯ã‚ã‚Šã¾ã›ã‚“
    2 | #include [01;31m[K"matplotlibcpp.h"[m[K
      |          [01;31m[K^~~~~~~~~~~~~~~~~[m[K
compilation terminated.
gmake[2]: *** [CMakeFiles/drawer.dir/build.make:76: CMakeFiles/drawer.dir/src/ransac_drower.cpp.o] ã‚¨ãƒ©ãƒ¼ 1
gmake[1]: *** [CMakeFiles/Makefile2:165: CMakeFiles/drawer.dir/all] ã‚¨ãƒ©ãƒ¼ 2
gmake[1]: *** æœªå®Œäº†ã®ã‚¸ãƒ§ãƒ–ã‚’å¾…ã£ã¦ã„ã¾ã™....
[01m[K/home/tomoni11/Documents/ROS2/asobi_ws/src/simple_ransac_pkg/src/ransac_think.cpp:11:10:[m[K [01;31m[Kfatal error: [m[Kransac.cpp: ãã®ã‚ˆã†ãªãƒ•ã‚¡ã‚¤ãƒ«ã‚„ãƒ‡ã‚£ãƒ¬ã‚¯ãƒˆãƒªã¯ã‚ã‚Šã¾ã›ã‚“
   11 | #include [01;31m[K"ransac.cpp"[m[K
      |          [01;31m[K^~~~~~~~~~~~[m[K
compilation terminated.
gmake[2]: *** [CMakeFiles/listener.dir/build.make:76: CMakeFiles/listener.dir/src/ransac_think.cpp.o] ã‚¨ãƒ©ãƒ¼ 1
gmake[1]: *** [CMakeFiles/Makefile2:139: CMakeFiles/listener.dir/all] ã‚¨ãƒ©ãƒ¼ 2
gmake: *** [Makefile:146: all] ã‚¨ãƒ©ãƒ¼ 2
