In file included from [01m[K/home/tomoni11/Documents/ROS2/asobi_ws/src/lider_to_fp/src/ransac_main.cpp:11[m[K:
[01m[K/home/tomoni11/Documents/ROS2/asobi_ws/src/lider_to_fp/include/ransac.cpp:183:2:[m[K [01;31m[Kerror: [m[Kexpected ‘[01m[K;[m[K’ after class definition
  183 | }
      |  [01;31m[K^[m[K
      |  [32m[K;[m[K
[01m[K/home/tomoni11/Documents/ROS2/asobi_ws/src/lider_to_fp/include/ransac.cpp:[m[K In member function ‘[01m[Kstd::vector<line_segment> cloud_prosess::[01;32m[Kransac[m[K(int, int, double, int)[m[K’:
[01m[K/home/tomoni11/Documents/ROS2/asobi_ws/src/lider_to_fp/include/ransac.cpp:68:43:[m[K [01;35m[Kwarning: [m[Kcomparison of integer expressions of different signedness: ‘[01m[Kint[m[K’ and ‘[01m[Kstd::vector<double, std::allocator<double> >::size_type[m[K’ {aka ‘[01m[Klong unsigned int[m[K’} [[01;35m[K]8;;https://gcc.gnu.org/onlinedocs/gcc/Warning-Options.html#index-Wsign-compare-Wsign-compare]8;;[m[K]
   68 |                         for (int j = 0; [01;35m[Kj < _x.size()[m[K; j++)
      |                                         [01;35m[K~~^~~~~~~~~~~[m[K
[01m[K/home/tomoni11/Documents/ROS2/asobi_ws/src/lider_to_fp/include/ransac.cpp:82:49:[m[K [01;35m[Kwarning: [m[Kcomparison of integer expressions of different signedness: ‘[01m[Kint[m[K’ and ‘[01m[Kstd::vector<double, std::allocator<double> >::size_type[m[K’ {aka ‘[01m[Klong unsigned int[m[K’} [[01;35m[K]8;;https://gcc.gnu.org/onlinedocs/gcc/Warning-Options.html#index-Wsign-compare-Wsign-compare]8;;[m[K]
   82 |                               for (int k = 1; [01;35m[Kk < inlier_x.size() - 1[m[K; k++)
      |                                               [01;35m[K~~^~~~~~~~~~~~~~~~~~~~~[m[K
[01m[K/home/tomoni11/Documents/ROS2/asobi_ws/src/lider_to_fp/include/ransac.cpp:36:120:[m[K [01;35m[Kwarning: [m[Kunused parameter ‘[01m[KMinimum_guarantee[m[K’ [[01;35m[K]8;;https://gcc.gnu.org/onlinedocs/gcc/Warning-Options.html#index-Wunused-parameter-Wunused-parameter]8;;[m[K]
   36 |  int max_iterations, const double threshold, [01;35m[Kint const Minimum_guarantee[m[K)
      |                                              [01;35m[K~~~~~~~~~~^~~~~~~~~~~~~~~~~[m[K

gmake[2]: *** [CMakeFiles/ransac_unit.dir/build.make:76: CMakeFiles/ransac_unit.dir/src/ransac_main.cpp.o] エラー 1
gmake[1]: *** [CMakeFiles/Makefile2:139: CMakeFiles/ransac_unit.dir/all] エラー 2
gmake[1]: *** 未完了のジョブを待っています....
gmake: *** [Makefile:146: all] エラー 2
