-- Found ament_cmake: 2.5.3 (/opt/ros/jazzy/share/ament_cmake/cmake)
-- Found rclcpp: 28.1.6 (/opt/ros/jazzy/share/rclcpp/cmake)
-- Found rosidl_generator_c: 4.6.5 (/opt/ros/jazzy/share/rosidl_generator_c/cmake)
-- Found rosidl_generator_cpp: 4.6.5 (/opt/ros/jazzy/share/rosidl_generator_cpp/cmake)
-- Using all available rosidl_typesupport_c: rosidl_typesupport_fastrtps_c;rosidl_typesupport_introspection_c
-- Using all available rosidl_typesupport_cpp: rosidl_typesupport_fastrtps_cpp;rosidl_typesupport_introspection_cpp
-- Found rmw_implementation_cmake: 7.3.1 (/opt/ros/jazzy/share/rmw_implementation_cmake/cmake)
-- Found rmw_fastrtps_cpp: 8.4.1 (/opt/ros/jazzy/share/rmw_fastrtps_cpp/cmake)
-- Using RMW implementation 'rmw_fastrtps_cpp' as default
-- Found std_msgs: 5.3.5 (/opt/ros/jazzy/share/std_msgs/cmake)
-- Found sensor_msgs: 5.3.5 (/opt/ros/jazzy/share/sensor_msgs/cmake)
-- Found interface_pkg: 0.0.0 (/home/tomoni11/Documents/ROS2/asobi_ws/install/interface_pkg/share/interface_pkg/cmake)
-- Found ament_lint_auto: 0.17.1 (/opt/ros/jazzy/share/ament_lint_auto/cmake)
-- Added test 'cppcheck' to perform static code analysis on C / C++ code
-- Configured cppcheck include dirs: /home/tomoni11/Documents/ROS2/asobi_ws/src/lider_to_fp/include
-- Configured cppcheck exclude dirs and/or files: 
-- Added test 'lint_cmake' to check CMake code style
-- Added test 'uncrustify' to check C / C++ code style
-- Configured uncrustify additional arguments: 
-- Added test 'xmllint' to check XML markup files
-- Configuring done (0.5s)
-- Generating done (0.0s)
-- Build files have been written to: /home/tomoni11/Documents/ROS2/asobi_ws/build/lider_to_fp
[ 25%] [32mBuilding CXX object CMakeFiles/ransac_unit.dir/src/ransac_main.cpp.o[0m
[ 50%] [32mBuilding CXX object CMakeFiles/serial_talker.dir/src/serial_talker.cpp.o[0m
In file included from [01m[K/home/tomoni11/Documents/ROS2/asobi_ws/src/lider_to_fp/src/ransac_main.cpp:11[m[K:
[01m[K/home/tomoni11/Documents/ROS2/asobi_ws/src/lider_to_fp/include/ransac.cpp:183:2:[m[K [01;31m[Kerror: [m[Kexpected â€˜[01m[K;[m[Kâ€™ after class definition
  183 | }
      |  [01;31m[K^[m[K
      |  [32m[K;[m[K
[01m[K/home/tomoni11/Documents/ROS2/asobi_ws/src/lider_to_fp/include/ransac.cpp:[m[K In member function â€˜[01m[Kstd::vector<line_segment> cloud_prosess::[01;32m[Kransac[m[K(int, int, double, int)[m[Kâ€™:
[01m[K/home/tomoni11/Documents/ROS2/asobi_ws/src/lider_to_fp/include/ransac.cpp:68:43:[m[K [01;35m[Kwarning: [m[Kcomparison of integer expressions of different signedness: â€˜[01m[Kint[m[Kâ€™ and â€˜[01m[Kstd::vector<double, std::allocator<double> >::size_type[m[Kâ€™ {aka â€˜[01m[Klong unsigned int[m[Kâ€™} [[01;35m[K]8;;https://gcc.gnu.org/onlinedocs/gcc/Warning-Options.html#index-Wsign-compare-Wsign-compare]8;;[m[K]
   68 |                         for (int j = 0; [01;35m[Kj < _x.size()[m[K; j++)
      |                                         [01;35m[K~~^~~~~~~~~~~[m[K
[01m[K/home/tomoni11/Documents/ROS2/asobi_ws/src/lider_to_fp/include/ransac.cpp:82:49:[m[K [01;35m[Kwarning: [m[Kcomparison of integer expressions of different signedness: â€˜[01m[Kint[m[Kâ€™ and â€˜[01m[Kstd::vector<double, std::allocator<double> >::size_type[m[Kâ€™ {aka â€˜[01m[Klong unsigned int[m[Kâ€™} [[01;35m[K]8;;https://gcc.gnu.org/onlinedocs/gcc/Warning-Options.html#index-Wsign-compare-Wsign-compare]8;;[m[K]
   82 |                               for (int k = 1; [01;35m[Kk < inlier_x.size() - 1[m[K; k++)
      |                                               [01;35m[K~~^~~~~~~~~~~~~~~~~~~~~[m[K
[01m[K/home/tomoni11/Documents/ROS2/asobi_ws/src/lider_to_fp/include/ransac.cpp:36:120:[m[K [01;35m[Kwarning: [m[Kunused parameter â€˜[01m[KMinimum_guarantee[m[Kâ€™ [[01;35m[K]8;;https://gcc.gnu.org/onlinedocs/gcc/Warning-Options.html#index-Wunused-parameter-Wunused-parameter]8;;[m[K]
   36 |  int max_iterations, const double threshold, [01;35m[Kint const Minimum_guarantee[m[K)
      |                                              [01;35m[K~~~~~~~~~~^~~~~~~~~~~~~~~~~[m[K

gmake[2]: *** [CMakeFiles/ransac_unit.dir/build.make:76: CMakeFiles/ransac_unit.dir/src/ransac_main.cpp.o] ã‚¨ãƒ©ãƒ¼ 1
gmake[1]: *** [CMakeFiles/Makefile2:139: CMakeFiles/ransac_unit.dir/all] ã‚¨ãƒ©ãƒ¼ 2
gmake[1]: *** æœªå®Œäº†ã®ã‚¸ãƒ§ãƒ–ã‚’å¾…ã£ã¦ã„ã¾ã™....
[ 75%] [32m[1mLinking CXX executable serial_talker[0m
[ 75%] Built target serial_talker
gmake: *** [Makefile:146: all] ã‚¨ãƒ©ãƒ¼ 2
