[0.008s] Invoking command in '/home/tomoni11/Documents/ROS2/study_ws/build/ransac_pkg': CMAKE_PREFIX_PATH=/home/tomoni11/Documents/ROS2/study_ws/install/study_interface:/home/tomoni11/Documents/ROS2/study_ws/install/ransac_pkg:/home/tomoni11/Documents/ROS2/study_ws/install/make_cloud_pkg:/home/tomoni11/Documents/ROS2/study_ws/install/interface_pkg:/opt/ros/jazzy/opt/gz_sim_vendor:/opt/ros/jazzy/opt/gz_sensors_vendor:/opt/ros/jazzy/opt/gz_physics_vendor:/opt/ros/jazzy/opt/sdformat_vendor:/opt/ros/jazzy/opt/gz_gui_vendor:/opt/ros/jazzy/opt/gz_transport_vendor:/opt/ros/jazzy/opt/gz_rendering_vendor:/opt/ros/jazzy/opt/gz_plugin_vendor:/opt/ros/jazzy/opt/gz_fuel_tools_vendor:/opt/ros/jazzy/opt/gz_msgs_vendor:/opt/ros/jazzy/opt/gz_common_vendor:/opt/ros/jazzy/opt/gz_math_vendor:/opt/ros/jazzy/opt/gz_utils_vendor:/opt/ros/jazzy/opt/gz_tools_vendor:/opt/ros/jazzy/opt/gz_ogre_next_vendor:/opt/ros/jazzy/opt/gz_dartsim_vendor:/opt/ros/jazzy/opt/gz_cmake_vendor:/opt/ros/jazzy DEBUGINFOD_URLS=https://debuginfod.ubuntu.com /usr/bin/cmake --build /home/tomoni11/Documents/ROS2/study_ws/build/ransac_pkg -- -j24 -l24
[0.065s] [ 50%] Built target circle_drower
[0.070s] [ 75%] [32mBuilding CXX object CMakeFiles/circle.dir/src/circle_main.cpp.o[0m
[2.070s] In file included from [01m[K/home/tomoni11/Documents/ROS2/study_ws/src/ransac_pkg/src/circle_main.cpp:7[m[K:
[2.070s] [01m[K/home/tomoni11/Documents/ROS2/study_ws/src/ransac_pkg/include/ransac_pkg/circle_ransac.cpp:[m[K In member function â€˜[01m[Kstd::vector<circle> RANSAC::[01;32m[Kcircle_ransac[m[K(int)[m[Kâ€™:
[2.070s] [01m[K/home/tomoni11/Documents/ROS2/study_ws/src/ransac_pkg/include/ransac_pkg/circle_ransac.cpp:49:39:[m[K [01;31m[Kerror: [m[Kbinding reference of type â€˜[01m[Kdouble&[m[Kâ€™ to â€˜[01m[Kconst __gnu_cxx::__alloc_traits<std::allocator<double>, double>::value_type[m[Kâ€™ {aka â€˜[01m[Kconst double[m[Kâ€™} discards qualifiers
[2.070s]    49 |                         if ([01;31m[Kfind_error(guess_circle, _x[j], _y[j])[m[K < threshold && !inlier[j])
[2.070s]       |                             [01;31m[K~~~~~~~~~~^~~~~~~~~~~~~~~~~~~~~~~~~~~~[m[K
[2.070s] In file included from [01m[K/home/tomoni11/Documents/ROS2/study_ws/src/ransac_pkg/src/circle_main.cpp:6[m[K:
[2.070s] [01m[K/home/tomoni11/Documents/ROS2/study_ws/src/ransac_pkg/include/ransac_pkg/ransac.hpp:51:49:[m[K [01;36m[Knote: [m[K  initializing argument 2 of â€˜[01m[Kdouble RANSAC::[01;32m[Kfind_error[m[K(circle&, double&, double&) const[m[Kâ€™
[2.070s]    51 |       double find_error(circle &circle, [01;36m[Kdouble &_x[m[K, double &_y) const;
[2.071s]       |                                         [01;36m[K~~~~~~~~^~[m[K
[2.073s] [01m[K/home/tomoni11/Documents/ROS2/study_ws/src/ransac_pkg/include/ransac_pkg/circle_ransac.cpp:[m[K In member function â€˜[01m[Kstd::vector<line_segment> RANSAC::[01;32m[Kline_ransac[m[K(int)[m[Kâ€™:
[2.073s] [01m[K/home/tomoni11/Documents/ROS2/study_ws/src/ransac_pkg/include/ransac_pkg/circle_ransac.cpp:112:39:[m[K [01;31m[Kerror: [m[Kbinding reference of type â€˜[01m[Kdouble&[m[Kâ€™ to â€˜[01m[Kconst __gnu_cxx::__alloc_traits<std::allocator<double>, double>::value_type[m[Kâ€™ {aka â€˜[01m[Kconst double[m[Kâ€™} discards qualifiers
[2.073s]   112 |                         if ([01;31m[Kfind_error(guess_line, _x[j], _y[j])[m[K < threshold && !inlier[j])
[2.073s]       |                             [01;31m[K~~~~~~~~~~^~~~~~~~~~~~~~~~~~~~~~~~~~[m[K
[2.073s] [01m[K/home/tomoni11/Documents/ROS2/study_ws/src/ransac_pkg/include/ransac_pkg/ransac.hpp:52:53:[m[K [01;36m[Knote: [m[K  initializing argument 2 of â€˜[01m[Kdouble RANSAC::[01;32m[Kfind_error[m[K(line&, double&, double&) const[m[Kâ€™
[2.074s]    52 |       double find_error(line &line_segment, [01;36m[Kdouble &_x[m[K, double &_y) const;
[2.074s]       |                                             [01;36m[K~~~~~~~~^~[m[K
[3.658s] gmake[2]: *** [CMakeFiles/circle.dir/build.make:76: CMakeFiles/circle.dir/src/circle_main.cpp.o] ã‚¨ãƒ©ãƒ¼ 1
[3.658s] gmake[1]: *** [CMakeFiles/Makefile2:139: CMakeFiles/circle.dir/all] ã‚¨ãƒ©ãƒ¼ 2
[3.658s] gmake: *** [Makefile:146: all] ã‚¨ãƒ©ãƒ¼ 2
[3.660s] Invoked command in '/home/tomoni11/Documents/ROS2/study_ws/build/ransac_pkg' returned '2': CMAKE_PREFIX_PATH=/home/tomoni11/Documents/ROS2/study_ws/install/study_interface:/home/tomoni11/Documents/ROS2/study_ws/install/ransac_pkg:/home/tomoni11/Documents/ROS2/study_ws/install/make_cloud_pkg:/home/tomoni11/Documents/ROS2/study_ws/install/interface_pkg:/opt/ros/jazzy/opt/gz_sim_vendor:/opt/ros/jazzy/opt/gz_sensors_vendor:/opt/ros/jazzy/opt/gz_physics_vendor:/opt/ros/jazzy/opt/sdformat_vendor:/opt/ros/jazzy/opt/gz_gui_vendor:/opt/ros/jazzy/opt/gz_transport_vendor:/opt/ros/jazzy/opt/gz_rendering_vendor:/opt/ros/jazzy/opt/gz_plugin_vendor:/opt/ros/jazzy/opt/gz_fuel_tools_vendor:/opt/ros/jazzy/opt/gz_msgs_vendor:/opt/ros/jazzy/opt/gz_common_vendor:/opt/ros/jazzy/opt/gz_math_vendor:/opt/ros/jazzy/opt/gz_utils_vendor:/opt/ros/jazzy/opt/gz_tools_vendor:/opt/ros/jazzy/opt/gz_ogre_next_vendor:/opt/ros/jazzy/opt/gz_dartsim_vendor:/opt/ros/jazzy/opt/gz_cmake_vendor:/opt/ros/jazzy DEBUGINFOD_URLS=https://debuginfod.ubuntu.com /usr/bin/cmake --build /home/tomoni11/Documents/ROS2/study_ws/build/ransac_pkg -- -j24 -l24
